{"meta": {"format": 3, "version": "7.13.5", "timestamp": "2026-04-26T09:50:29.764209", "branch_coverage": false, "show_contexts": false}, "files": {"src/jarvis/agents/subagent_registry.py": {"executed_lines": [34, 36, 37, 39, 44, 46, 61, 62, 83, 95, 121, 130, 136], "summary": {"covered_lines": 13, "num_statements": 13, "percent_covered": 100.0, "percent_covered_display": "100", "missing_lines": 0, "excluded_lines": 2, "percent_statements_covered": 100.0, "percent_statements_covered_display": "100"}, "missing_lines": [], "excluded_lines": [41, 42], "functions": {"build_async_subagents": {"executed_lines": [121, 130, 136], "summary": {"covered_lines": 3, "num_statements": 3, "percent_covered": 100.0, "percent_covered_display": "100", "missing_lines": 0, "excluded_lines": 0, "percent_statements_covered": 100.0, "percent_statements_covered_display": "100"}, "missing_lines": [], "excluded_lines": [], "start_line": 95}, "": {"executed_lines": [34, 36, 37, 39, 44, 46, 61, 62, 83, 95], "summary": {"covered_lines": 10, "num_statements": 10, "percent_covered": 100.0, "percent_covered_display": "100", "missing_lines": 0, "excluded_lines": 2, "percent_statements_covered": 100.0, "percent_statements_covered_display": "100"}, "missing_lines": [], "excluded_lines": [41, 42], "start_line": 1}}, "classes": {"": {"executed_lines": [34, 36, 37, 39, 44, 46, 61, 62, 83, 95, 121, 130, 136], "summary": {"covered_lines": 13, "num_statements": 13, "percent_covered": 100.0, "percent_covered_display": "100", "missing_lines": 0, "excluded_lines": 2, "percent_statements_covered": 100.0, "percent_statements_covered_display": "100"}, "missing_lines": [], "excluded_lines": [41, 42], "start_line": 1}}}, "src/jarvis/agents/supervisor.py": {"executed_lines": [25, 27, 28, 29, 30, 32, 33, 34, 36, 46, 51, 58, 61, 76, 77, 78, 79, 93, 96, 135, 137, 139, 145, 148, 244, 255, 258, 261, 272, 302, 317, 318, 333, 334], "summary": {"covered_lines": 34, "num_statements": 36, "percent_covered": 94.44444444444444, "percent_covered_display": "94", "missing_lines": 2, "excluded_lines": 6, "percent_statements_covered": 94.44444444444444, "percent_statements_covered_display": "94"}, "missing_lines": [319, 325], "excluded_lines": [38, 39, 40, 41, 43, 44], "functions": {"_render_available_capabilities": {"executed_lines": [76, 77, 78, 79], "summary": {"covered_lines": 4, "num_statements": 4, "percent_covered": 100.0, "percent_covered_display": "100", "missing_lines": 0, "excluded_lines": 0, "percent_statements_covered": 100.0, "percent_statements_covered_display": "100"}, "missing_lines": [], "excluded_lines": [], "start_line": 61}, "_default_ambient_tool_factory": {"executed_lines": [135, 145], "summary": {"covered_lines": 2, "num_statements": 2, "percent_covered": 100.0, "percent_covered_display": "100", "missing_lines": 0, "excluded_lines": 0, "percent_statements_covered": 100.0, "percent_statements_covered_display": "100"}, "missing_lines": [], "excluded_lines": [], "start_line": 96}, "_default_ambient_tool_factory._factory": {"executed_lines": [137, 139], "summary": {"covered_lines": 2, "num_statements": 2, "percent_covered": 100.0, "percent_covered_display": "100", "missing_lines": 0, "excluded_lines": 0, "percent_statements_covered": 100.0, "percent_statements_covered_display": "100"}, "missing_lines": [], "excluded_lines": [], "start_line": 135}, "build_supervisor": {"executed_lines": [244, 255, 258, 261, 272, 302, 317, 318, 333, 334], "summary": {"covered_lines": 10, "num_statements": 12, "percent_covered": 83.33333333333333, "percent_covered_display": "83", "missing_lines": 2, "excluded_lines": 0, "percent_statements_covered": 83.33333333333333, "percent_statements_covered_display": "83"}, "missing_lines": [319, 325], "excluded_lines": [], "start_line": 148}, "": {"executed_lines": [25, 27, 28, 29, 30, 32, 33, 34, 36, 46, 51, 58, 61, 93, 96, 148], "summary": {"covered_lines": 16, "num_statements": 16, "percent_covered": 100.0, "percent_covered_display": "100", "missing_lines": 0, "excluded_lines": 6, "percent_statements_covered": 100.0, "percent_statements_covered_display": "100"}, "missing_lines": [], "excluded_lines": [38, 39, 40, 41, 43, 44], "start_line": 1}}, "classes": {"": {"executed_lines": [25, 27, 28, 29, 30, 32, 33, 34, 36, 46, 51, 58, 61, 76, 77, 78, 79, 93, 96, 135, 137, 139, 145, 148, 244, 255, 258, 261, 272, 302, 317, 318, 333, 334], "summary": {"covered_lines": 34, "num_statements": 36, "percent_covered": 94.44444444444444, "percent_covered_display": "94", "missing_lines": 2, "excluded_lines": 6, "percent_statements_covered": 94.44444444444444, "percent_statements_covered_display": "94"}, "missing_lines": [319, 325], "excluded_lines": [38, 39, 40, 41, 43, 44], "start_line": 1}}}, "src/jarvis/prompts/supervisor_prompt.py": {"executed_lines": [42, 44], "summary": {"covered_lines": 2, "num_statements": 2, "percent_covered": 100.0, "percent_covered_display": "100", "missing_lines": 0, "excluded_lines": 0, "percent_statements_covered": 100.0, "percent_statements_covered_display": "100"}, "missing_lines": [], "excluded_lines": [], "functions": {"": {"executed_lines": [42, 44], "summary": {"covered_lines": 2, "num_statements": 2, "percent_covered": 100.0, "percent_covered_display": "100", "missing_lines": 0, "excluded_lines": 0, "percent_statements_covered": 100.0, "percent_statements_covered_display": "100"}, "missing_lines": [], "excluded_lines": [], "start_line": 1}}, "classes": {"": {"executed_lines": [42, 44], "summary": {"covered_lines": 2, "num_statements": 2, "percent_covered": 100.0, "percent_covered_display": "100", "missing_lines": 0, "excluded_lines": 0, "percent_statements_covered": 100.0, "percent_statements_covered_display": "100"}, "missing_lines": [], "excluded_lines": [], "start_line": 1}}}}, "totals": {"covered_lines": 49, "num_statements": 51, "percent_covered": 96.07843137254902, "percent_covered_display": "96", "missing_lines": 2, "excluded_lines": 8, "percent_statements_covered": 96.07843137254902, "percent_statements_covered_display": "96"}}