{"meta": {"format": 3, "version": "7.13.5", "timestamp": "2026-04-26T10:17:43.878241", "branch_coverage": false, "show_contexts": false}, "files": {"src/jarvis/__init__.py": {"executed_lines": [3], "summary": {"covered_lines": 1, "num_statements": 1, "percent_covered": 100.0, "percent_covered_display": "100", "missing_lines": 0, "excluded_lines": 0, "percent_statements_covered": 100.0, "percent_statements_covered_display": "100"}, "missing_lines": [], "excluded_lines": [], "functions": {"": {"executed_lines": [3], "summary": {"covered_lines": 1, "num_statements": 1, "percent_covered": 100.0, "percent_covered_display": "100", "missing_lines": 0, "excluded_lines": 0, "percent_statements_covered": 100.0, "percent_statements_covered_display": "100"}, "missing_lines": [], "excluded_lines": [], "start_line": 1}}, "classes": {"": {"executed_lines": [3], "summary": {"covered_lines": 1, "num_statements": 1, "percent_covered": 100.0, "percent_covered_display": "100", "missing_lines": 0, "excluded_lines": 0, "percent_statements_covered": 100.0, "percent_statements_covered_display": "100"}, "missing_lines": [], "excluded_lines": [], "start_line": 1}}}, "src/jarvis/adapters/__init__.py": {"executed_lines": [], "summary": {"covered_lines": 0, "num_statements": 3, "percent_covered": 0.0, "percent_covered_display": "0", "missing_lines": 3, "excluded_lines": 0, "percent_statements_covered": 0.0, "percent_statements_covered_display": "0"}, "missing_lines": [14, 15, 17], "excluded_lines": [], "functions": {"": {"executed_lines": [], "summary": {"covered_lines": 0, "num_statements": 3, "percent_covered": 0.0, "percent_covered_display": "0", "missing_lines": 3, "excluded_lines": 0, "percent_statements_covered": 0.0, "percent_statements_covered_display": "0"}, "missing_lines": [14, 15, 17], "excluded_lines": [], "start_line": 1}}, "classes": {"": {"executed_lines": [], "summary": {"covered_lines": 0, "num_statements": 3, "percent_covered": 0.0, "percent_covered_display": "0", "missing_lines": 3, "excluded_lines": 0, "percent_statements_covered": 0.0, "percent_statements_covered_display": "0"}, "missing_lines": [14, 15, 17], "excluded_lines": [], "start_line": 1}}}, "src/jarvis/adapters/llamaswap.py": {"executed_lines": [], "summary": {"covered_lines": 0, "num_statements": 12, "percent_covered": 0.0, "percent_covered_display": "0", "missing_lines": 12, "excluded_lines": 0, "percent_statements_covered": 0.0, "percent_statements_covered_display": "0"}, "missing_lines": [25, 27, 29, 31, 34, 67, 73, 74, 76, 97, 98, 99], "excluded_lines": [], "functions": {"LlamaSwapAdapter.__init__": {"executed_lines": [], "summary": {"covered_lines": 0, "num_statements": 2, "percent_covered": 0.0, "percent_covered_display": "0", "missing_lines": 2, "excluded_lines": 0, "percent_statements_covered": 0.0, "percent_statements_covered_display": "0"}, "missing_lines": [73, 74], "excluded_lines": [], "start_line": 67}, "LlamaSwapAdapter.get_status": {"executed_lines": [], "summary": {"covered_lines": 0, "num_statements": 3, "percent_covered": 0.0, "percent_covered_display": "0", "missing_lines": 3, "excluded_lines": 0, "percent_statements_covered": 0.0, "percent_statements_covered_display": "0"}, "missing_lines": [97, 98, 99], "excluded_lines": [], "start_line": 76}, "": {"executed_lines": [], "summary": {"covered_lines": 0, "num_statements": 7, "percent_covered": 0.0, "percent_covered_display": "0", "missing_lines": 7, "excluded_lines": 0, "percent_statements_covered": 0.0, "percent_statements_covered_display": "0"}, "missing_lines": [25, 27, 29, 31, 34, 67, 76], "excluded_lines": [], "start_line": 1}}, "classes": {"LlamaSwapAdapter": {"executed_lines": [], "summary": {"covered_lines": 0, "num_statements": 5, "percent_covered": 0.0, "percent_covered_display": "0", "missing_lines": 5, "excluded_lines": 0, "percent_statements_covered": 0.0, "percent_statements_covered_display": "0"}, "missing_lines": [73, 74, 97, 98, 99], "excluded_lines": [], "start_line": 34}, "": {"executed_lines": [], "summary": {"covered_lines": 0, "num_statements": 7, "percent_covered": 0.0, "percent_covered_display": "0", "missing_lines": 7, "excluded_lines": 0, "percent_statements_covered": 0.0, "percent_statements_covered_display": "0"}, "missing_lines": [25, 27, 29, 31, 34, 67, 76], "excluded_lines": [], "start_line": 1}}}, "src/jarvis/adapters/types.py": {"executed_lines": [], "summary": {"covered_lines": 0, "num_statements": 9, "percent_covered": 0.0, "percent_covered_display": "0", "missing_lines": 9, "excluded_lines": 0, "percent_statements_covered": 0.0, "percent_statements_covered_display": "0"}, "missing_lines": [18, 20, 22, 24, 27, 44, 46, 47, 48], "excluded_lines": [], "functions": {"": {"executed_lines": [], "summary": {"covered_lines": 0, "num_statements": 9, "percent_covered": 0.0, "percent_covered_display": "0", "missing_lines": 9, "excluded_lines": 0, "percent_statements_covered": 0.0, "percent_statements_covered_display": "0"}, "missing_lines": [18, 20, 22, 24, 27, 44, 46, 47, 48], "excluded_lines": [], "start_line": 1}}, "classes": {"SwapStatus": {"executed_lines": [], "summary": {"covered_lines": 0, "num_statements": 0, "percent_covered": 100.0, "percent_covered_display": "100", "missing_lines": 0, "excluded_lines": 0, "percent_statements_covered": 100.0, "percent_statements_covered_display": "100"}, "missing_lines": [], "excluded_lines": [], "start_line": 27}, "": {"executed_lines": [], "summary": {"covered_lines": 0, "num_statements": 9, "percent_covered": 0.0, "percent_covered_display": "0", "missing_lines": 9, "excluded_lines": 0, "percent_statements_covered": 0.0, "percent_statements_covered_display": "0"}, "missing_lines": [18, 20, 22, 24, 27, 44, 46, 47, 48], "excluded_lines": [], "start_line": 1}}}, "src/jarvis/agents/__init__.py": {"executed_lines": [8, 10], "summary": {"covered_lines": 2, "num_statements": 2, "percent_covered": 100.0, "percent_covered_display": "100", "missing_lines": 0, "excluded_lines": 0, "percent_statements_covered": 100.0, "percent_statements_covered_display": "100"}, "missing_lines": [], "excluded_lines": [], "functions": {"": {"executed_lines": [8, 10], "summary": {"covered_lines": 2, "num_statements": 2, "percent_covered": 100.0, "percent_covered_display": "100", "missing_lines": 0, "excluded_lines": 0, "percent_statements_covered": 100.0, "percent_statements_covered_display": "100"}, "missing_lines": [], "excluded_lines": [], "start_line": 1}}, "classes": {"": {"executed_lines": [8, 10], "summary": {"covered_lines": 2, "num_statements": 2, "percent_covered": 100.0, "percent_covered_display": "100", "missing_lines": 0, "excluded_lines": 0, "percent_statements_covered": 100.0, "percent_statements_covered_display": "100"}, "missing_lines": [], "excluded_lines": [], "start_line": 1}}}, "src/jarvis/agents/subagent_registry.py": {"executed_lines": [34, 36, 37, 39, 44, 46, 61, 62, 83, 95, 121, 130, 136], "summary": {"covered_lines": 13, "num_statements": 13, "percent_covered": 100.0, "percent_covered_display": "100", "missing_lines": 0, "excluded_lines": 2, "percent_statements_covered": 100.0, "percent_statements_covered_display": "100"}, "missing_lines": [], "excluded_lines": [41, 42], "functions": {"build_async_subagents": {"executed_lines": [121, 130, 136], "summary": {"covered_lines": 3, "num_statements": 3, "percent_covered": 100.0, "percent_covered_display": "100", "missing_lines": 0, "excluded_lines": 0, "percent_statements_covered": 100.0, "percent_statements_covered_display": "100"}, "missing_lines": [], "excluded_lines": [], "start_line": 95}, "": {"executed_lines": [34, 36, 37, 39, 44, 46, 61, 62, 83, 95], "summary": {"covered_lines": 10, "num_statements": 10, "percent_covered": 100.0, "percent_covered_display": "100", "missing_lines": 0, "excluded_lines": 2, "percent_statements_covered": 100.0, "percent_statements_covered_display": "100"}, "missing_lines": [], "excluded_lines": [41, 42], "start_line": 1}}, "classes": {"": {"executed_lines": [34, 36, 37, 39, 44, 46, 61, 62, 83, 95, 121, 130, 136], "summary": {"covered_lines": 13, "num_statements": 13, "percent_covered": 100.0, "percent_covered_display": "100", "missing_lines": 0, "excluded_lines": 2, "percent_statements_covered": 100.0, "percent_statements_covered_display": "100"}, "missing_lines": [], "excluded_lines": [41, 42], "start_line": 1}}}, "src/jarvis/agents/subagents/__init__.py": {"executed_lines": [], "summary": {"covered_lines": 0, "num_statements": 4, "percent_covered": 0.0, "percent_covered_display": "0", "missing_lines": 4, "excluded_lines": 0, "percent_statements_covered": 0.0, "percent_statements_covered_display": "0"}, "missing_lines": [24, 26, 27, 29], "excluded_lines": [], "functions": {"": {"executed_lines": [], "summary": {"covered_lines": 0, "num_statements": 4, "percent_covered": 0.0, "percent_covered_display": "0", "missing_lines": 4, "excluded_lines": 0, "percent_statements_covered": 0.0, "percent_statements_covered_display": "0"}, "missing_lines": [24, 26, 27, 29], "excluded_lines": [], "start_line": 1}}, "classes": {"": {"executed_lines": [], "summary": {"covered_lines": 0, "num_statements": 4, "percent_covered": 0.0, "percent_covered_display": "0", "missing_lines": 4, "excluded_lines": 0, "percent_statements_covered": 0.0, "percent_statements_covered_display": "0"}, "missing_lines": [24, 26, 27, 29], "excluded_lines": [], "start_line": 1}}}, "src/jarvis/agents/subagents/jarvis_reasoner.py": {"executed_lines": [], "summary": {"covered_lines": 0, "num_statements": 89, "percent_covered": 0.0, "percent_covered_display": "0", "missing_lines": 89, "excluded_lines": 0, "percent_statements_covered": 0.0, "percent_statements_covered_display": "0"}, "missing_lines": [58, 60, 61, 63, 64, 65, 66, 67, 68, 70, 71, 73, 75, 86, 91, 99, 118, 119, 120, 121, 122, 123, 124, 132, 151, 168, 192, 193, 194, 199, 200, 201, 205, 207, 208, 209, 213, 215, 216, 217, 218, 222, 230, 232, 235, 246, 247, 248, 249, 250, 251, 254, 269, 270, 271, 273, 274, 277, 278, 283, 291, 295, 296, 297, 298, 299, 300, 301, 302, 304, 315, 316, 324, 347, 350, 361, 362, 363, 364, 366, 369, 370, 371, 378, 379, 381, 382, 386, 393], "excluded_lines": [], "functions": {"_structured_error": {"executed_lines": [], "summary": {"covered_lines": 0, "num_statements": 1, "percent_covered": 0.0, "percent_covered_display": "0", "missing_lines": 1, "excluded_lines": 0, "percent_statements_covered": 0.0, "percent_statements_covered_display": "0"}, "missing_lines": [151], "excluded_lines": [], "start_line": 132}, "_resolve_role": {"executed_lines": [], "summary": {"covered_lines": 0, "num_statements": 18, "percent_covered": 0.0, "percent_covered_display": "0", "missing_lines": 18, "excluded_lines": 0, "percent_statements_covered": 0.0, "percent_statements_covered_display": "0"}, "missing_lines": [192, 193, 194, 199, 200, 201, 205, 207, 208, 209, 213, 215, 216, 217, 218, 222, 230, 232], "excluded_lines": [], "start_line": 168}, "_route_after_resolution": {"executed_lines": [], "summary": {"covered_lines": 0, "num_statements": 6, "percent_covered": 0.0, "percent_covered_display": "0", "missing_lines": 6, "excluded_lines": 0, "percent_statements_covered": 0.0, "percent_statements_covered_display": "0"}, "missing_lines": [246, 247, 248, 249, 250, 251], "excluded_lines": [], "start_line": 235}, "_make_role_runner": {"executed_lines": [], "summary": {"covered_lines": 0, "num_statements": 3, "percent_covered": 0.0, "percent_covered_display": "0", "missing_lines": 3, "excluded_lines": 0, "percent_statements_covered": 0.0, "percent_statements_covered_display": "0"}, "missing_lines": [269, 315, 316], "excluded_lines": [], "start_line": 254}, "_make_role_runner._run": {"executed_lines": [], "summary": {"covered_lines": 0, "num_statements": 17, "percent_covered": 0.0, "percent_covered_display": "0", "missing_lines": 17, "excluded_lines": 0, "percent_statements_covered": 0.0, "percent_statements_covered_display": "0"}, "missing_lines": [270, 271, 273, 274, 277, 278, 283, 291, 295, 296, 297, 298, 299, 300, 301, 302, 304], "excluded_lines": [], "start_line": 269}, "_build_graph": {"executed_lines": [], "summary": {"covered_lines": 0, "num_statements": 15, "percent_covered": 0.0, "percent_covered_display": "0", "missing_lines": 15, "excluded_lines": 0, "percent_statements_covered": 0.0, "percent_statements_covered_display": "0"}, "missing_lines": [347, 350, 361, 362, 363, 364, 366, 369, 370, 371, 378, 379, 381, 382, 386], "excluded_lines": [], "start_line": 324}, "": {"executed_lines": [], "summary": {"covered_lines": 0, "num_statements": 29, "percent_covered": 0.0, "percent_covered_display": "0", "missing_lines": 29, "excluded_lines": 0, "percent_statements_covered": 0.0, "percent_statements_covered_display": "0"}, "missing_lines": [58, 60, 61, 63, 64, 65, 66, 67, 68, 70, 71, 73, 75, 86, 91, 99, 118, 119, 120, 121, 122, 123, 124, 132, 168, 235, 254, 324, 393], "excluded_lines": [], "start_line": 1}}, "classes": {"_ReasonerState": {"executed_lines": [], "summary": {"covered_lines": 0, "num_statements": 0, "percent_covered": 100.0, "percent_covered_display": "100", "missing_lines": 0, "excluded_lines": 0, "percent_statements_covered": 100.0, "percent_statements_covered_display": "100"}, "missing_lines": [], "excluded_lines": [], "start_line": 99}, "": {"executed_lines": [], "summary": {"covered_lines": 0, "num_statements": 89, "percent_covered": 0.0, "percent_covered_display": "0", "missing_lines": 89, "excluded_lines": 0, "percent_statements_covered": 0.0, "percent_statements_covered_display": "0"}, "missing_lines": [58, 60, 61, 63, 64, 65, 66, 67, 68, 70, 71, 73, 75, 86, 91, 99, 118, 119, 120, 121, 122, 123, 124, 132, 151, 168, 192, 193, 194, 199, 200, 201, 205, 207, 208, 209, 213, 215, 216, 217, 218, 222, 230, 232, 235, 246, 247, 248, 249, 250, 251, 254, 269, 270, 271, 273, 274, 277, 278, 283, 291, 295, 296, 297, 298, 299, 300, 301, 302, 304, 315, 316, 324, 347, 350, 361, 362, 363, 364, 366, 369, 370, 371, 378, 379, 381, 382, 386, 393], "excluded_lines": [], "start_line": 1}}}, "src/jarvis/agents/subagents/prompts.py": {"executed_lines": [], "summary": {"covered_lines": 0, "num_statements": 8, "percent_covered": 0.0, "percent_covered_display": "0", "missing_lines": 8, "excluded_lines": 0, "percent_statements_covered": 0.0, "percent_statements_covered_display": "0"}, "missing_lines": [19, 21, 23, 25, 37, 50, 63, 80], "excluded_lines": [], "functions": {"": {"executed_lines": [], "summary": {"covered_lines": 0, "num_statements": 8, "percent_covered": 0.0, "percent_covered_display": "0", "missing_lines": 8, "excluded_lines": 0, "percent_statements_covered": 0.0, "percent_statements_covered_display": "0"}, "missing_lines": [19, 21, 23, 25, 37, 50, 63, 80], "excluded_lines": [], "start_line": 1}}, "classes": {"": {"executed_lines": [], "summary": {"covered_lines": 0, "num_statements": 8, "percent_covered": 0.0, "percent_covered_display": "0", "missing_lines": 8, "excluded_lines": 0, "percent_statements_covered": 0.0, "percent_statements_covered_display": "0"}, "missing_lines": [19, 21, 23, 25, 37, 50, 63, 80], "excluded_lines": [], "start_line": 1}}}, "src/jarvis/agents/subagents/types.py": {"executed_lines": [], "summary": {"covered_lines": 0, "num_statements": 13, "percent_covered": 0.0, "percent_covered_display": "0", "missing_lines": 13, "excluded_lines": 0, "percent_statements_covered": 0.0, "percent_statements_covered_display": "0"}, "missing_lines": [25, 27, 29, 31, 34, 52, 53, 54, 57, 76, 78, 79, 80], "excluded_lines": [], "functions": {"": {"executed_lines": [], "summary": {"covered_lines": 0, "num_statements": 13, "percent_covered": 0.0, "percent_covered_display": "0", "missing_lines": 13, "excluded_lines": 0, "percent_statements_covered": 0.0, "percent_statements_covered_display": "0"}, "missing_lines": [25, 27, 29, 31, 34, 52, 53, 54, 57, 76, 78, 79, 80], "excluded_lines": [], "start_line": 1}}, "classes": {"RoleName": {"executed_lines": [], "summary": {"covered_lines": 0, "num_statements": 0, "percent_covered": 100.0, "percent_covered_display": "100", "missing_lines": 0, "excluded_lines": 0, "percent_statements_covered": 100.0, "percent_statements_covered_display": "100"}, "missing_lines": [], "excluded_lines": [], "start_line": 34}, "AsyncTaskInput": {"executed_lines": [], "summary": {"covered_lines": 0, "num_statements": 0, "percent_covered": 100.0, "percent_covered_display": "100", "missing_lines": 0, "excluded_lines": 0, "percent_statements_covered": 100.0, "percent_statements_covered_display": "100"}, "missing_lines": [], "excluded_lines": [], "start_line": 57}, "": {"executed_lines": [], "summary": {"covered_lines": 0, "num_statements": 13, "percent_covered": 0.0, "percent_covered_display": "0", "missing_lines": 13, "excluded_lines": 0, "percent_statements_covered": 0.0, "percent_statements_covered_display": "0"}, "missing_lines": [25, 27, 29, 31, 34, 52, 53, 54, 57, 76, 78, 79, 80], "excluded_lines": [], "start_line": 1}}}, "src/jarvis/agents/supervisor.py": {"executed_lines": [25, 27, 28, 29, 30, 32, 33, 34, 36, 46, 51, 58, 61, 76, 77, 93, 96, 135, 145, 148, 244, 255, 258, 261, 272, 302, 317, 318, 333, 334], "summary": {"covered_lines": 30, "num_statements": 36, "percent_covered": 83.33333333333333, "percent_covered_display": "83", "missing_lines": 6, "excluded_lines": 6, "percent_statements_covered": 83.33333333333333, "percent_statements_covered_display": "83"}, "missing_lines": [78, 79, 137, 139, 319, 325], "excluded_lines": [38, 39, 40, 41, 43, 44], "functions": {"_render_available_capabilities": {"executed_lines": [76, 77], "summary": {"covered_lines": 2, "num_statements": 4, "percent_covered": 50.0, "percent_covered_display": "50", "missing_lines": 2, "excluded_lines": 0, "percent_statements_covered": 50.0, "percent_statements_covered_display": "50"}, "missing_lines": [78, 79], "excluded_lines": [], "start_line": 61}, "_default_ambient_tool_factory": {"executed_lines": [135, 145], "summary": {"covered_lines": 2, "num_statements": 2, "percent_covered": 100.0, "percent_covered_display": "100", "missing_lines": 0, "excluded_lines": 0, "percent_statements_covered": 100.0, "percent_statements_covered_display": "100"}, "missing_lines": [], "excluded_lines": [], "start_line": 96}, "_default_ambient_tool_factory._factory": {"executed_lines": [], "summary": {"covered_lines": 0, "num_statements": 2, "percent_covered": 0.0, "percent_covered_display": "0", "missing_lines": 2, "excluded_lines": 0, "percent_statements_covered": 0.0, "percent_statements_covered_display": "0"}, "missing_lines": [137, 139], "excluded_lines": [], "start_line": 135}, "build_supervisor": {"executed_lines": [244, 255, 258, 261, 272, 302, 317, 318, 333, 334], "summary": {"covered_lines": 10, "num_statements": 12, "percent_covered": 83.33333333333333, "percent_covered_display": "83", "missing_lines": 2, "excluded_lines": 0, "percent_statements_covered": 83.33333333333333, "percent_statements_covered_display": "83"}, "missing_lines": [319, 325], "excluded_lines": [], "start_line": 148}, "": {"executed_lines": [25, 27, 28, 29, 30, 32, 33, 34, 36, 46, 51, 58, 61, 93, 96, 148], "summary": {"covered_lines": 16, "num_statements": 16, "percent_covered": 100.0, "percent_covered_display": "100", "missing_lines": 0, "excluded_lines": 6, "percent_statements_covered": 100.0, "percent_statements_covered_display": "100"}, "missing_lines": [], "excluded_lines": [38, 39, 40, 41, 43, 44], "start_line": 1}}, "classes": {"": {"executed_lines": [25, 27, 28, 29, 30, 32, 33, 34, 36, 46, 51, 58, 61, 76, 77, 93, 96, 135, 145, 148, 244, 255, 258, 261, 272, 302, 317, 318, 333, 334], "summary": {"covered_lines": 30, "num_statements": 36, "percent_covered": 83.33333333333333, "percent_covered_display": "83", "missing_lines": 6, "excluded_lines": 6, "percent_statements_covered": 83.33333333333333, "percent_statements_covered_display": "83"}, "missing_lines": [78, 79, 137, 139, 319, 325], "excluded_lines": [38, 39, 40, 41, 43, 44], "start_line": 1}}}, "src/jarvis/cli/__init__.py": {"executed_lines": [], "summary": {"covered_lines": 0, "num_statements": 0, "percent_covered": 100.0, "percent_covered_display": "100", "missing_lines": 0, "excluded_lines": 0, "percent_statements_covered": 100.0, "percent_statements_covered_display": "100"}, "missing_lines": [], "excluded_lines": [], "functions": {"": {"executed_lines": [], "summary": {"covered_lines": 0, "num_statements": 0, "percent_covered": 100.0, "percent_covered_display": "100", "missing_lines": 0, "excluded_lines": 0, "percent_statements_covered": 100.0, "percent_statements_covered_display": "100"}, "missing_lines": [], "excluded_lines": [], "start_line": 1}}, "classes": {"": {"executed_lines": [], "summary": {"covered_lines": 0, "num_statements": 0, "percent_covered": 100.0, "percent_covered_display": "100", "missing_lines": 0, "excluded_lines": 0, "percent_statements_covered": 100.0, "percent_statements_covered_display": "100"}, "missing_lines": [], "excluded_lines": [], "start_line": 1}}}, "src/jarvis/cli/main.py": {"executed_lines": [], "summary": {"covered_lines": 0, "num_statements": 110, "percent_covered": 0.0, "percent_covered_display": "0", "missing_lines": 110, "excluded_lines": 2, "percent_statements_covered": 0.0, "percent_statements_covered_display": "0"}, "missing_lines": [15, 17, 18, 19, 20, 21, 23, 24, 25, 27, 28, 29, 30, 36, 43, 44, 47, 62, 63, 65, 66, 67, 70, 71, 72, 81, 83, 84, 85, 88, 89, 91, 94, 95, 97, 99, 103, 104, 107, 108, 109, 110, 111, 114, 115, 116, 117, 118, 121, 122, 123, 124, 125, 126, 129, 131, 132, 135, 136, 138, 141, 150, 153, 154, 155, 156, 157, 158, 159, 160, 161, 162, 163, 164, 165, 166, 168, 171, 174, 175, 176, 178, 181, 182, 183, 184, 185, 186, 189, 190, 192, 195, 196, 199, 200, 203, 204, 205, 206, 208, 209, 210, 212, 214, 215, 216, 219, 220, 223, 224], "excluded_lines": [32, 33], "functions": {"_configure_default_logging": {"executed_lines": [], "summary": {"covered_lines": 0, "num_statements": 2, "percent_covered": 0.0, "percent_covered_display": "0", "missing_lines": 2, "excluded_lines": 0, "percent_statements_covered": 0.0, "percent_statements_covered_display": "0"}, "missing_lines": [43, 44], "excluded_lines": [], "start_line": 36}, "_create_app_state": {"executed_lines": [], "summary": {"covered_lines": 0, "num_statements": 5, "percent_covered": 0.0, "percent_covered_display": "0", "missing_lines": 5, "excluded_lines": 0, "percent_statements_covered": 0.0, "percent_statements_covered_display": "0"}, "missing_lines": [62, 63, 65, 66, 67], "excluded_lines": [], "start_line": 47}, "main": {"executed_lines": [], "summary": {"covered_lines": 0, "num_statements": 4, "percent_covered": 0.0, "percent_covered_display": "0", "missing_lines": 4, "excluded_lines": 0, "percent_statements_covered": 0.0, "percent_statements_covered_display": "0"}, "missing_lines": [81, 83, 84, 85], "excluded_lines": [], "start_line": 72}, "version": {"executed_lines": [], "summary": {"covered_lines": 0, "num_statements": 1, "percent_covered": 0.0, "percent_covered_display": "0", "missing_lines": 1, "excluded_lines": 0, "percent_statements_covered": 0.0, "percent_statements_covered_display": "0"}, "missing_lines": [91], "excluded_lines": [], "start_line": 89}, "health": {"executed_lines": [], "summary": {"covered_lines": 0, "num_statements": 23, "percent_covered": 0.0, "percent_covered_display": "0", "missing_lines": 23, "excluded_lines": 0, "percent_statements_covered": 0.0, "percent_statements_covered_display": "0"}, "missing_lines": [97, 99, 103, 104, 107, 108, 109, 110, 111, 114, 115, 116, 117, 118, 121, 122, 123, 124, 125, 126, 129, 131, 132], "excluded_lines": [], "start_line": 95}, "chat": {"executed_lines": [], "summary": {"covered_lines": 0, "num_statements": 1, "percent_covered": 0.0, "percent_covered_display": "0", "missing_lines": 1, "excluded_lines": 0, "percent_statements_covered": 0.0, "percent_statements_covered_display": "0"}, "missing_lines": [138], "excluded_lines": [], "start_line": 136}, "_chat_loop": {"executed_lines": [], "summary": {"covered_lines": 0, "num_statements": 45, "percent_covered": 0.0, "percent_covered_display": "0", "missing_lines": 45, "excluded_lines": 0, "percent_statements_covered": 0.0, "percent_statements_covered_display": "0"}, "missing_lines": [150, 153, 154, 155, 156, 157, 158, 159, 160, 161, 162, 163, 164, 165, 166, 168, 171, 174, 178, 181, 182, 183, 184, 185, 186, 189, 190, 192, 195, 196, 199, 200, 203, 204, 205, 206, 208, 209, 210, 212, 214, 215, 216, 219, 220], "excluded_lines": [], "start_line": 141}, "_chat_loop._sigint_handler": {"executed_lines": [], "summary": {"covered_lines": 0, "num_statements": 2, "percent_covered": 0.0, "percent_covered_display": "0", "missing_lines": 2, "excluded_lines": 0, "percent_statements_covered": 0.0, "percent_statements_covered_display": "0"}, "missing_lines": [175, 176], "excluded_lines": [], "start_line": 174}, "": {"executed_lines": [], "summary": {"covered_lines": 0, "num_statements": 27, "percent_covered": 0.0, "percent_covered_display": "0", "missing_lines": 27, "excluded_lines": 2, "percent_statements_covered": 0.0, "percent_statements_covered_display": "0"}, "missing_lines": [15, 17, 18, 19, 20, 21, 23, 24, 25, 27, 28, 29, 30, 36, 47, 70, 71, 72, 88, 89, 94, 95, 135, 136, 141, 223, 224], "excluded_lines": [32, 33], "start_line": 1}}, "classes": {"": {"executed_lines": [], "summary": {"covered_lines": 0, "num_statements": 110, "percent_covered": 0.0, "percent_covered_display": "0", "missing_lines": 110, "excluded_lines": 2, "percent_statements_covered": 0.0, "percent_statements_covered_display": "0"}, "missing_lines": [15, 17, 18, 19, 20, 21, 23, 24, 25, 27, 28, 29, 30, 36, 43, 44, 47, 62, 63, 65, 66, 67, 70, 71, 72, 81, 83, 84, 85, 88, 89, 91, 94, 95, 97, 99, 103, 104, 107, 108, 109, 110, 111, 114, 115, 116, 117, 118, 121, 122, 123, 124, 125, 126, 129, 131, 132, 135, 136, 138, 141, 150, 153, 154, 155, 156, 157, 158, 159, 160, 161, 162, 163, 164, 165, 166, 168, 171, 174, 175, 176, 178, 181, 182, 183, 184, 185, 186, 189, 190, 192, 195, 196, 199, 200, 203, 204, 205, 206, 208, 209, 210, 212, 214, 215, 216, 219, 220, 223, 224], "excluded_lines": [32, 33], "start_line": 1}}}, "src/jarvis/config/__init__.py": {"executed_lines": [8, 10], "summary": {"covered_lines": 2, "num_statements": 2, "percent_covered": 100.0, "percent_covered_display": "100", "missing_lines": 0, "excluded_lines": 0, "percent_statements_covered": 100.0, "percent_statements_covered_display": "100"}, "missing_lines": [], "excluded_lines": [], "functions": {"": {"executed_lines": [8, 10], "summary": {"covered_lines": 2, "num_statements": 2, "percent_covered": 100.0, "percent_covered_display": "100", "missing_lines": 0, "excluded_lines": 0, "percent_statements_covered": 100.0, "percent_statements_covered_display": "100"}, "missing_lines": [], "excluded_lines": [], "start_line": 1}}, "classes": {"": {"executed_lines": [8, 10], "summary": {"covered_lines": 2, "num_statements": 2, "percent_covered": 100.0, "percent_covered_display": "100", "missing_lines": 0, "excluded_lines": 0, "percent_statements_covered": 100.0, "percent_statements_covered_display": "100"}, "missing_lines": [], "excluded_lines": [], "start_line": 1}}}, "src/jarvis/config/settings.py": {"executed_lines": [12, 14, 15, 16, 17, 19, 20, 22, 24, 31, 38, 47, 48, 49, 50, 53, 54, 55, 56, 59, 60, 61, 62, 67, 71, 76, 84, 86, 102, 103, 104, 110, 117, 118, 122, 126, 141, 149, 150, 151, 154, 155, 160, 161, 163, 165, 166, 170, 171, 174, 177], "summary": {"covered_lines": 51, "num_statements": 60, "percent_covered": 85.0, "percent_covered_display": "85", "missing_lines": 9, "excluded_lines": 0, "percent_statements_covered": 85.0, "percent_statements_covered_display": "85"}, "missing_lines": [111, 115, 119, 120, 142, 168, 175, 176, 178], "excluded_lines": [], "functions": {"JarvisConfig._supervisor_model_must_have_provider_prefix": {"executed_lines": [110, 117, 118, 122], "summary": {"covered_lines": 4, "num_statements": 8, "percent_covered": 50.0, "percent_covered_display": "50", "missing_lines": 4, "excluded_lines": 0, "percent_statements_covered": 50.0, "percent_statements_covered_display": "50"}, "missing_lines": [111, 115, 119, 120], "excluded_lines": [], "start_line": 104}, "JarvisConfig.validate_provider_keys": {"executed_lines": [141, 149, 150, 151, 154, 155, 160, 161, 163, 165, 166, 170, 171, 174, 177], "summary": {"covered_lines": 15, "num_statements": 20, "percent_covered": 75.0, "percent_covered_display": "75", "missing_lines": 5, "excluded_lines": 0, "percent_statements_covered": 75.0, "percent_statements_covered_display": "75"}, "missing_lines": [142, 168, 175, 176, 178], "excluded_lines": [], "start_line": 126}, "": {"executed_lines": [12, 14, 15, 16, 17, 19, 20, 22, 24, 31, 38, 47, 48, 49, 50, 53, 54, 55, 56, 59, 60, 61, 62, 67, 71, 76, 84, 86, 102, 103, 104, 126], "summary": {"covered_lines": 32, "num_statements": 32, "percent_covered": 100.0, "percent_covered_display": "100", "missing_lines": 0, "excluded_lines": 0, "percent_statements_covered": 100.0, "percent_statements_covered_display": "100"}, "missing_lines": [], "excluded_lines": [], "start_line": 1}}, "classes": {"JarvisConfig": {"executed_lines": [110, 117, 118, 122, 141, 149, 150, 151, 154, 155, 160, 161, 163, 165, 166, 170, 171, 174, 177], "summary": {"covered_lines": 19, "num_statements": 28, "percent_covered": 67.85714285714286, "percent_covered_display": "68", "missing_lines": 9, "excluded_lines": 0, "percent_statements_covered": 67.85714285714286, "percent_statements_covered_display": "68"}, "missing_lines": [111, 115, 119, 120, 142, 168, 175, 176, 178], "excluded_lines": [], "start_line": 38}, "": {"executed_lines": [12, 14, 15, 16, 17, 19, 20, 22, 24, 31, 38, 47, 48, 49, 50, 53, 54, 55, 56, 59, 60, 61, 62, 67, 71, 76, 84, 86, 102, 103, 104, 126], "summary": {"covered_lines": 32, "num_statements": 32, "percent_covered": 100.0, "percent_covered_display": "100", "missing_lines": 0, "excluded_lines": 0, "percent_statements_covered": 100.0, "percent_statements_covered_display": "100"}, "missing_lines": [], "excluded_lines": [], "start_line": 1}}}, "src/jarvis/discovery/__init__.py": {"executed_lines": [], "summary": {"covered_lines": 0, "num_statements": 0, "percent_covered": 100.0, "percent_covered_display": "100", "missing_lines": 0, "excluded_lines": 0, "percent_statements_covered": 100.0, "percent_statements_covered_display": "100"}, "missing_lines": [], "excluded_lines": [], "functions": {"": {"executed_lines": [], "summary": {"covered_lines": 0, "num_statements": 0, "percent_covered": 100.0, "percent_covered_display": "100", "missing_lines": 0, "excluded_lines": 0, "percent_statements_covered": 100.0, "percent_statements_covered_display": "100"}, "missing_lines": [], "excluded_lines": [], "start_line": 1}}, "classes": {"": {"executed_lines": [], "summary": {"covered_lines": 0, "num_statements": 0, "percent_covered": 100.0, "percent_covered_display": "100", "missing_lines": 0, "excluded_lines": 0, "percent_statements_covered": 100.0, "percent_statements_covered_display": "100"}, "missing_lines": [], "excluded_lines": [], "start_line": 1}}}, "src/jarvis/infrastructure/__init__.py": {"executed_lines": [], "summary": {"covered_lines": 0, "num_statements": 3, "percent_covered": 0.0, "percent_covered_display": "0", "missing_lines": 3, "excluded_lines": 0, "percent_statements_covered": 0.0, "percent_statements_covered_display": "0"}, "missing_lines": [11, 12, 14], "excluded_lines": [], "functions": {"": {"executed_lines": [], "summary": {"covered_lines": 0, "num_statements": 3, "percent_covered": 0.0, "percent_covered_display": "0", "missing_lines": 3, "excluded_lines": 0, "percent_statements_covered": 0.0, "percent_statements_covered_display": "0"}, "missing_lines": [11, 12, 14], "excluded_lines": [], "start_line": 1}}, "classes": {"": {"executed_lines": [], "summary": {"covered_lines": 0, "num_statements": 3, "percent_covered": 0.0, "percent_covered_display": "0", "missing_lines": 3, "excluded_lines": 0, "percent_statements_covered": 0.0, "percent_statements_covered_display": "0"}, "missing_lines": [11, 12, 14], "excluded_lines": [], "start_line": 1}}}, "src/jarvis/infrastructure/lifecycle.py": {"executed_lines": [], "summary": {"covered_lines": 0, "num_statements": 81, "percent_covered": 0.0, "percent_covered_display": "0", "missing_lines": 81, "excluded_lines": 3, "percent_statements_covered": 0.0, "percent_statements_covered_display": "0"}, "missing_lines": [59, 61, 62, 63, 65, 67, 68, 69, 70, 71, 72, 73, 74, 75, 85, 108, 109, 115, 120, 121, 142, 143, 144, 147, 187, 192, 195, 227, 232, 239, 244, 247, 248, 270, 271, 272, 273, 274, 275, 278, 331, 333, 334, 337, 338, 339, 340, 345, 348, 350, 351, 354, 355, 364, 365, 376, 377, 378, 387, 388, 399, 404, 413, 418, 429, 438, 440, 449, 450, 454, 457, 466, 468, 469, 470, 471, 472, 473, 475, 476, 478], "excluded_lines": [81, 82, 83], "functions": {"should_emit_voice_ack": {"executed_lines": [], "summary": {"covered_lines": 0, "num_statements": 2, "percent_covered": 0.0, "percent_covered_display": "0", "missing_lines": 2, "excluded_lines": 0, "percent_statements_covered": 0.0, "percent_statements_covered_display": "0"}, "missing_lines": [187, 192], "excluded_lines": [], "start_line": 147}, "emit_voice_ack_and_queue": {"executed_lines": [], "summary": {"covered_lines": 0, "num_statements": 4, "percent_covered": 0.0, "percent_covered_display": "0", "missing_lines": 4, "excluded_lines": 0, "percent_statements_covered": 0.0, "percent_statements_covered_display": "0"}, "missing_lines": [227, 232, 239, 244], "excluded_lines": [], "start_line": 195}, "build_app_state": {"executed_lines": [], "summary": {"covered_lines": 0, "num_statements": 29, "percent_covered": 0.0, "percent_covered_display": "0", "missing_lines": 29, "excluded_lines": 0, "percent_statements_covered": 0.0, "percent_statements_covered_display": "0"}, "missing_lines": [331, 333, 334, 337, 338, 339, 340, 345, 348, 350, 351, 354, 355, 364, 365, 376, 377, 378, 387, 388, 399, 404, 413, 418, 429, 438, 440, 449, 450], "excluded_lines": [], "start_line": 278}, "shutdown": {"executed_lines": [], "summary": {"covered_lines": 0, "num_statements": 10, "percent_covered": 0.0, "percent_covered_display": "0", "missing_lines": 10, "excluded_lines": 0, "percent_statements_covered": 0.0, "percent_statements_covered_display": "0"}, "missing_lines": [466, 468, 469, 470, 471, 472, 473, 475, 476, 478], "excluded_lines": [], "start_line": 457}, "": {"executed_lines": [], "summary": {"covered_lines": 0, "num_statements": 36, "percent_covered": 0.0, "percent_covered_display": "0", "missing_lines": 36, "excluded_lines": 3, "percent_statements_covered": 0.0, "percent_statements_covered_display": "0"}, "missing_lines": [59, 61, 62, 63, 65, 67, 68, 69, 70, 71, 72, 73, 74, 75, 85, 108, 109, 115, 120, 121, 142, 143, 144, 147, 195, 247, 248, 270, 271, 272, 273, 274, 275, 278, 454, 457], "excluded_lines": [81, 82, 83], "start_line": 1}}, "classes": {"VoiceAckOutcome": {"executed_lines": [], "summary": {"covered_lines": 0, "num_statements": 0, "percent_covered": 100.0, "percent_covered_display": "100", "missing_lines": 0, "excluded_lines": 0, "percent_statements_covered": 100.0, "percent_statements_covered_display": "100"}, "missing_lines": [], "excluded_lines": [], "start_line": 121}, "AppState": {"executed_lines": [], "summary": {"covered_lines": 0, "num_statements": 0, "percent_covered": 100.0, "percent_covered_display": "100", "missing_lines": 0, "excluded_lines": 0, "percent_statements_covered": 100.0, "percent_statements_covered_display": "100"}, "missing_lines": [], "excluded_lines": [], "start_line": 248}, "": {"executed_lines": [], "summary": {"covered_lines": 0, "num_statements": 81, "percent_covered": 0.0, "percent_covered_display": "0", "missing_lines": 81, "excluded_lines": 3, "percent_statements_covered": 0.0, "percent_statements_covered_display": "0"}, "missing_lines": [59, 61, 62, 63, 65, 67, 68, 69, 70, 71, 72, 73, 74, 75, 85, 108, 109, 115, 120, 121, 142, 143, 144, 147, 187, 192, 195, 227, 232, 239, 244, 247, 248, 270, 271, 272, 273, 274, 275, 278, 331, 333, 334, 337, 338, 339, 340, 345, 348, 350, 351, 354, 355, 364, 365, 376, 377, 378, 387, 388, 399, 404, 413, 418, 429, 438, 440, 449, 450, 454, 457, 466, 468, 469, 470, 471, 472, 473, 475, 476, 478], "excluded_lines": [81, 82, 83], "start_line": 1}}}, "src/jarvis/infrastructure/logging.py": {"executed_lines": [], "summary": {"covered_lines": 0, "num_statements": 37, "percent_covered": 0.0, "percent_covered_display": "0", "missing_lines": 37, "excluded_lines": 0, "percent_statements_covered": 0.0, "percent_statements_covered_display": "0"}, "missing_lines": [13, 15, 16, 17, 18, 20, 23, 42, 43, 44, 45, 46, 47, 49, 50, 53, 62, 63, 64, 65, 66, 67, 69, 70, 73, 83, 85, 94, 95, 102, 110, 111, 113, 114, 115, 116, 118], "excluded_lines": [], "functions": {"_redact_secrets": {"executed_lines": [], "summary": {"covered_lines": 0, "num_statements": 8, "percent_covered": 0.0, "percent_covered_display": "0", "missing_lines": 8, "excluded_lines": 0, "percent_statements_covered": 0.0, "percent_statements_covered_display": "0"}, "missing_lines": [42, 43, 44, 45, 46, 47, 49, 50], "excluded_lines": [], "start_line": 23}, "_redact_dict": {"executed_lines": [], "summary": {"covered_lines": 0, "num_statements": 8, "percent_covered": 0.0, "percent_covered_display": "0", "missing_lines": 8, "excluded_lines": 0, "percent_statements_covered": 0.0, "percent_statements_covered_display": "0"}, "missing_lines": [62, 63, 64, 65, 66, 67, 69, 70], "excluded_lines": [], "start_line": 53}, "configure": {"executed_lines": [], "summary": {"covered_lines": 0, "num_statements": 12, "percent_covered": 0.0, "percent_covered_display": "0", "missing_lines": 12, "excluded_lines": 0, "percent_statements_covered": 0.0, "percent_statements_covered_display": "0"}, "missing_lines": [83, 85, 94, 95, 102, 110, 111, 113, 114, 115, 116, 118], "excluded_lines": [], "start_line": 73}, "": {"executed_lines": [], "summary": {"covered_lines": 0, "num_statements": 9, "percent_covered": 0.0, "percent_covered_display": "0", "missing_lines": 9, "excluded_lines": 0, "percent_statements_covered": 0.0, "percent_statements_covered_display": "0"}, "missing_lines": [13, 15, 16, 17, 18, 20, 23, 53, 73], "excluded_lines": [], "start_line": 1}}, "classes": {"": {"executed_lines": [], "summary": {"covered_lines": 0, "num_statements": 37, "percent_covered": 0.0, "percent_covered_display": "0", "missing_lines": 37, "excluded_lines": 0, "percent_statements_covered": 0.0, "percent_statements_covered_display": "0"}, "missing_lines": [13, 15, 16, 17, 18, 20, 23, 42, 43, 44, 45, 46, 47, 49, 50, 53, 62, 63, 64, 65, 66, 67, 69, 70, 73, 83, 85, 94, 95, 102, 110, 111, 113, 114, 115, 116, 118], "excluded_lines": [], "start_line": 1}}}, "src/jarvis/learning/__init__.py": {"executed_lines": [], "summary": {"covered_lines": 0, "num_statements": 0, "percent_covered": 100.0, "percent_covered_display": "100", "missing_lines": 0, "excluded_lines": 0, "percent_statements_covered": 100.0, "percent_statements_covered_display": "100"}, "missing_lines": [], "excluded_lines": [], "functions": {"": {"executed_lines": [], "summary": {"covered_lines": 0, "num_statements": 0, "percent_covered": 100.0, "percent_covered_display": "100", "missing_lines": 0, "excluded_lines": 0, "percent_statements_covered": 100.0, "percent_statements_covered_display": "100"}, "missing_lines": [], "excluded_lines": [], "start_line": 1}}, "classes": {"": {"executed_lines": [], "summary": {"covered_lines": 0, "num_statements": 0, "percent_covered": 100.0, "percent_covered_display": "100", "missing_lines": 0, "excluded_lines": 0, "percent_statements_covered": 100.0, "percent_statements_covered_display": "100"}, "missing_lines": [], "excluded_lines": [], "start_line": 1}}}, "src/jarvis/prompts/__init__.py": {"executed_lines": [11, 13], "summary": {"covered_lines": 2, "num_statements": 2, "percent_covered": 100.0, "percent_covered_display": "100", "missing_lines": 0, "excluded_lines": 0, "percent_statements_covered": 100.0, "percent_statements_covered_display": "100"}, "missing_lines": [], "excluded_lines": [], "functions": {"": {"executed_lines": [11, 13], "summary": {"covered_lines": 2, "num_statements": 2, "percent_covered": 100.0, "percent_covered_display": "100", "missing_lines": 0, "excluded_lines": 0, "percent_statements_covered": 100.0, "percent_statements_covered_display": "100"}, "missing_lines": [], "excluded_lines": [], "start_line": 1}}, "classes": {"": {"executed_lines": [11, 13], "summary": {"covered_lines": 2, "num_statements": 2, "percent_covered": 100.0, "percent_covered_display": "100", "missing_lines": 0, "excluded_lines": 0, "percent_statements_covered": 100.0, "percent_statements_covered_display": "100"}, "missing_lines": [], "excluded_lines": [], "start_line": 1}}}, "src/jarvis/prompts/supervisor_prompt.py": {"executed_lines": [42, 44], "summary": {"covered_lines": 2, "num_statements": 2, "percent_covered": 100.0, "percent_covered_display": "100", "missing_lines": 0, "excluded_lines": 0, "percent_statements_covered": 100.0, "percent_statements_covered_display": "100"}, "missing_lines": [], "excluded_lines": [], "functions": {"": {"executed_lines": [42, 44], "summary": {"covered_lines": 2, "num_statements": 2, "percent_covered": 100.0, "percent_covered_display": "100", "missing_lines": 0, "excluded_lines": 0, "percent_statements_covered": 100.0, "percent_statements_covered_display": "100"}, "missing_lines": [], "excluded_lines": [], "start_line": 1}}, "classes": {"": {"executed_lines": [42, 44], "summary": {"covered_lines": 2, "num_statements": 2, "percent_covered": 100.0, "percent_covered_display": "100", "missing_lines": 0, "excluded_lines": 0, "percent_statements_covered": 100.0, "percent_statements_covered_display": "100"}, "missing_lines": [], "excluded_lines": [], "start_line": 1}}}, "src/jarvis/routing/__init__.py": {"executed_lines": [], "summary": {"covered_lines": 0, "num_statements": 0, "percent_covered": 100.0, "percent_covered_display": "100", "missing_lines": 0, "excluded_lines": 0, "percent_statements_covered": 100.0, "percent_statements_covered_display": "100"}, "missing_lines": [], "excluded_lines": [], "functions": {"": {"executed_lines": [], "summary": {"covered_lines": 0, "num_statements": 0, "percent_covered": 100.0, "percent_covered_display": "100", "missing_lines": 0, "excluded_lines": 0, "percent_statements_covered": 100.0, "percent_statements_covered_display": "100"}, "missing_lines": [], "excluded_lines": [], "start_line": 1}}, "classes": {"": {"executed_lines": [], "summary": {"covered_lines": 0, "num_statements": 0, "percent_covered": 100.0, "percent_covered_display": "100", "missing_lines": 0, "excluded_lines": 0, "percent_statements_covered": 100.0, "percent_statements_covered_display": "100"}, "missing_lines": [], "excluded_lines": [], "start_line": 1}}}, "src/jarvis/sessions/__init__.py": {"executed_lines": [8, 9, 11], "summary": {"covered_lines": 3, "num_statements": 3, "percent_covered": 100.0, "percent_covered_display": "100", "missing_lines": 0, "excluded_lines": 0, "percent_statements_covered": 100.0, "percent_statements_covered_display": "100"}, "missing_lines": [], "excluded_lines": [], "functions": {"": {"executed_lines": [8, 9, 11], "summary": {"covered_lines": 3, "num_statements": 3, "percent_covered": 100.0, "percent_covered_display": "100", "missing_lines": 0, "excluded_lines": 0, "percent_statements_covered": 100.0, "percent_statements_covered_display": "100"}, "missing_lines": [], "excluded_lines": [], "start_line": 1}}, "classes": {"": {"executed_lines": [8, 9, 11], "summary": {"covered_lines": 3, "num_statements": 3, "percent_covered": 100.0, "percent_covered_display": "100", "missing_lines": 0, "excluded_lines": 0, "percent_statements_covered": 100.0, "percent_statements_covered_display": "100"}, "missing_lines": [], "excluded_lines": [], "start_line": 1}}}, "src/jarvis/sessions/manager.py": {"executed_lines": [11, 13, 14, 15, 17, 18, 20, 21, 22, 28, 31, 43, 54, 99, 117, 137], "summary": {"covered_lines": 16, "num_statements": 47, "percent_covered": 34.04255319148936, "percent_covered_display": "34", "missing_lines": 31, "excluded_lines": 3, "percent_statements_covered": 34.04255319148936, "percent_statements_covered_display": "34"}, "missing_lines": [48, 49, 50, 51, 52, 70, 71, 75, 77, 78, 88, 90, 97, 111, 112, 113, 115, 125, 126, 128, 130, 132, 162, 165, 166, 167, 169, 170, 171, 177, 179], "excluded_lines": [24, 25, 26], "functions": {"SessionManager.__init__": {"executed_lines": [], "summary": {"covered_lines": 0, "num_statements": 5, "percent_covered": 0.0, "percent_covered_display": "0", "missing_lines": 5, "excluded_lines": 0, "percent_statements_covered": 0.0, "percent_statements_covered_display": "0"}, "missing_lines": [48, 49, 50, 51, 52], "excluded_lines": [], "start_line": 43}, "SessionManager.start_session": {"executed_lines": [], "summary": {"covered_lines": 0, "num_statements": 8, "percent_covered": 0.0, "percent_covered_display": "0", "missing_lines": 8, "excluded_lines": 0, "percent_statements_covered": 0.0, "percent_statements_covered_display": "0"}, "missing_lines": [70, 71, 75, 77, 78, 88, 90, 97], "excluded_lines": [], "start_line": 54}, "SessionManager.resume_session": {"executed_lines": [], "summary": {"covered_lines": 0, "num_statements": 4, "percent_covered": 0.0, "percent_covered_display": "0", "missing_lines": 4, "excluded_lines": 0, "percent_statements_covered": 0.0, "percent_statements_covered_display": "0"}, "missing_lines": [111, 112, 113, 115], "excluded_lines": [], "start_line": 99}, "SessionManager.end_session": {"executed_lines": [], "summary": {"covered_lines": 0, "num_statements": 5, "percent_covered": 0.0, "percent_covered_display": "0", "missing_lines": 5, "excluded_lines": 0, "percent_statements_covered": 0.0, "percent_statements_covered_display": "0"}, "missing_lines": [125, 126, 128, 130, 132], "excluded_lines": [], "start_line": 117}, "SessionManager.invoke": {"executed_lines": [], "summary": {"covered_lines": 0, "num_statements": 9, "percent_covered": 0.0, "percent_covered_display": "0", "missing_lines": 9, "excluded_lines": 0, "percent_statements_covered": 0.0, "percent_statements_covered_display": "0"}, "missing_lines": [162, 165, 166, 167, 169, 170, 171, 177, 179], "excluded_lines": [], "start_line": 137}, "": {"executed_lines": [11, 13, 14, 15, 17, 18, 20, 21, 22, 28, 31, 43, 54, 99, 117, 137], "summary": {"covered_lines": 16, "num_statements": 16, "percent_covered": 100.0, "percent_covered_display": "100", "missing_lines": 0, "excluded_lines": 3, "percent_statements_covered": 100.0, "percent_statements_covered_display": "100"}, "missing_lines": [], "excluded_lines": [24, 25, 26], "start_line": 1}}, "classes": {"SessionManager": {"executed_lines": [], "summary": {"covered_lines": 0, "num_statements": 31, "percent_covered": 0.0, "percent_covered_display": "0", "missing_lines": 31, "excluded_lines": 0, "percent_statements_covered": 0.0, "percent_statements_covered_display": "0"}, "missing_lines": [48, 49, 50, 51, 52, 70, 71, 75, 77, 78, 88, 90, 97, 111, 112, 113, 115, 125, 126, 128, 130, 132, 162, 165, 166, 167, 169, 170, 171, 177, 179], "excluded_lines": [], "start_line": 31}, "": {"executed_lines": [11, 13, 14, 15, 17, 18, 20, 21, 22, 28, 31, 43, 54, 99, 117, 137], "summary": {"covered_lines": 16, "num_statements": 16, "percent_covered": 100.0, "percent_covered_display": "100", "missing_lines": 0, "excluded_lines": 3, "percent_statements_covered": 100.0, "percent_statements_covered_display": "100"}, "missing_lines": [], "excluded_lines": [24, 25, 26], "start_line": 1}}}, "src/jarvis/sessions/session.py": {"executed_lines": [9, 11, 12, 14, 16, 19, 34, 35, 36, 37, 38, 39, 40], "summary": {"covered_lines": 13, "num_statements": 13, "percent_covered": 100.0, "percent_covered_display": "100", "missing_lines": 0, "excluded_lines": 0, "percent_statements_covered": 100.0, "percent_statements_covered_display": "100"}, "missing_lines": [], "excluded_lines": [], "functions": {"": {"executed_lines": [9, 11, 12, 14, 16, 19, 34, 35, 36, 37, 38, 39, 40], "summary": {"covered_lines": 13, "num_statements": 13, "percent_covered": 100.0, "percent_covered_display": "100", "missing_lines": 0, "excluded_lines": 0, "percent_statements_covered": 100.0, "percent_statements_covered_display": "100"}, "missing_lines": [], "excluded_lines": [], "start_line": 1}}, "classes": {"Session": {"executed_lines": [], "summary": {"covered_lines": 0, "num_statements": 0, "percent_covered": 100.0, "percent_covered_display": "100", "missing_lines": 0, "excluded_lines": 0, "percent_statements_covered": 100.0, "percent_statements_covered_display": "100"}, "missing_lines": [], "excluded_lines": [], "start_line": 19}, "": {"executed_lines": [9, 11, 12, 14, 16, 19, 34, 35, 36, 37, 38, 39, 40], "summary": {"covered_lines": 13, "num_statements": 13, "percent_covered": 100.0, "percent_covered_display": "100", "missing_lines": 0, "excluded_lines": 0, "percent_statements_covered": 100.0, "percent_statements_covered_display": "100"}, "missing_lines": [], "excluded_lines": [], "start_line": 1}}}, "src/jarvis/shared/__init__.py": {"executed_lines": [7, 8, 10], "summary": {"covered_lines": 3, "num_statements": 3, "percent_covered": 100.0, "percent_covered_display": "100", "missing_lines": 0, "excluded_lines": 0, "percent_statements_covered": 100.0, "percent_statements_covered_display": "100"}, "missing_lines": [], "excluded_lines": [], "functions": {"": {"executed_lines": [7, 8, 10], "summary": {"covered_lines": 3, "num_statements": 3, "percent_covered": 100.0, "percent_covered_display": "100", "missing_lines": 0, "excluded_lines": 0, "percent_statements_covered": 100.0, "percent_statements_covered_display": "100"}, "missing_lines": [], "excluded_lines": [], "start_line": 1}}, "classes": {"": {"executed_lines": [7, 8, 10], "summary": {"covered_lines": 3, "num_statements": 3, "percent_covered": 100.0, "percent_covered_display": "100", "missing_lines": 0, "excluded_lines": 0, "percent_statements_covered": 100.0, "percent_statements_covered_display": "100"}, "missing_lines": [], "excluded_lines": [], "start_line": 1}}}, "src/jarvis/shared/constants.py": {"executed_lines": [8, 10, 15, 22, 29, 30, 31, 32, 38], "summary": {"covered_lines": 9, "num_statements": 9, "percent_covered": 100.0, "percent_covered_display": "100", "missing_lines": 0, "excluded_lines": 0, "percent_statements_covered": 100.0, "percent_statements_covered_display": "100"}, "missing_lines": [], "excluded_lines": [], "functions": {"": {"executed_lines": [8, 10, 15, 22, 29, 30, 31, 32, 38], "summary": {"covered_lines": 9, "num_statements": 9, "percent_covered": 100.0, "percent_covered_display": "100", "missing_lines": 0, "excluded_lines": 0, "percent_statements_covered": 100.0, "percent_statements_covered_display": "100"}, "missing_lines": [], "excluded_lines": [], "start_line": 1}}, "classes": {"Adapter": {"executed_lines": [], "summary": {"covered_lines": 0, "num_statements": 0, "percent_covered": 100.0, "percent_covered_display": "100", "missing_lines": 0, "excluded_lines": 0, "percent_statements_covered": 100.0, "percent_statements_covered_display": "100"}, "missing_lines": [], "excluded_lines": [], "start_line": 22}, "": {"executed_lines": [8, 10, 15, 22, 29, 30, 31, 32, 38], "summary": {"covered_lines": 9, "num_statements": 9, "percent_covered": 100.0, "percent_covered_display": "100", "missing_lines": 0, "excluded_lines": 0, "percent_statements_covered": 100.0, "percent_statements_covered_display": "100"}, "missing_lines": [], "excluded_lines": [], "start_line": 1}}}, "src/jarvis/shared/exceptions.py": {"executed_lines": [10, 13, 17, 21], "summary": {"covered_lines": 4, "num_statements": 4, "percent_covered": 100.0, "percent_covered_display": "100", "missing_lines": 0, "excluded_lines": 0, "percent_statements_covered": 100.0, "percent_statements_covered_display": "100"}, "missing_lines": [], "excluded_lines": [], "functions": {"": {"executed_lines": [10, 13, 17, 21], "summary": {"covered_lines": 4, "num_statements": 4, "percent_covered": 100.0, "percent_covered_display": "100", "missing_lines": 0, "excluded_lines": 0, "percent_statements_covered": 100.0, "percent_statements_covered_display": "100"}, "missing_lines": [], "excluded_lines": [], "start_line": 1}}, "classes": {"JarvisError": {"executed_lines": [], "summary": {"covered_lines": 0, "num_statements": 0, "percent_covered": 100.0, "percent_covered_display": "100", "missing_lines": 0, "excluded_lines": 0, "percent_statements_covered": 100.0, "percent_statements_covered_display": "100"}, "missing_lines": [], "excluded_lines": [], "start_line": 13}, "ConfigurationError": {"executed_lines": [], "summary": {"covered_lines": 0, "num_statements": 0, "percent_covered": 100.0, "percent_covered_display": "100", "missing_lines": 0, "excluded_lines": 0, "percent_statements_covered": 100.0, "percent_statements_covered_display": "100"}, "missing_lines": [], "excluded_lines": [], "start_line": 17}, "SessionNotFoundError": {"executed_lines": [], "summary": {"covered_lines": 0, "num_statements": 0, "percent_covered": 100.0, "percent_covered_display": "100", "missing_lines": 0, "excluded_lines": 0, "percent_statements_covered": 100.0, "percent_statements_covered_display": "100"}, "missing_lines": [], "excluded_lines": [], "start_line": 21}, "": {"executed_lines": [10, 13, 17, 21], "summary": {"covered_lines": 4, "num_statements": 4, "percent_covered": 100.0, "percent_covered_display": "100", "missing_lines": 0, "excluded_lines": 0, "percent_statements_covered": 100.0, "percent_statements_covered_display": "100"}, "missing_lines": [], "excluded_lines": [], "start_line": 1}}}, "src/jarvis/skills/__init__.py": {"executed_lines": [], "summary": {"covered_lines": 0, "num_statements": 0, "percent_covered": 100.0, "percent_covered_display": "100", "missing_lines": 0, "excluded_lines": 0, "percent_statements_covered": 100.0, "percent_statements_covered_display": "100"}, "missing_lines": [], "excluded_lines": [], "functions": {"": {"executed_lines": [], "summary": {"covered_lines": 0, "num_statements": 0, "percent_covered": 100.0, "percent_covered_display": "100", "missing_lines": 0, "excluded_lines": 0, "percent_statements_covered": 100.0, "percent_statements_covered_display": "100"}, "missing_lines": [], "excluded_lines": [], "start_line": 1}}, "classes": {"": {"executed_lines": [], "summary": {"covered_lines": 0, "num_statements": 0, "percent_covered": 100.0, "percent_covered_display": "100", "missing_lines": 0, "excluded_lines": 0, "percent_statements_covered": 100.0, "percent_statements_covered_display": "100"}, "missing_lines": [], "excluded_lines": [], "start_line": 1}}}, "src/jarvis/subagents/__init__.py": {"executed_lines": [], "summary": {"covered_lines": 0, "num_statements": 0, "percent_covered": 100.0, "percent_covered_display": "100", "missing_lines": 0, "excluded_lines": 0, "percent_statements_covered": 100.0, "percent_statements_covered_display": "100"}, "missing_lines": [], "excluded_lines": [], "functions": {"": {"executed_lines": [], "summary": {"covered_lines": 0, "num_statements": 0, "percent_covered": 100.0, "percent_covered_display": "100", "missing_lines": 0, "excluded_lines": 0, "percent_statements_covered": 100.0, "percent_statements_covered_display": "100"}, "missing_lines": [], "excluded_lines": [], "start_line": 1}}, "classes": {"": {"executed_lines": [], "summary": {"covered_lines": 0, "num_statements": 0, "percent_covered": 100.0, "percent_covered_display": "100", "missing_lines": 0, "excluded_lines": 0, "percent_statements_covered": 100.0, "percent_statements_covered_display": "100"}, "missing_lines": [], "excluded_lines": [], "start_line": 1}}}, "src/jarvis/tools/__init__.py": {"executed_lines": [31, 33, 35, 37, 38, 39, 40, 47, 52, 58, 64, 89, 171, 182, 183, 193, 194, 206], "summary": {"covered_lines": 18, "num_statements": 18, "percent_covered": 100.0, "percent_covered_display": "100", "missing_lines": 0, "excluded_lines": 2, "percent_statements_covered": 100.0, "percent_statements_covered_display": "100"}, "missing_lines": [], "excluded_lines": [60, 61], "functions": {"assemble_tool_list": {"executed_lines": [171, 182, 183, 193, 194, 206], "summary": {"covered_lines": 6, "num_statements": 6, "percent_covered": 100.0, "percent_covered_display": "100", "missing_lines": 0, "excluded_lines": 0, "percent_statements_covered": 100.0, "percent_statements_covered_display": "100"}, "missing_lines": [], "excluded_lines": [], "start_line": 89}, "": {"executed_lines": [31, 33, 35, 37, 38, 39, 40, 47, 52, 58, 64, 89], "summary": {"covered_lines": 12, "num_statements": 12, "percent_covered": 100.0, "percent_covered_display": "100", "missing_lines": 0, "excluded_lines": 2, "percent_statements_covered": 100.0, "percent_statements_covered_display": "100"}, "missing_lines": [], "excluded_lines": [60, 61], "start_line": 1}}, "classes": {"": {"executed_lines": [31, 33, 35, 37, 38, 39, 40, 47, 52, 58, 64, 89, 171, 182, 183, 193, 194, 206], "summary": {"covered_lines": 18, "num_statements": 18, "percent_covered": 100.0, "percent_covered_display": "100", "missing_lines": 0, "excluded_lines": 2, "percent_statements_covered": 100.0, "percent_statements_covered_display": "100"}, "missing_lines": [], "excluded_lines": [60, 61], "start_line": 1}}}, "src/jarvis/tools/_correlation.py": {"executed_lines": [29, 32], "summary": {"covered_lines": 2, "num_statements": 3, "percent_covered": 66.66666666666667, "percent_covered_display": "67", "missing_lines": 1, "excluded_lines": 0, "percent_statements_covered": 66.66666666666667, "percent_statements_covered_display": "67"}, "missing_lines": [40], "excluded_lines": [], "functions": {"new_correlation_id": {"executed_lines": [], "summary": {"covered_lines": 0, "num_statements": 1, "percent_covered": 0.0, "percent_covered_display": "0", "missing_lines": 1, "excluded_lines": 0, "percent_statements_covered": 0.0, "percent_statements_covered_display": "0"}, "missing_lines": [40], "excluded_lines": [], "start_line": 32}, "": {"executed_lines": [29, 32], "summary": {"covered_lines": 2, "num_statements": 2, "percent_covered": 100.0, "percent_covered_display": "100", "missing_lines": 0, "excluded_lines": 0, "percent_statements_covered": 100.0, "percent_statements_covered_display": "100"}, "missing_lines": [], "excluded_lines": [], "start_line": 1}}, "classes": {"": {"executed_lines": [29, 32], "summary": {"covered_lines": 2, "num_statements": 3, "percent_covered": 66.66666666666667, "percent_covered_display": "67", "missing_lines": 1, "excluded_lines": 0, "percent_statements_covered": 66.66666666666667, "percent_statements_covered_display": "67"}, "missing_lines": [40], "excluded_lines": [], "start_line": 1}}}, "src/jarvis/tools/capabilities.py": {"executed_lines": [37, 39, 40, 41, 42, 43, 45, 46, 47, 49, 51, 61, 71, 73, 74, 75, 78, 97, 99, 103, 104, 105, 106, 107, 108, 109, 111, 143, 184, 190, 192, 194, 200, 201, 207, 214, 215, 216, 221, 223, 242, 253, 256, 259, 260, 302, 303, 330, 331], "summary": {"covered_lines": 49, "num_statements": 76, "percent_covered": 64.47368421052632, "percent_covered_display": "64", "missing_lines": 27, "excluded_lines": 1, "percent_statements_covered": 64.47368421052632, "percent_statements_covered_display": "64"}, "missing_lines": [129, 134, 135, 138, 139, 140, 185, 195, 202, 217, 285, 291, 292, 293, 294, 298, 299, 323, 324, 325, 326, 327, 347, 348, 349, 350, 351], "excluded_lines": [144], "functions": {"CapabilityDescriptor.as_prompt_block": {"executed_lines": [], "summary": {"covered_lines": 0, "num_statements": 6, "percent_covered": 0.0, "percent_covered_display": "0", "missing_lines": 6, "excluded_lines": 0, "percent_statements_covered": 0.0, "percent_statements_covered_display": "0"}, "missing_lines": [129, 134, 135, 138, 139, 140], "excluded_lines": [], "start_line": 111}, "load_stub_registry": {"executed_lines": [184, 190, 192, 194, 200, 201, 207, 214, 215, 216, 221, 223], "summary": {"covered_lines": 12, "num_statements": 16, "percent_covered": 75.0, "percent_covered_display": "75", "missing_lines": 4, "excluded_lines": 1, "percent_statements_covered": 75.0, "percent_statements_covered_display": "75"}, "missing_lines": [185, 195, 202, 217], "excluded_lines": [144], "start_line": 143}, "list_available_capabilities": {"executed_lines": [], "summary": {"covered_lines": 0, "num_statements": 7, "percent_covered": 0.0, "percent_covered_display": "0", "missing_lines": 7, "excluded_lines": 0, "percent_statements_covered": 0.0, "percent_statements_covered_display": "0"}, "missing_lines": [285, 291, 292, 293, 294, 298, 299], "excluded_lines": [], "start_line": 260}, "capabilities_refresh": {"executed_lines": [], "summary": {"covered_lines": 0, "num_statements": 5, "percent_covered": 0.0, "percent_covered_display": "0", "missing_lines": 5, "excluded_lines": 0, "percent_statements_covered": 0.0, "percent_statements_covered_display": "0"}, "missing_lines": [323, 324, 325, 326, 327], "excluded_lines": [], "start_line": 303}, "capabilities_subscribe_updates": {"executed_lines": [], "summary": {"covered_lines": 0, "num_statements": 5, "percent_covered": 0.0, "percent_covered_display": "0", "missing_lines": 5, "excluded_lines": 0, "percent_statements_covered": 0.0, "percent_statements_covered_display": "0"}, "missing_lines": [347, 348, 349, 350, 351], "excluded_lines": [], "start_line": 331}, "": {"executed_lines": [37, 39, 40, 41, 42, 43, 45, 46, 47, 49, 51, 61, 71, 73, 74, 75, 78, 97, 99, 103, 104, 105, 106, 107, 108, 109, 111, 143, 242, 253, 256, 259, 260, 302, 303, 330, 331], "summary": {"covered_lines": 37, "num_statements": 37, "percent_covered": 100.0, "percent_covered_display": "100", "missing_lines": 0, "excluded_lines": 0, "percent_statements_covered": 100.0, "percent_statements_covered_display": "100"}, "missing_lines": [], "excluded_lines": [], "start_line": 1}}, "classes": {"CapabilityToolSummary": {"executed_lines": [], "summary": {"covered_lines": 0, "num_statements": 0, "percent_covered": 100.0, "percent_covered_display": "100", "missing_lines": 0, "excluded_lines": 0, "percent_statements_covered": 100.0, "percent_statements_covered_display": "100"}, "missing_lines": [], "excluded_lines": [], "start_line": 61}, "CapabilityDescriptor": {"executed_lines": [], "summary": {"covered_lines": 0, "num_statements": 6, "percent_covered": 0.0, "percent_covered_display": "0", "missing_lines": 6, "excluded_lines": 0, "percent_statements_covered": 0.0, "percent_statements_covered_display": "0"}, "missing_lines": [129, 134, 135, 138, 139, 140], "excluded_lines": [], "start_line": 78}, "": {"executed_lines": [37, 39, 40, 41, 42, 43, 45, 46, 47, 49, 51, 61, 71, 73, 74, 75, 78, 97, 99, 103, 104, 105, 106, 107, 108, 109, 111, 143, 184, 190, 192, 194, 200, 201, 207, 214, 215, 216, 221, 223, 242, 253, 256, 259, 260, 302, 303, 330, 331], "summary": {"covered_lines": 49, "num_statements": 70, "percent_covered": 70.0, "percent_covered_display": "70", "missing_lines": 21, "excluded_lines": 1, "percent_statements_covered": 70.0, "percent_statements_covered_display": "70"}, "missing_lines": [185, 195, 202, 217, 285, 291, 292, 293, 294, 298, 299, 323, 324, 325, 326, 327, 347, 348, 349, 350, 351], "excluded_lines": [144], "start_line": 1}}}, "src/jarvis/tools/dispatch.py": {"executed_lines": [49, 51, 52, 53, 54, 55, 56, 57, 59, 60, 61, 62, 69, 70, 71, 72, 78, 86, 87, 88, 93, 106, 107, 131, 149, 164, 167, 209, 210, 365, 366, 516, 519, 520, 524, 525, 553, 559, 560, 563, 581, 625, 688, 718, 789, 865, 866, 947], "summary": {"covered_lines": 48, "num_statements": 214, "percent_covered": 22.429906542056074, "percent_covered_display": "22", "missing_lines": 166, "excluded_lines": 0, "percent_statements_covered": 22.429906542056074, "percent_statements_covered_display": "22"}, "missing_lines": [95, 194, 196, 197, 198, 199, 201, 202, 203, 204, 206, 270, 273, 274, 275, 276, 279, 280, 281, 282, 283, 284, 285, 286, 287, 290, 291, 292, 298, 299, 304, 310, 311, 312, 313, 320, 321, 322, 332, 333, 334, 340, 342, 343, 344, 346, 348, 349, 350, 351, 352, 356, 357, 358, 359, 424, 425, 428, 429, 432, 433, 436, 437, 438, 440, 441, 453, 459, 460, 461, 462, 465, 466, 477, 487, 494, 571, 572, 573, 574, 575, 576, 578, 600, 601, 602, 603, 604, 605, 610, 611, 612, 613, 616, 617, 618, 619, 620, 622, 642, 645, 648, 649, 650, 652, 653, 655, 656, 663, 672, 673, 680, 685, 707, 715, 730, 731, 732, 733, 740, 742, 747, 749, 750, 754, 755, 760, 767, 769, 770, 777, 779, 786, 802, 803, 804, 805, 812, 814, 819, 821, 822, 827, 828, 829, 830, 831, 832, 836, 843, 845, 846, 853, 855, 862, 914, 915, 921, 927, 933, 934, 936, 937, 938, 939, 944], "excluded_lines": [], "functions": {"_now_utc": {"executed_lines": [], "summary": {"covered_lines": 0, "num_statements": 1, "percent_covered": 0.0, "percent_covered_display": "0", "missing_lines": 1, "excluded_lines": 0, "percent_statements_covered": 0.0, "percent_statements_covered_display": "0"}, "missing_lines": [95], "excluded_lines": [], "start_line": 93}, "_resolve_agent_id": {"executed_lines": [], "summary": {"covered_lines": 0, "num_statements": 10, "percent_covered": 0.0, "percent_covered_display": "0", "missing_lines": 10, "excluded_lines": 0, "percent_statements_covered": 0.0, "percent_statements_covered_display": "0"}, "missing_lines": [194, 196, 197, 198, 199, 201, 202, 203, 204, 206], "excluded_lines": [], "start_line": 167}, "dispatch_by_capability": {"executed_lines": [], "summary": {"covered_lines": 0, "num_statements": 44, "percent_covered": 0.0, "percent_covered_display": "0", "missing_lines": 44, "excluded_lines": 0, "percent_statements_covered": 0.0, "percent_statements_covered_display": "0"}, "missing_lines": [270, 273, 274, 275, 276, 279, 280, 281, 282, 283, 284, 285, 286, 287, 290, 291, 292, 298, 299, 304, 310, 311, 312, 313, 320, 321, 322, 332, 333, 334, 340, 342, 343, 344, 346, 348, 349, 350, 351, 352, 356, 357, 358, 359], "excluded_lines": [], "start_line": 210}, "queue_build": {"executed_lines": [], "summary": {"covered_lines": 0, "num_statements": 21, "percent_covered": 0.0, "percent_covered_display": "0", "missing_lines": 21, "excluded_lines": 0, "percent_statements_covered": 0.0, "percent_statements_covered_display": "0"}, "missing_lines": [424, 425, 428, 429, 432, 433, 436, 437, 438, 440, 441, 453, 459, 460, 461, 462, 465, 466, 477, 487, 494], "excluded_lines": [], "start_line": 366}, "_resolve_current_session": {"executed_lines": [], "summary": {"covered_lines": 0, "num_statements": 7, "percent_covered": 0.0, "percent_covered_display": "0", "missing_lines": 7, "excluded_lines": 0, "percent_statements_covered": 0.0, "percent_statements_covered_display": "0"}, "missing_lines": [571, 572, 573, 574, 575, 576, 578], "excluded_lines": [], "start_line": 563}, "_is_async_subagent_frame": {"executed_lines": [], "summary": {"covered_lines": 0, "num_statements": 16, "percent_covered": 0.0, "percent_covered_display": "0", "missing_lines": 16, "excluded_lines": 0, "percent_statements_covered": 0.0, "percent_statements_covered_display": "0"}, "missing_lines": [600, 601, 602, 603, 604, 605, 610, 611, 612, 613, 616, 617, 618, 619, 620, 622], "excluded_lines": [], "start_line": 581}, "_check_attended_only": {"executed_lines": [], "summary": {"covered_lines": 0, "num_statements": 14, "percent_covered": 0.0, "percent_covered_display": "0", "missing_lines": 14, "excluded_lines": 0, "percent_statements_covered": 0.0, "percent_statements_covered_display": "0"}, "missing_lines": [642, 645, 648, 649, 650, 652, 653, 655, 656, 663, 672, 673, 680, 685], "excluded_lines": [], "start_line": 625}, "_emit_frontier_log": {"executed_lines": [], "summary": {"covered_lines": 0, "num_statements": 2, "percent_covered": 0.0, "percent_covered_display": "0", "missing_lines": 2, "excluded_lines": 0, "percent_statements_covered": 0.0, "percent_statements_covered_display": "0"}, "missing_lines": [707, 715], "excluded_lines": [], "start_line": 688}, "_escalate_gemini": {"executed_lines": [], "summary": {"covered_lines": 0, "num_statements": 18, "percent_covered": 0.0, "percent_covered_display": "0", "missing_lines": 18, "excluded_lines": 0, "percent_statements_covered": 0.0, "percent_statements_covered_display": "0"}, "missing_lines": [730, 731, 732, 733, 740, 742, 747, 749, 750, 754, 755, 760, 767, 769, 770, 777, 779, 786], "excluded_lines": [], "start_line": 718}, "_escalate_opus": {"executed_lines": [], "summary": {"covered_lines": 0, "num_statements": 22, "percent_covered": 0.0, "percent_covered_display": "0", "missing_lines": 22, "excluded_lines": 0, "percent_statements_covered": 0.0, "percent_statements_covered_display": "0"}, "missing_lines": [802, 803, 804, 805, 812, 814, 819, 821, 822, 827, 828, 829, 830, 831, 832, 836, 843, 845, 846, 853, 855, 862], "excluded_lines": [], "start_line": 789}, "escalate_to_frontier": {"executed_lines": [], "summary": {"covered_lines": 0, "num_statements": 11, "percent_covered": 0.0, "percent_covered_display": "0", "missing_lines": 11, "excluded_lines": 0, "percent_statements_covered": 0.0, "percent_statements_covered_display": "0"}, "missing_lines": [914, 915, 921, 927, 933, 934, 936, 937, 938, 939, 944], "excluded_lines": [], "start_line": 866}, "": {"executed_lines": [49, 51, 52, 53, 54, 55, 56, 57, 59, 60, 61, 62, 69, 70, 71, 72, 78, 86, 87, 88, 93, 106, 107, 131, 149, 164, 167, 209, 210, 365, 366, 516, 519, 520, 524, 525, 553, 559, 560, 563, 581, 625, 688, 718, 789, 865, 866, 947], "summary": {"covered_lines": 48, "num_statements": 48, "percent_covered": 100.0, "percent_covered_display": "100", "missing_lines": 0, "excluded_lines": 0, "percent_statements_covered": 100.0, "percent_statements_covered_display": "100"}, "missing_lines": [], "excluded_lines": [], "start_line": 1}}, "classes": {"": {"executed_lines": [49, 51, 52, 53, 54, 55, 56, 57, 59, 60, 61, 62, 69, 70, 71, 72, 78, 86, 87, 88, 93, 106, 107, 131, 149, 164, 167, 209, 210, 365, 366, 516, 519, 520, 524, 525, 553, 559, 560, 563, 581, 625, 688, 718, 789, 865, 866, 947], "summary": {"covered_lines": 48, "num_statements": 214, "percent_covered": 22.429906542056074, "percent_covered_display": "22", "missing_lines": 166, "excluded_lines": 0, "percent_statements_covered": 22.429906542056074, "percent_statements_covered_display": "22"}, "missing_lines": [95, 194, 196, 197, 198, 199, 201, 202, 203, 204, 206, 270, 273, 274, 275, 276, 279, 280, 281, 282, 283, 284, 285, 286, 287, 290, 291, 292, 298, 299, 304, 310, 311, 312, 313, 320, 321, 322, 332, 333, 334, 340, 342, 343, 344, 346, 348, 349, 350, 351, 352, 356, 357, 358, 359, 424, 425, 428, 429, 432, 433, 436, 437, 438, 440, 441, 453, 459, 460, 461, 462, 465, 466, 477, 487, 494, 571, 572, 573, 574, 575, 576, 578, 600, 601, 602, 603, 604, 605, 610, 611, 612, 613, 616, 617, 618, 619, 620, 622, 642, 645, 648, 649, 650, 652, 653, 655, 656, 663, 672, 673, 680, 685, 707, 715, 730, 731, 732, 733, 740, 742, 747, 749, 750, 754, 755, 760, 767, 769, 770, 777, 779, 786, 802, 803, 804, 805, 812, 814, 819, 821, 822, 827, 828, 829, 830, 831, 832, 836, 843, 845, 846, 853, 855, 862, 914, 915, 921, 927, 933, 934, 936, 937, 938, 939, 944], "excluded_lines": [], "start_line": 1}}}, "src/jarvis/tools/dispatch_types.py": {"executed_lines": [24, 26, 27, 28, 30, 32, 39, 49, 50, 53, 77, 79, 80, 81, 82, 83, 84, 93], "summary": {"covered_lines": 18, "num_statements": 19, "percent_covered": 94.73684210526316, "percent_covered_display": "95", "missing_lines": 1, "excluded_lines": 0, "percent_statements_covered": 94.73684210526316, "percent_statements_covered_display": "95"}, "missing_lines": [111], "excluded_lines": [], "functions": {"log_frontier_escalation": {"executed_lines": [], "summary": {"covered_lines": 0, "num_statements": 1, "percent_covered": 0.0, "percent_covered_display": "0", "missing_lines": 1, "excluded_lines": 0, "percent_statements_covered": 0.0, "percent_statements_covered_display": "0"}, "missing_lines": [111], "excluded_lines": [], "start_line": 93}, "": {"executed_lines": [24, 26, 27, 28, 30, 32, 39, 49, 50, 53, 77, 79, 80, 81, 82, 83, 84, 93], "summary": {"covered_lines": 18, "num_statements": 18, "percent_covered": 100.0, "percent_covered_display": "100", "missing_lines": 0, "excluded_lines": 0, "percent_statements_covered": 100.0, "percent_statements_covered_display": "100"}, "missing_lines": [], "excluded_lines": [], "start_line": 1}}, "classes": {"FrontierTarget": {"executed_lines": [], "summary": {"covered_lines": 0, "num_statements": 0, "percent_covered": 100.0, "percent_covered_display": "100", "missing_lines": 0, "excluded_lines": 0, "percent_statements_covered": 100.0, "percent_statements_covered_display": "100"}, "missing_lines": [], "excluded_lines": [], "start_line": 39}, "FrontierEscalationContext": {"executed_lines": [], "summary": {"covered_lines": 0, "num_statements": 0, "percent_covered": 100.0, "percent_covered_display": "100", "missing_lines": 0, "excluded_lines": 0, "percent_statements_covered": 100.0, "percent_statements_covered_display": "100"}, "missing_lines": [], "excluded_lines": [], "start_line": 53}, "": {"executed_lines": [24, 26, 27, 28, 30, 32, 39, 49, 50, 53, 77, 79, 80, 81, 82, 83, 84, 93], "summary": {"covered_lines": 18, "num_statements": 19, "percent_covered": 94.73684210526316, "percent_covered_display": "95", "missing_lines": 1, "excluded_lines": 0, "percent_statements_covered": 94.73684210526316, "percent_statements_covered_display": "95"}, "missing_lines": [111], "excluded_lines": [], "start_line": 1}}}, "src/jarvis/tools/general.py": {"executed_lines": [52, 54, 55, 56, 57, 58, 59, 61, 62, 63, 65, 66, 68, 83, 86, 104, 107, 116, 126, 135, 138, 174, 177, 191, 246, 247, 334, 357, 363, 390, 399, 418, 482, 483, 521, 522, 525, 538, 551, 552, 637, 638], "summary": {"covered_lines": 42, "num_statements": 216, "percent_covered": 19.444444444444443, "percent_covered_display": "19", "missing_lines": 174, "excluded_lines": 3, "percent_statements_covered": 19.444444444444443, "percent_statements_covered_display": "19"}, "missing_lines": [136, 157, 159, 163, 164, 165, 166, 179, 180, 181, 182, 183, 184, 185, 186, 187, 188, 202, 203, 204, 205, 206, 207, 208, 209, 210, 211, 214, 215, 216, 217, 218, 219, 220, 221, 222, 223, 227, 228, 229, 230, 231, 232, 238, 241, 242, 243, 271, 273, 274, 275, 276, 277, 278, 281, 282, 283, 286, 287, 288, 289, 291, 292, 295, 296, 300, 301, 302, 303, 304, 306, 307, 308, 309, 310, 315, 316, 318, 320, 321, 376, 377, 378, 379, 380, 381, 384, 385, 386, 387, 396, 407, 408, 409, 410, 411, 412, 413, 414, 415, 427, 428, 429, 431, 432, 433, 435, 441, 443, 444, 453, 454, 455, 456, 457, 458, 459, 460, 461, 462, 463, 464, 465, 467, 468, 470, 472, 476, 477, 479, 507, 508, 509, 510, 511, 535, 545, 546, 547, 548, 574, 583, 584, 586, 591, 592, 593, 600, 602, 603, 605, 606, 608, 609, 611, 612, 613, 615, 616, 617, 621, 622, 627, 628, 629, 633, 634, 666, 667, 668, 670, 671, 675, 676], "excluded_lines": [445, 447, 448], "functions": {"configure": {"executed_lines": [116], "summary": {"covered_lines": 1, "num_statements": 1, "percent_covered": 100.0, "percent_covered_display": "100", "missing_lines": 0, "excluded_lines": 0, "percent_statements_covered": 100.0, "percent_statements_covered_display": "100"}, "missing_lines": [], "excluded_lines": [], "start_line": 107}, "TavilyProvider.__init__": {"executed_lines": [], "summary": {"covered_lines": 0, "num_statements": 1, "percent_covered": 0.0, "percent_covered_display": "0", "missing_lines": 1, "excluded_lines": 0, "percent_statements_covered": 0.0, "percent_statements_covered_display": "0"}, "missing_lines": [136], "excluded_lines": [], "start_line": 135}, "TavilyProvider.search": {"executed_lines": [], "summary": {"covered_lines": 0, "num_statements": 6, "percent_covered": 0.0, "percent_covered_display": "0", "missing_lines": 6, "excluded_lines": 0, "percent_statements_covered": 0.0, "percent_statements_covered_display": "0"}, "missing_lines": [157, 159, 163, 164, 165, 166], "excluded_lines": [], "start_line": 138}, "_resolve_api_key": {"executed_lines": [], "summary": {"covered_lines": 0, "num_statements": 10, "percent_covered": 0.0, "percent_covered_display": "0", "missing_lines": 10, "excluded_lines": 0, "percent_statements_covered": 0.0, "percent_statements_covered_display": "0"}, "missing_lines": [179, 180, 181, 182, 183, 184, 185, 186, 187, 188], "excluded_lines": [], "start_line": 177}, "_coerce_results": {"executed_lines": [], "summary": {"covered_lines": 0, "num_statements": 30, "percent_covered": 0.0, "percent_covered_display": "0", "missing_lines": 30, "excluded_lines": 0, "percent_statements_covered": 0.0, "percent_statements_covered_display": "0"}, "missing_lines": [202, 203, 204, 205, 206, 207, 208, 209, 210, 211, 214, 215, 216, 217, 218, 219, 220, 221, 222, 223, 227, 228, 229, 230, 231, 232, 238, 241, 242, 243], "excluded_lines": [], "start_line": 191}, "search_web": {"executed_lines": [], "summary": {"covered_lines": 0, "num_statements": 33, "percent_covered": 0.0, "percent_covered_display": "0", "missing_lines": 33, "excluded_lines": 0, "percent_statements_covered": 0.0, "percent_statements_covered_display": "0"}, "missing_lines": [271, 273, 274, 275, 276, 277, 278, 281, 282, 283, 286, 287, 288, 289, 291, 292, 295, 296, 300, 301, 302, 303, 304, 306, 307, 308, 309, 310, 315, 316, 318, 320, 321], "excluded_lines": [], "start_line": 247}, "_detect_unsafe_token": {"executed_lines": [], "summary": {"covered_lines": 0, "num_statements": 10, "percent_covered": 0.0, "percent_covered_display": "0", "missing_lines": 10, "excluded_lines": 0, "percent_statements_covered": 0.0, "percent_statements_covered_display": "0"}, "missing_lines": [376, 377, 378, 379, 380, 381, 384, 385, 386, 387], "excluded_lines": [], "start_line": 363}, "_normalise_percent_of": {"executed_lines": [], "summary": {"covered_lines": 0, "num_statements": 1, "percent_covered": 0.0, "percent_covered_display": "0", "missing_lines": 1, "excluded_lines": 0, "percent_statements_covered": 0.0, "percent_statements_covered_display": "0"}, "missing_lines": [396], "excluded_lines": [], "start_line": 390}, "_format_calculate_result": {"executed_lines": [], "summary": {"covered_lines": 0, "num_statements": 9, "percent_covered": 0.0, "percent_covered_display": "0", "missing_lines": 9, "excluded_lines": 0, "percent_statements_covered": 0.0, "percent_statements_covered_display": "0"}, "missing_lines": [407, 408, 409, 410, 411, 412, 413, 414, 415], "excluded_lines": [], "start_line": 399}, "_evaluate_expression": {"executed_lines": [], "summary": {"covered_lines": 0, "num_statements": 30, "percent_covered": 0.0, "percent_covered_display": "0", "missing_lines": 30, "excluded_lines": 3, "percent_statements_covered": 0.0, "percent_statements_covered_display": "0"}, "missing_lines": [427, 428, 429, 431, 432, 433, 435, 441, 443, 444, 453, 454, 455, 456, 457, 458, 459, 460, 461, 462, 463, 464, 465, 467, 468, 470, 472, 476, 477, 479], "excluded_lines": [445, 447, 448], "start_line": 418}, "calculate": {"executed_lines": [], "summary": {"covered_lines": 0, "num_statements": 5, "percent_covered": 0.0, "percent_covered_display": "0", "missing_lines": 5, "excluded_lines": 0, "percent_statements_covered": 0.0, "percent_statements_covered_display": "0"}, "missing_lines": [507, 508, 509, 510, 511], "excluded_lines": [], "start_line": 483}, "_resolve_workspace_root": {"executed_lines": [], "summary": {"covered_lines": 0, "num_statements": 1, "percent_covered": 0.0, "percent_covered_display": "0", "missing_lines": 1, "excluded_lines": 0, "percent_statements_covered": 0.0, "percent_statements_covered_display": "0"}, "missing_lines": [535], "excluded_lines": [], "start_line": 525}, "_is_inside": {"executed_lines": [], "summary": {"covered_lines": 0, "num_statements": 4, "percent_covered": 0.0, "percent_covered_display": "0", "missing_lines": 4, "excluded_lines": 0, "percent_statements_covered": 0.0, "percent_statements_covered_display": "0"}, "missing_lines": [545, 546, 547, 548], "excluded_lines": [], "start_line": 538}, "read_file": {"executed_lines": [], "summary": {"covered_lines": 0, "num_statements": 27, "percent_covered": 0.0, "percent_covered_display": "0", "missing_lines": 27, "excluded_lines": 0, "percent_statements_covered": 0.0, "percent_statements_covered_display": "0"}, "missing_lines": [574, 583, 584, 586, 591, 592, 593, 600, 602, 603, 605, 606, 608, 609, 611, 612, 613, 615, 616, 617, 621, 622, 627, 628, 629, 633, 634], "excluded_lines": [], "start_line": 552}, "get_calendar_events": {"executed_lines": [], "summary": {"covered_lines": 0, "num_statements": 7, "percent_covered": 0.0, "percent_covered_display": "0", "missing_lines": 7, "excluded_lines": 0, "percent_statements_covered": 0.0, "percent_statements_covered_display": "0"}, "missing_lines": [666, 667, 668, 670, 671, 675, 676], "excluded_lines": [], "start_line": 638}, "": {"executed_lines": [52, 54, 55, 56, 57, 58, 59, 61, 62, 63, 65, 66, 68, 83, 86, 104, 107, 126, 135, 138, 174, 177, 191, 246, 247, 334, 357, 363, 390, 399, 418, 482, 483, 521, 522, 525, 538, 551, 552, 637, 638], "summary": {"covered_lines": 41, "num_statements": 41, "percent_covered": 100.0, "percent_covered_display": "100", "missing_lines": 0, "excluded_lines": 0, "percent_statements_covered": 100.0, "percent_statements_covered_display": "100"}, "missing_lines": [], "excluded_lines": [], "start_line": 1}}, "classes": {"TavilyProvider": {"executed_lines": [], "summary": {"covered_lines": 0, "num_statements": 7, "percent_covered": 0.0, "percent_covered_display": "0", "missing_lines": 7, "excluded_lines": 0, "percent_statements_covered": 0.0, "percent_statements_covered_display": "0"}, "missing_lines": [136, 157, 159, 163, 164, 165, 166], "excluded_lines": [], "start_line": 126}, "": {"executed_lines": [52, 54, 55, 56, 57, 58, 59, 61, 62, 63, 65, 66, 68, 83, 86, 104, 107, 116, 126, 135, 138, 174, 177, 191, 246, 247, 334, 357, 363, 390, 399, 418, 482, 483, 521, 522, 525, 538, 551, 552, 637, 638], "summary": {"covered_lines": 42, "num_statements": 209, "percent_covered": 20.095693779904305, "percent_covered_display": "20", "missing_lines": 167, "excluded_lines": 3, "percent_statements_covered": 20.095693779904305, "percent_statements_covered_display": "20"}, "missing_lines": [179, 180, 181, 182, 183, 184, 185, 186, 187, 188, 202, 203, 204, 205, 206, 207, 208, 209, 210, 211, 214, 215, 216, 217, 218, 219, 220, 221, 222, 223, 227, 228, 229, 230, 231, 232, 238, 241, 242, 243, 271, 273, 274, 275, 276, 277, 278, 281, 282, 283, 286, 287, 288, 289, 291, 292, 295, 296, 300, 301, 302, 303, 304, 306, 307, 308, 309, 310, 315, 316, 318, 320, 321, 376, 377, 378, 379, 380, 381, 384, 385, 386, 387, 396, 407, 408, 409, 410, 411, 412, 413, 414, 415, 427, 428, 429, 431, 432, 433, 435, 441, 443, 444, 453, 454, 455, 456, 457, 458, 459, 460, 461, 462, 463, 464, 465, 467, 468, 470, 472, 476, 477, 479, 507, 508, 509, 510, 511, 535, 545, 546, 547, 548, 574, 583, 584, 586, 591, 592, 593, 600, 602, 603, 605, 606, 608, 609, 611, 612, 613, 615, 616, 617, 621, 622, 627, 628, 629, 633, 634, 666, 667, 668, 670, 671, 675, 676], "excluded_lines": [445, 447, 448], "start_line": 1}}}, "src/jarvis/tools/types.py": {"executed_lines": [21, 23, 24, 26, 29, 36, 47, 49, 50, 51, 52, 55, 70, 72, 73, 74, 75, 76, 77, 79, 80, 86, 104, 106, 114, 115, 116, 117, 119], "summary": {"covered_lines": 29, "num_statements": 34, "percent_covered": 85.29411764705883, "percent_covered_display": "85", "missing_lines": 5, "excluded_lines": 0, "percent_statements_covered": 85.29411764705883, "percent_statements_covered_display": "85"}, "missing_lines": [81, 82, 83, 126, 127], "excluded_lines": [], "functions": {"CalendarEvent._end_must_not_precede_start": {"executed_lines": [], "summary": {"covered_lines": 0, "num_statements": 3, "percent_covered": 0.0, "percent_covered_display": "0", "missing_lines": 3, "excluded_lines": 0, "percent_statements_covered": 0.0, "percent_statements_covered_display": "0"}, "missing_lines": [81, 82, 83], "excluded_lines": [], "start_line": 80}, "DispatchError.to_tool_string": {"executed_lines": [], "summary": {"covered_lines": 0, "num_statements": 2, "percent_covered": 0.0, "percent_covered_display": "0", "missing_lines": 2, "excluded_lines": 0, "percent_statements_covered": 0.0, "percent_statements_covered_display": "0"}, "missing_lines": [126, 127], "excluded_lines": [], "start_line": 119}, "": {"executed_lines": [21, 23, 24, 26, 29, 36, 47, 49, 50, 51, 52, 55, 70, 72, 73, 74, 75, 76, 77, 79, 80, 86, 104, 106, 114, 115, 116, 117, 119], "summary": {"covered_lines": 29, "num_statements": 29, "percent_covered": 100.0, "percent_covered_display": "100", "missing_lines": 0, "excluded_lines": 0, "percent_statements_covered": 100.0, "percent_statements_covered_display": "100"}, "missing_lines": [], "excluded_lines": [], "start_line": 1}}, "classes": {"WebResult": {"executed_lines": [], "summary": {"covered_lines": 0, "num_statements": 0, "percent_covered": 100.0, "percent_covered_display": "100", "missing_lines": 0, "excluded_lines": 0, "percent_statements_covered": 100.0, "percent_statements_covered_display": "100"}, "missing_lines": [], "excluded_lines": [], "start_line": 36}, "CalendarEvent": {"executed_lines": [], "summary": {"covered_lines": 0, "num_statements": 3, "percent_covered": 0.0, "percent_covered_display": "0", "missing_lines": 3, "excluded_lines": 0, "percent_statements_covered": 0.0, "percent_statements_covered_display": "0"}, "missing_lines": [81, 82, 83], "excluded_lines": [], "start_line": 55}, "DispatchError": {"executed_lines": [], "summary": {"covered_lines": 0, "num_statements": 2, "percent_covered": 0.0, "percent_covered_display": "0", "missing_lines": 2, "excluded_lines": 0, "percent_statements_covered": 0.0, "percent_statements_covered_display": "0"}, "missing_lines": [126, 127], "excluded_lines": [], "start_line": 86}, "": {"executed_lines": [21, 23, 24, 26, 29, 36, 47, 49, 50, 51, 52, 55, 70, 72, 73, 74, 75, 76, 77, 79, 80, 86, 104, 106, 114, 115, 116, 117, 119], "summary": {"covered_lines": 29, "num_statements": 29, "percent_covered": 100.0, "percent_covered_display": "100", "missing_lines": 0, "excluded_lines": 0, "percent_statements_covered": 100.0, "percent_statements_covered_display": "100"}, "missing_lines": [], "excluded_lines": [], "start_line": 1}}}, "src/jarvis/watchers/__init__.py": {"executed_lines": [], "summary": {"covered_lines": 0, "num_statements": 0, "percent_covered": 100.0, "percent_covered_display": "100", "missing_lines": 0, "excluded_lines": 0, "percent_statements_covered": 100.0, "percent_statements_covered_display": "100"}, "missing_lines": [], "excluded_lines": [], "functions": {"": {"executed_lines": [], "summary": {"covered_lines": 0, "num_statements": 0, "percent_covered": 100.0, "percent_covered_display": "100", "missing_lines": 0, "excluded_lines": 0, "percent_statements_covered": 100.0, "percent_statements_covered_display": "100"}, "missing_lines": [], "excluded_lines": [], "start_line": 1}}, "classes": {"": {"executed_lines": [], "summary": {"covered_lines": 0, "num_statements": 0, "percent_covered": 100.0, "percent_covered_display": "100", "missing_lines": 0, "excluded_lines": 0, "percent_statements_covered": 100.0, "percent_statements_covered_display": "100"}, "missing_lines": [], "excluded_lines": [], "start_line": 1}}}}, "totals": {"covered_lines": 357, "num_statements": 1146, "percent_covered": 31.151832460732983, "percent_covered_display": "31", "missing_lines": 789, "excluded_lines": 22, "percent_statements_covered": 31.151832460732983, "percent_statements_covered_display": "31"}}