{"meta": {"format": 3, "version": "7.13.5", "timestamp": "2026-04-28T11:11:36.382042", "branch_coverage": false, "show_contexts": false}, "files": {"src/jarvis/infrastructure/nats_client.py": {"executed_lines": [39, 41, 42, 44, 45, 46, 48, 49, 63, 65, 68, 71, 85, 87, 88, 89, 95, 96, 114, 127, 130, 131, 132, 137, 143, 145, 149, 155, 156, 165, 167, 168, 176, 182, 216, 217, 218, 225, 226, 231, 236, 245, 265, 266, 268, 269, 270, 274, 278, 280, 281, 293, 295, 298, 304, 307, 315, 322], "summary": {"covered_lines": 58, "num_statements": 61, "percent_covered": 95.08196721311475, "percent_covered_display": "95", "missing_lines": 3, "excluded_lines": 4, "percent_statements_covered": 95.08196721311475, "percent_statements_covered_display": "95"}, "missing_lines": [128, 230, 324], "excluded_lines": [51, 52, 53, 54], "functions": {"NATSClient.__init__": {"executed_lines": [88, 89], "summary": {"covered_lines": 2, "num_statements": 2, "percent_covered": 100.0, "percent_covered_display": "100", "missing_lines": 0, "excluded_lines": 0, "percent_statements_covered": 100.0, "percent_statements_covered_display": "100"}, "missing_lines": [], "excluded_lines": [], "start_line": 87}, "NATSClient.connect": {"executed_lines": [114, 127, 130, 131, 132, 137, 143, 145, 149], "summary": {"covered_lines": 9, "num_statements": 10, "percent_covered": 90.0, "percent_covered_display": "90", "missing_lines": 1, "excluded_lines": 0, "percent_statements_covered": 90.0, "percent_statements_covered_display": "90"}, "missing_lines": [128], "excluded_lines": [], "start_line": 96}, "NATSClient.client": {"executed_lines": [165], "summary": {"covered_lines": 1, "num_statements": 1, "percent_covered": 100.0, "percent_covered_display": "100", "missing_lines": 0, "excluded_lines": 0, "percent_statements_covered": 100.0, "percent_statements_covered_display": "100"}, "missing_lines": [], "excluded_lines": [], "start_line": 156}, "NATSClient.js": {"executed_lines": [176], "summary": {"covered_lines": 1, "num_statements": 1, "percent_covered": 100.0, "percent_covered_display": "100", "missing_lines": 0, "excluded_lines": 0, "percent_statements_covered": 100.0, "percent_statements_covered_display": "100"}, "missing_lines": [], "excluded_lines": [], "start_line": 168}, "NATSClient.request": {"executed_lines": [216, 217, 218, 225, 226, 231, 236], "summary": {"covered_lines": 7, "num_statements": 8, "percent_covered": 87.5, "percent_covered_display": "88", "missing_lines": 1, "excluded_lines": 0, "percent_statements_covered": 87.5, "percent_statements_covered_display": "88"}, "missing_lines": [230], "excluded_lines": [], "start_line": 182}, "NATSClient.drain": {"executed_lines": [265, 266, 268, 269, 270, 274, 278, 280, 281], "summary": {"covered_lines": 9, "num_statements": 9, "percent_covered": 100.0, "percent_covered_display": "100", "missing_lines": 0, "excluded_lines": 0, "percent_statements_covered": 100.0, "percent_statements_covered_display": "100"}, "missing_lines": [], "excluded_lines": [], "start_line": 245}, "_on_reconnect": {"executed_lines": [295], "summary": {"covered_lines": 1, "num_statements": 1, "percent_covered": 100.0, "percent_covered_display": "100", "missing_lines": 0, "excluded_lines": 0, "percent_statements_covered": 100.0, "percent_statements_covered_display": "100"}, "missing_lines": [], "excluded_lines": [], "start_line": 293}, "_on_disconnect": {"executed_lines": [304], "summary": {"covered_lines": 1, "num_statements": 1, "percent_covered": 100.0, "percent_covered_display": "100", "missing_lines": 0, "excluded_lines": 0, "percent_statements_covered": 100.0, "percent_statements_covered_display": "100"}, "missing_lines": [], "excluded_lines": [], "start_line": 298}, "_on_error": {"executed_lines": [315], "summary": {"covered_lines": 1, "num_statements": 1, "percent_covered": 100.0, "percent_covered_display": "100", "missing_lines": 0, "excluded_lines": 0, "percent_statements_covered": 100.0, "percent_statements_covered_display": "100"}, "missing_lines": [], "excluded_lines": [], "start_line": 307}, "_on_closed": {"executed_lines": [], "summary": {"covered_lines": 0, "num_statements": 1, "percent_covered": 0.0, "percent_covered_display": "0", "missing_lines": 1, "excluded_lines": 0, "percent_statements_covered": 0.0, "percent_statements_covered_display": "0"}, "missing_lines": [324], "excluded_lines": [], "start_line": 322}, "": {"executed_lines": [39, 41, 42, 44, 45, 46, 48, 49, 63, 65, 68, 71, 85, 87, 95, 96, 155, 156, 167, 168, 182, 245, 293, 298, 307, 322], "summary": {"covered_lines": 26, "num_statements": 26, "percent_covered": 100.0, "percent_covered_display": "100", "missing_lines": 0, "excluded_lines": 4, "percent_statements_covered": 100.0, "percent_statements_covered_display": "100"}, "missing_lines": [], "excluded_lines": [51, 52, 53, 54], "start_line": 1}}, "classes": {"NATSClient": {"executed_lines": [88, 89, 114, 127, 130, 131, 132, 137, 143, 145, 149, 165, 176, 216, 217, 218, 225, 226, 231, 236, 265, 266, 268, 269, 270, 274, 278, 280, 281], "summary": {"covered_lines": 29, "num_statements": 31, "percent_covered": 93.54838709677419, "percent_covered_display": "94", "missing_lines": 2, "excluded_lines": 0, "percent_statements_covered": 93.54838709677419, "percent_statements_covered_display": "94"}, "missing_lines": [128, 230], "excluded_lines": [], "start_line": 71}, "": {"executed_lines": [39, 41, 42, 44, 45, 46, 48, 49, 63, 65, 68, 71, 85, 87, 95, 96, 155, 156, 167, 168, 182, 245, 293, 295, 298, 304, 307, 315, 322], "summary": {"covered_lines": 29, "num_statements": 30, "percent_covered": 96.66666666666667, "percent_covered_display": "97", "missing_lines": 1, "excluded_lines": 4, "percent_statements_covered": 96.66666666666667, "percent_statements_covered_display": "97"}, "missing_lines": [324], "excluded_lines": [51, 52, 53, 54], "start_line": 1}}}}, "totals": {"covered_lines": 58, "num_statements": 61, "percent_covered": 95.08196721311475, "percent_covered_display": "95", "missing_lines": 3, "excluded_lines": 4, "percent_statements_covered": 95.08196721311475, "percent_statements_covered_display": "95"}}