{"meta": {"format": 3, "version": "7.13.0", "timestamp": "2026-04-28T11:47:20.559061", "branch_coverage": false, "show_contexts": false}, "files": {"src/jarvis/infrastructure/capabilities_registry.py": {"executed_lines": [1, 42, 44, 45, 46, 47, 48, 50, 51, 53, 54, 55, 61, 63, 78, 79, 80, 88, 98, 109, 120, 136, 151, 159, 180, 199, 227, 228, 241, 255, 271, 272, 273, 274, 275, 276, 277, 278, 279, 280, 281, 287, 288, 322, 323, 324, 325, 329, 330, 331, 336, 342, 349, 351, 360, 361, 362, 363, 364, 366, 374, 375, 376, 386, 387, 388, 394, 409, 413, 414, 415, 416, 417, 430, 432, 445, 446, 447, 448, 450, 451, 452, 463, 464, 465, 466, 470, 471, 477, 485, 486, 487, 489, 490, 491, 492, 493, 494, 495, 497, 505, 506, 507, 508, 509, 523, 524, 537, 539, 553, 554, 555, 557, 559, 561, 567, 569, 582, 583, 585, 591, 592, 593], "summary": {"covered_lines": 119, "num_statements": 136, "percent_covered": 87.5, "percent_covered_display": "88", "missing_lines": 17, "excluded_lines": 14, "percent_statements_covered": 87.5, "percent_statements_covered_display": "88"}, "missing_lines": [195, 196, 219, 332, 333, 377, 380, 385, 418, 422, 427, 428, 429, 453, 458, 467, 469], "excluded_lines": [96, 97, 107, 108, 118, 119, 122, 123, 124, 125, 498, 499, 510, 511], "functions": {"CapabilitiesRegistry.snapshot": {"executed_lines": [], "summary": {"covered_lines": 0, "num_statements": 0, "percent_covered": 100.0, "percent_covered_display": "100", "missing_lines": 0, "excluded_lines": 1, "percent_statements_covered": 100.0, "percent_statements_covered_display": "100"}, "missing_lines": [], "excluded_lines": [96]}, "CapabilitiesRegistry.refresh": {"executed_lines": [], "summary": {"covered_lines": 0, "num_statements": 0, "percent_covered": 100.0, "percent_covered_display": "100", "missing_lines": 0, "excluded_lines": 1, "percent_statements_covered": 100.0, "percent_statements_covered_display": "100"}, "missing_lines": [], "excluded_lines": [107]}, "CapabilitiesRegistry.subscribe_updates": {"executed_lines": [], "summary": {"covered_lines": 0, "num_statements": 0, "percent_covered": 100.0, "percent_covered_display": "100", "missing_lines": 0, "excluded_lines": 1, "percent_statements_covered": 100.0, "percent_statements_covered_display": "100"}, "missing_lines": [], "excluded_lines": [118]}, "CapabilitiesRegistry.close": {"executed_lines": [], "summary": {"covered_lines": 0, "num_statements": 0, "percent_covered": 100.0, "percent_covered_display": "100", "missing_lines": 0, "excluded_lines": 1, "percent_statements_covered": 100.0, "percent_statements_covered_display": "100"}, "missing_lines": [], "excluded_lines": [122]}, "_manifest_to_descriptor": {"executed_lines": [151, 159], "summary": {"covered_lines": 2, "num_statements": 2, "percent_covered": 100.0, "percent_covered_display": "100", "missing_lines": 0, "excluded_lines": 0, "percent_statements_covered": 100.0, "percent_statements_covered_display": "100"}, "missing_lines": [], "excluded_lines": []}, "_resolve_registry": {"executed_lines": [], "summary": {"covered_lines": 0, "num_statements": 2, "percent_covered": 0.0, "percent_covered_display": "0", "missing_lines": 2, "excluded_lines": 0, "percent_statements_covered": 0.0, "percent_statements_covered_display": "0"}, "missing_lines": [195, 196], "excluded_lines": []}, "_resolve_watcher": {"executed_lines": [], "summary": {"covered_lines": 0, "num_statements": 1, "percent_covered": 0.0, "percent_covered_display": "0", "missing_lines": 1, "excluded_lines": 0, "percent_statements_covered": 0.0, "percent_statements_covered_display": "0"}, "missing_lines": [219], "excluded_lines": []}, "LiveCapabilitiesRegistry.__init__": {"executed_lines": [271, 272, 273, 274, 275, 276, 277, 278, 279, 280, 281], "summary": {"covered_lines": 11, "num_statements": 11, "percent_covered": 100.0, "percent_covered_display": "100", "missing_lines": 0, "excluded_lines": 0, "percent_statements_covered": 100.0, "percent_statements_covered_display": "100"}, "missing_lines": [], "excluded_lines": []}, "LiveCapabilitiesRegistry.create": {"executed_lines": [322, 323, 324, 325, 329, 330, 331, 336], "summary": {"covered_lines": 8, "num_statements": 10, "percent_covered": 80.0, "percent_covered_display": "80", "missing_lines": 2, "excluded_lines": 0, "percent_statements_covered": 80.0, "percent_statements_covered_display": "80"}, "missing_lines": [332, 333], "excluded_lines": []}, "LiveCapabilitiesRegistry.snapshot": {"executed_lines": [349], "summary": {"covered_lines": 1, "num_statements": 1, "percent_covered": 100.0, "percent_covered_display": "100", "missing_lines": 0, "excluded_lines": 0, "percent_statements_covered": 100.0, "percent_statements_covered_display": "100"}, "missing_lines": [], "excluded_lines": []}, "LiveCapabilitiesRegistry.refresh": {"executed_lines": [360, 361, 362, 363, 364], "summary": {"covered_lines": 5, "num_statements": 5, "percent_covered": 100.0, "percent_covered_display": "100", "missing_lines": 0, "excluded_lines": 0, "percent_statements_covered": 100.0, "percent_statements_covered_display": "100"}, "missing_lines": [], "excluded_lines": []}, "LiveCapabilitiesRegistry._force_refresh": {"executed_lines": [374, 375, 376, 386, 387, 388], "summary": {"covered_lines": 6, "num_statements": 9, "percent_covered": 66.66666666666667, "percent_covered_display": "67", "missing_lines": 3, "excluded_lines": 0, "percent_statements_covered": 66.66666666666667, "percent_statements_covered_display": "67"}, "missing_lines": [377, 380, 385], "excluded_lines": []}, "LiveCapabilitiesRegistry.subscribe_updates": {"executed_lines": [409, 413, 414, 415, 416, 417, 430], "summary": {"covered_lines": 7, "num_statements": 12, "percent_covered": 58.333333333333336, "percent_covered_display": "58", "missing_lines": 5, "excluded_lines": 0, "percent_statements_covered": 58.333333333333336, "percent_statements_covered_display": "58"}, "missing_lines": [418, 422, 427, 428, 429], "excluded_lines": []}, "LiveCapabilitiesRegistry._watch_loop": {"executed_lines": [445, 446, 447, 448, 450, 451, 452, 463, 464, 465, 466, 470, 471], "summary": {"covered_lines": 13, "num_statements": 17, "percent_covered": 76.47058823529412, "percent_covered_display": "76", "missing_lines": 4, "excluded_lines": 0, "percent_statements_covered": 76.47058823529412, "percent_statements_covered_display": "76"}, "missing_lines": [453, 458, 467, 469], "excluded_lines": []}, "LiveCapabilitiesRegistry.close": {"executed_lines": [485, 486, 487, 489, 490, 491, 492, 493, 494, 495, 497, 505, 506, 507, 508, 509], "summary": {"covered_lines": 16, "num_statements": 16, "percent_covered": 100.0, "percent_covered_display": "100", "missing_lines": 0, "excluded_lines": 4, "percent_statements_covered": 100.0, "percent_statements_covered_display": "100"}, "missing_lines": [], "excluded_lines": [498, 499, 510, 511]}, "StubCapabilitiesRegistry.__init__": {"executed_lines": [553, 554, 555], "summary": {"covered_lines": 3, "num_statements": 3, "percent_covered": 100.0, "percent_covered_display": "100", "missing_lines": 0, "excluded_lines": 0, "percent_statements_covered": 100.0, "percent_statements_covered_display": "100"}, "missing_lines": [], "excluded_lines": []}, "StubCapabilitiesRegistry.snapshot": {"executed_lines": [559], "summary": {"covered_lines": 1, "num_statements": 1, "percent_covered": 100.0, "percent_covered_display": "100", "missing_lines": 0, "excluded_lines": 0, "percent_statements_covered": 100.0, "percent_statements_covered_display": "100"}, "missing_lines": [], "excluded_lines": []}, "StubCapabilitiesRegistry.refresh": {"executed_lines": [567], "summary": {"covered_lines": 1, "num_statements": 1, "percent_covered": 100.0, "percent_covered_display": "100", "missing_lines": 0, "excluded_lines": 0, "percent_statements_covered": 100.0, "percent_statements_covered_display": "100"}, "missing_lines": [], "excluded_lines": []}, "StubCapabilitiesRegistry.subscribe_updates": {"executed_lines": [582, 583], "summary": {"covered_lines": 2, "num_statements": 2, "percent_covered": 100.0, "percent_covered_display": "100", "missing_lines": 0, "excluded_lines": 0, "percent_statements_covered": 100.0, "percent_statements_covered_display": "100"}, "missing_lines": [], "excluded_lines": []}, "StubCapabilitiesRegistry.close": {"executed_lines": [591, 592, 593], "summary": {"covered_lines": 3, "num_statements": 3, "percent_covered": 100.0, "percent_covered_display": "100", "missing_lines": 0, "excluded_lines": 0, "percent_statements_covered": 100.0, "percent_statements_covered_display": "100"}, "missing_lines": [], "excluded_lines": []}, "": {"executed_lines": [1, 42, 44, 45, 46, 47, 48, 50, 51, 53, 54, 55, 61, 63, 78, 79, 80, 88, 98, 109, 120, 136, 180, 199, 227, 228, 241, 255, 287, 288, 342, 351, 366, 394, 432, 477, 523, 524, 537, 539, 557, 561, 569, 585], "summary": {"covered_lines": 40, "num_statements": 40, "percent_covered": 100.0, "percent_covered_display": "100", "missing_lines": 0, "excluded_lines": 6, "percent_statements_covered": 100.0, "percent_statements_covered_display": "100"}, "missing_lines": [], "excluded_lines": [97, 108, 119, 123, 124, 125]}}, "classes": {"CapabilitiesRegistry": {"executed_lines": [], "summary": {"covered_lines": 0, "num_statements": 0, "percent_covered": 100.0, "percent_covered_display": "100", "missing_lines": 0, "excluded_lines": 4, "percent_statements_covered": 100.0, "percent_statements_covered_display": "100"}, "missing_lines": [], "excluded_lines": [96, 107, 118, 122]}, "LiveCapabilitiesRegistry": {"executed_lines": [271, 272, 273, 274, 275, 276, 277, 278, 279, 280, 281, 322, 323, 324, 325, 329, 330, 331, 336, 349, 360, 361, 362, 363, 364, 374, 375, 376, 386, 387, 388, 409, 413, 414, 415, 416, 417, 430, 445, 446, 447, 448, 450, 451, 452, 463, 464, 465, 466, 470, 471, 485, 486, 487, 489, 490, 491, 492, 493, 494, 495, 497, 505, 506, 507, 508, 509], "summary": {"covered_lines": 67, "num_statements": 81, "percent_covered": 82.71604938271605, "percent_covered_display": "83", "missing_lines": 14, "excluded_lines": 4, "percent_statements_covered": 82.71604938271605, "percent_statements_covered_display": "83"}, "missing_lines": [332, 333, 377, 380, 385, 418, 422, 427, 428, 429, 453, 458, 467, 469], "excluded_lines": [498, 499, 510, 511]}, "StubCapabilitiesRegistry": {"executed_lines": [553, 554, 555, 559, 567, 582, 583, 591, 592, 593], "summary": {"covered_lines": 10, "num_statements": 10, "percent_covered": 100.0, "percent_covered_display": "100", "missing_lines": 0, "excluded_lines": 0, "percent_statements_covered": 100.0, "percent_statements_covered_display": "100"}, "missing_lines": [], "excluded_lines": []}, "": {"executed_lines": [1, 42, 44, 45, 46, 47, 48, 50, 51, 53, 54, 55, 61, 63, 78, 79, 80, 88, 98, 109, 120, 136, 151, 159, 180, 199, 227, 228, 241, 255, 287, 288, 342, 351, 366, 394, 432, 477, 523, 524, 537, 539, 557, 561, 569, 585], "summary": {"covered_lines": 42, "num_statements": 45, "percent_covered": 93.33333333333333, "percent_covered_display": "93", "missing_lines": 3, "excluded_lines": 6, "percent_statements_covered": 93.33333333333333, "percent_statements_covered_display": "93"}, "missing_lines": [195, 196, 219], "excluded_lines": [97, 108, 119, 123, 124, 125]}}}}, "totals": {"covered_lines": 119, "num_statements": 136, "percent_covered": 87.5, "percent_covered_display": "88", "missing_lines": 17, "excluded_lines": 14, "percent_statements_covered": 87.5, "percent_statements_covered_display": "88"}}