{"meta": {"format": 3, "version": "7.13.0", "timestamp": "2026-04-28T11:13:59.146943", "branch_coverage": false, "show_contexts": false}, "files": {"src/jarvis/infrastructure/routing_history.py": {"executed_lines": [1, 31, 33, 34, 35, 36, 37, 38, 39, 40, 41, 43, 45, 48, 54, 55, 62, 77, 86, 87, 88, 91, 100, 101, 102, 103, 104, 105, 106, 112, 121, 129, 130, 137, 139, 142, 146, 149, 150, 152, 154, 155, 159, 163, 166, 167, 169, 171, 172, 173, 174, 175, 178, 179, 181, 183, 184, 185, 191, 199, 200, 202, 204, 207, 210, 220, 221, 223, 225, 229, 236, 239, 246, 257, 258, 266, 269, 275, 276, 282, 287, 295, 303, 313, 318, 326, 334, 337, 344, 348, 357, 358, 368, 371, 380, 390, 397, 401, 408, 417, 426, 433, 442, 449, 467, 470, 471, 478, 488, 489, 514, 526, 527, 528, 529, 535, 557, 558, 559, 561, 562, 569, 578, 586, 596, 605, 612, 613, 614, 616, 617, 633, 634, 646, 648, 649, 650, 654, 656, 659, 660, 663, 669, 674, 675, 676, 678, 679, 680, 681, 684, 685, 691, 692, 693, 695, 708, 709, 710, 711, 713, 714, 721, 726, 730, 731, 733, 734, 735, 737, 738, 749], "summary": {"covered_lines": 160, "num_statements": 165, "percent_covered": 96.96969696969697, "percent_covered_display": "97", "missing_lines": 5, "excluded_lines": 12, "percent_statements_covered": 96.96969696969697, "percent_statements_covered_display": "97"}, "missing_lines": [563, 564, 622, 623, 631], "excluded_lines": [45, 46, 478, 479, 480, 481, 482, 483, 484, 485, 486, 487], "functions": {"_redact_text": {"executed_lines": [86, 87, 88], "summary": {"covered_lines": 3, "num_statements": 3, "percent_covered": 100.0, "percent_covered_display": "100", "missing_lines": 0, "excluded_lines": 0, "percent_statements_covered": 100.0, "percent_statements_covered_display": "100"}, "missing_lines": [], "excluded_lines": []}, "_redact_recursive": {"executed_lines": [100, 101, 102, 103, 104, 105, 106], "summary": {"covered_lines": 7, "num_statements": 7, "percent_covered": 100.0, "percent_covered_display": "100", "missing_lines": 0, "excluded_lines": 0, "percent_statements_covered": 100.0, "percent_statements_covered_display": "100"}, "missing_lines": [], "excluded_lines": []}, "GraphitiClientProtocol.add_episode": {"executed_lines": [], "summary": {"covered_lines": 0, "num_statements": 0, "percent_covered": 100.0, "percent_covered_display": "100", "missing_lines": 0, "excluded_lines": 1, "percent_statements_covered": 100.0, "percent_statements_covered_display": "100"}, "missing_lines": [], "excluded_lines": [485]}, "RoutingHistoryWriter.__init__": {"executed_lines": [526, 527, 528, 529], "summary": {"covered_lines": 4, "num_statements": 4, "percent_covered": 100.0, "percent_covered_display": "100", "missing_lines": 0, "excluded_lines": 0, "percent_statements_covered": 100.0, "percent_statements_covered_display": "100"}, "missing_lines": [], "excluded_lines": []}, "RoutingHistoryWriter.write_specialist_dispatch": {"executed_lines": [557, 558, 559, 561, 562], "summary": {"covered_lines": 5, "num_statements": 7, "percent_covered": 71.42857142857143, "percent_covered_display": "71", "missing_lines": 2, "excluded_lines": 0, "percent_statements_covered": 71.42857142857143, "percent_statements_covered_display": "71"}, "missing_lines": [563, 564], "excluded_lines": []}, "RoutingHistoryWriter.write_build_queue_dispatch": {"executed_lines": [578], "summary": {"covered_lines": 1, "num_statements": 1, "percent_covered": 100.0, "percent_covered_display": "100", "missing_lines": 0, "excluded_lines": 0, "percent_statements_covered": 100.0, "percent_statements_covered_display": "100"}, "missing_lines": [], "excluded_lines": []}, "RoutingHistoryWriter.append_build_queue_event": {"executed_lines": [596], "summary": {"covered_lines": 1, "num_statements": 1, "percent_covered": 100.0, "percent_covered_display": "100", "missing_lines": 0, "excluded_lines": 0, "percent_statements_covered": 100.0, "percent_statements_covered_display": "100"}, "missing_lines": [], "excluded_lines": []}, "RoutingHistoryWriter.flush": {"executed_lines": [612, 613, 614, 616, 617, 633, 634], "summary": {"covered_lines": 7, "num_statements": 10, "percent_covered": 70.0, "percent_covered_display": "70", "missing_lines": 3, "excluded_lines": 0, "percent_statements_covered": 70.0, "percent_statements_covered_display": "70"}, "missing_lines": [622, 623, 631], "excluded_lines": []}, "RoutingHistoryWriter._warn_graphiti_unavailable_once": {"executed_lines": [648, 649, 650, 654], "summary": {"covered_lines": 4, "num_statements": 4, "percent_covered": 100.0, "percent_covered_display": "100", "missing_lines": 0, "excluded_lines": 0, "percent_statements_covered": 100.0, "percent_statements_covered_display": "100"}, "missing_lines": [], "excluded_lines": []}, "RoutingHistoryWriter._write_entry": {"executed_lines": [659, 660, 663, 669, 674, 675, 676, 678, 679, 680, 681, 684, 685, 691, 692, 693], "summary": {"covered_lines": 16, "num_statements": 16, "percent_covered": 100.0, "percent_covered_display": "100", "missing_lines": 0, "excluded_lines": 0, "percent_statements_covered": 100.0, "percent_statements_covered_display": "100"}, "missing_lines": [], "excluded_lines": []}, "RoutingHistoryWriter._offload_to_filesystem": {"executed_lines": [708, 709, 710, 711, 713, 714, 721, 726, 730, 731, 733, 734, 735, 737, 738], "summary": {"covered_lines": 15, "num_statements": 15, "percent_covered": 100.0, "percent_covered_display": "100", "missing_lines": 0, "excluded_lines": 0, "percent_statements_covered": 100.0, "percent_statements_covered_display": "100"}, "missing_lines": [], "excluded_lines": []}, "": {"executed_lines": [1, 31, 33, 34, 35, 36, 37, 38, 39, 40, 41, 43, 45, 48, 54, 55, 62, 77, 91, 112, 121, 129, 130, 137, 139, 142, 146, 149, 150, 152, 154, 155, 159, 163, 166, 167, 169, 171, 172, 173, 174, 175, 178, 179, 181, 183, 184, 185, 191, 199, 200, 202, 204, 207, 210, 220, 221, 223, 225, 229, 236, 239, 246, 257, 258, 266, 269, 275, 276, 282, 287, 295, 303, 313, 318, 326, 334, 337, 344, 348, 357, 358, 368, 371, 380, 390, 397, 401, 408, 417, 426, 433, 442, 449, 467, 470, 471, 478, 488, 489, 514, 535, 569, 586, 605, 646, 656, 695, 749], "summary": {"covered_lines": 97, "num_statements": 97, "percent_covered": 100.0, "percent_covered_display": "100", "missing_lines": 0, "excluded_lines": 11, "percent_statements_covered": 100.0, "percent_statements_covered_display": "100"}, "missing_lines": [], "excluded_lines": [45, 46, 478, 479, 480, 481, 482, 483, 484, 486, 487]}}, "classes": {"TraceRef": {"executed_lines": [], "summary": {"covered_lines": 0, "num_statements": 0, "percent_covered": 100.0, "percent_covered_display": "100", "missing_lines": 0, "excluded_lines": 0, "percent_statements_covered": 100.0, "percent_statements_covered_display": "100"}, "missing_lines": [], "excluded_lines": []}, "ToolCallRecord": {"executed_lines": [], "summary": {"covered_lines": 0, "num_statements": 0, "percent_covered": 100.0, "percent_covered_display": "100", "missing_lines": 0, "excluded_lines": 0, "percent_statements_covered": 100.0, "percent_statements_covered_display": "100"}, "missing_lines": [], "excluded_lines": []}, "ModelCallRecord": {"executed_lines": [], "summary": {"covered_lines": 0, "num_statements": 0, "percent_covered": 100.0, "percent_covered_display": "100", "missing_lines": 0, "excluded_lines": 0, "percent_statements_covered": 100.0, "percent_statements_covered_display": "100"}, "missing_lines": [], "excluded_lines": []}, "CapabilityDescriptorRef": {"executed_lines": [], "summary": {"covered_lines": 0, "num_statements": 0, "percent_covered": 100.0, "percent_covered_display": "100", "missing_lines": 0, "excluded_lines": 0, "percent_statements_covered": 100.0, "percent_statements_covered_display": "100"}, "missing_lines": [], "excluded_lines": []}, "ConcurrentWorkloadSnapshot": {"executed_lines": [], "summary": {"covered_lines": 0, "num_statements": 0, "percent_covered": 100.0, "percent_covered_display": "100", "missing_lines": 0, "excluded_lines": 0, "percent_statements_covered": 100.0, "percent_statements_covered_display": "100"}, "missing_lines": [], "excluded_lines": []}, "RedirectAttempt": {"executed_lines": [], "summary": {"covered_lines": 0, "num_statements": 0, "percent_covered": 100.0, "percent_covered_display": "100", "missing_lines": 0, "excluded_lines": 0, "percent_statements_covered": 100.0, "percent_statements_covered_display": "100"}, "missing_lines": [], "excluded_lines": []}, "JarvisRoutingHistoryEntry": {"executed_lines": [], "summary": {"covered_lines": 0, "num_statements": 0, "percent_covered": 100.0, "percent_covered_display": "100", "missing_lines": 0, "excluded_lines": 0, "percent_statements_covered": 100.0, "percent_statements_covered_display": "100"}, "missing_lines": [], "excluded_lines": []}, "GraphitiClientProtocol": {"executed_lines": [], "summary": {"covered_lines": 0, "num_statements": 0, "percent_covered": 100.0, "percent_covered_display": "100", "missing_lines": 0, "excluded_lines": 1, "percent_statements_covered": 100.0, "percent_statements_covered_display": "100"}, "missing_lines": [], "excluded_lines": [485]}, "RoutingHistoryWriter": {"executed_lines": [526, 527, 528, 529, 557, 558, 559, 561, 562, 578, 596, 612, 613, 614, 616, 617, 633, 634, 648, 649, 650, 654, 659, 660, 663, 669, 674, 675, 676, 678, 679, 680, 681, 684, 685, 691, 692, 693, 708, 709, 710, 711, 713, 714, 721, 726, 730, 731, 733, 734, 735, 737, 738], "summary": {"covered_lines": 53, "num_statements": 58, "percent_covered": 91.37931034482759, "percent_covered_display": "91", "missing_lines": 5, "excluded_lines": 0, "percent_statements_covered": 91.37931034482759, "percent_statements_covered_display": "91"}, "missing_lines": [563, 564, 622, 623, 631], "excluded_lines": []}, "": {"executed_lines": [1, 31, 33, 34, 35, 36, 37, 38, 39, 40, 41, 43, 45, 48, 54, 55, 62, 77, 86, 87, 88, 91, 100, 101, 102, 103, 104, 105, 106, 112, 121, 129, 130, 137, 139, 142, 146, 149, 150, 152, 154, 155, 159, 163, 166, 167, 169, 171, 172, 173, 174, 175, 178, 179, 181, 183, 184, 185, 191, 199, 200, 202, 204, 207, 210, 220, 221, 223, 225, 229, 236, 239, 246, 257, 258, 266, 269, 275, 276, 282, 287, 295, 303, 313, 318, 326, 334, 337, 344, 348, 357, 358, 368, 371, 380, 390, 397, 401, 408, 417, 426, 433, 442, 449, 467, 470, 471, 478, 488, 489, 514, 535, 569, 586, 605, 646, 656, 695, 749], "summary": {"covered_lines": 107, "num_statements": 107, "percent_covered": 100.0, "percent_covered_display": "100", "missing_lines": 0, "excluded_lines": 11, "percent_statements_covered": 100.0, "percent_statements_covered_display": "100"}, "missing_lines": [], "excluded_lines": [45, 46, 478, 479, 480, 481, 482, 483, 484, 486, 487]}}}}, "totals": {"covered_lines": 160, "num_statements": 165, "percent_covered": 96.96969696969697, "percent_covered_display": "97", "missing_lines": 5, "excluded_lines": 12, "percent_statements_covered": 96.96969696969697, "percent_statements_covered_display": "97"}}