<?xml version="1.0" encoding="utf-8"?><testsuites name="pytest tests"><testsuite name="pytest" errors="0" failures="3" skipped="0" tests="3" time="0.044" timestamp="2026-04-26T09:30:53.169383+01:00" hostname="Mac"><testcase classname="features.feat-jarvis-003-async-subagent-and-frontier-escape.test_feat_jarvis_003_async_subagent_and_frontier_escape" name="test_wiring_the_async_subagent_injects_the_five_middleware_operational_tools" time="0.022"><failure message="pytest_bdd.exceptions.StepDefinitionNotFoundError: Step definition is not found: Given &quot;Jarvis has started with the FEAT-JARVIS-002 tool surface intact&quot;. Line 27 in scenario &quot;Wiring the async subagent injects the five middleware operational tools&quot; in the feature &quot;/Users/richardwoollcott/Projects/appmilla_github/jarvis/.guardkit/worktrees/FEAT-J003/features/feat-jarvis-003-async-subagent-and-frontier-escape/feat-jarvis-003-async-subagent-and-frontier-escape.feature&quot;">E   pytest_bdd.exceptions.StepDefinitionNotFoundError: Step definition is not found: Given "Jarvis has started with the FEAT-JARVIS-002 tool surface intact". Line 27 in scenario "Wiring the async subagent injects the five middleware operational tools" in the feature "/Users/richardwoollcott/Projects/appmilla_github/jarvis/.guardkit/worktrees/FEAT-J003/features/feat-jarvis-003-async-subagent-and-frontier-escape/feat-jarvis-003-async-subagent-and-frontier-escape.feature"
All traceback entries are hidden. Pass `--full-trace` to see hidden and internal frames.</failure></testcase><testcase classname="features.feat-jarvis-003-async-subagent-and-frontier-escape.test_feat_jarvis_003_async_subagent_and_frontier_escape" name="test_escalate_to_frontier_is_not_present_in_the_ambient_tool_list_at_all" time="0.000"><failure message="pytest_bdd.exceptions.StepDefinitionNotFoundError: Step definition is not found: Given &quot;Jarvis has started with the FEAT-JARVIS-002 tool surface intact&quot;. Line 27 in scenario &quot;escalate_to_frontier is not present in the ambient tool list at all&quot; in the feature &quot;/Users/richardwoollcott/Projects/appmilla_github/jarvis/.guardkit/worktrees/FEAT-J003/features/feat-jarvis-003-async-subagent-and-frontier-escape/feat-jarvis-003-async-subagent-and-frontier-escape.feature&quot;">E   pytest_bdd.exceptions.StepDefinitionNotFoundError: Step definition is not found: Given "Jarvis has started with the FEAT-JARVIS-002 tool surface intact". Line 27 in scenario "escalate_to_frontier is not present in the ambient tool list at all" in the feature "/Users/richardwoollcott/Projects/appmilla_github/jarvis/.guardkit/worktrees/FEAT-J003/features/feat-jarvis-003-async-subagent-and-frontier-escape/feat-jarvis-003-async-subagent-and-frontier-escape.feature"
All traceback entries are hidden. Pass `--full-trace` to see hidden and internal frames.</failure></testcase><testcase classname="features.feat-jarvis-003-async-subagent-and-frontier-escape.test_feat_jarvis_003_async_subagent_and_frontier_escape" name="test_the_reasoning_model_cannot_add_escalate_to_frontier_to_the_ambient_tool_list_at_runtime" time="0.000"><failure message="pytest_bdd.exceptions.StepDefinitionNotFoundError: Step definition is not found: Given &quot;Jarvis has started with the FEAT-JARVIS-002 tool surface intact&quot;. Line 27 in scenario &quot;The reasoning model cannot add escalate_to_frontier to the ambient tool list at runtime&quot; in the feature &quot;/Users/richardwoollcott/Projects/appmilla_github/jarvis/.guardkit/worktrees/FEAT-J003/features/feat-jarvis-003-async-subagent-and-frontier-escape/feat-jarvis-003-async-subagent-and-frontier-escape.feature&quot;">E   pytest_bdd.exceptions.StepDefinitionNotFoundError: Step definition is not found: Given "Jarvis has started with the FEAT-JARVIS-002 tool surface intact". Line 27 in scenario "The reasoning model cannot add escalate_to_frontier to the ambient tool list at runtime" in the feature "/Users/richardwoollcott/Projects/appmilla_github/jarvis/.guardkit/worktrees/FEAT-J003/features/feat-jarvis-003-async-subagent-and-frontier-escape/feat-jarvis-003-async-subagent-and-frontier-escape.feature"
All traceback entries are hidden. Pass `--full-trace` to see hidden and internal frames.</failure></testcase></testsuite></testsuites>