<?xml version="1.0" encoding="utf-8"?><testsuites name="pytest tests"><testsuite name="pytest" errors="0" failures="2" skipped="0" tests="2" time="0.056" timestamp="2026-04-26T08:57:36.573915+01:00" hostname="Mac"><testcase classname="features.feat-jarvis-003-async-subagent-and-frontier-escape.test_feat_jarvis_003_async_subagent_and_frontier_escape" name="test_a_missing_llamaswap_alias_surfaces_as_a_structured_modelunavailable_error" time="0.032"><failure message="pytest_bdd.exceptions.StepDefinitionNotFoundError: Step definition is not found: Given &quot;Jarvis has started with the FEAT-JARVIS-002 tool surface intact&quot;. Line 27 in scenario &quot;A missing llama-swap alias surfaces as a structured model-unavailable error&quot; in the feature &quot;/Users/richardwoollcott/Projects/appmilla_github/jarvis/.guardkit/worktrees/FEAT-J003/features/feat-jarvis-003-async-subagent-and-frontier-escape/feat-jarvis-003-async-subagent-and-frontier-escape.feature&quot;">E   pytest_bdd.exceptions.StepDefinitionNotFoundError: Step definition is not found: Given "Jarvis has started with the FEAT-JARVIS-002 tool surface intact". Line 27 in scenario "A missing llama-swap alias surfaces as a structured model-unavailable error" in the feature "/Users/richardwoollcott/Projects/appmilla_github/jarvis/.guardkit/worktrees/FEAT-J003/features/feat-jarvis-003-async-subagent-and-frontier-escape/feat-jarvis-003-async-subagent-and-frontier-escape.feature"
All traceback entries are hidden. Pass `--full-trace` to see hidden and internal frames.</failure></testcase><testcase classname="features.feat-jarvis-003-async-subagent-and-frontier-escape.test_feat_jarvis_003_async_subagent_and_frontier_escape" name="test_the_llamaswap_adapter_reports_a_stub_source_in_phase_2" time="0.000"><failure message="pytest_bdd.exceptions.StepDefinitionNotFoundError: Step definition is not found: Given &quot;Jarvis has started with the FEAT-JARVIS-002 tool surface intact&quot;. Line 27 in scenario &quot;The llama-swap adapter reports a stub source in Phase 2&quot; in the feature &quot;/Users/richardwoollcott/Projects/appmilla_github/jarvis/.guardkit/worktrees/FEAT-J003/features/feat-jarvis-003-async-subagent-and-frontier-escape/feat-jarvis-003-async-subagent-and-frontier-escape.feature&quot;">E   pytest_bdd.exceptions.StepDefinitionNotFoundError: Step definition is not found: Given "Jarvis has started with the FEAT-JARVIS-002 tool surface intact". Line 27 in scenario "The llama-swap adapter reports a stub source in Phase 2" in the feature "/Users/richardwoollcott/Projects/appmilla_github/jarvis/.guardkit/worktrees/FEAT-J003/features/feat-jarvis-003-async-subagent-and-frontier-escape/feat-jarvis-003-async-subagent-and-frontier-escape.feature"
All traceback entries are hidden. Pass `--full-trace` to see hidden and internal frames.</failure></testcase></testsuite></testsuites>