<?xml version="1.0" encoding="utf-8"?><testsuites name="pytest tests"><testsuite name="pytest" errors="0" failures="2" skipped="0" tests="2" time="2.680" timestamp="2026-04-28T11:46:35.410859+01:00" hostname="Richards-MBP"><testcase classname="features.feat-jarvis-004-fleet-registration-and-specialist-dispatch.test_feat_jarvis_004_fleet_registration_and_specialist_dispatch" name="test_a_new_specialist_registering_midsession_becomes_visible_to_the_supervisor" time="0.033"><failure message="pytest_bdd.exceptions.StepDefinitionNotFoundError: Step definition is not found: Given &quot;Jarvis has been running for some time&quot;. Line 69 in scenario &quot;A new specialist registering mid-session becomes visible to the supervisor&quot; in the feature &quot;/Users/richardwoollcott/Projects/appmilla_github/jarvis/.guardkit/worktrees/FEAT-J004-702C/features/feat-jarvis-004-fleet-registration-and-specialist-dispatch/feat-jarvis-004-fleet-registration-and-specialist-dispatch.feature&quot;">E   pytest_bdd.exceptions.StepDefinitionNotFoundError: Step definition is not found: Given "Jarvis has been running for some time". Line 69 in scenario "A new specialist registering mid-session becomes visible to the supervisor" in the feature "/Users/richardwoollcott/Projects/appmilla_github/jarvis/.guardkit/worktrees/FEAT-J004-702C/features/feat-jarvis-004-fleet-registration-and-specialist-dispatch/feat-jarvis-004-fleet-registration-and-specialist-dispatch.feature"
All traceback entries are hidden. Pass `--full-trace` to see hidden and internal frames.</failure></testcase><testcase classname="features.feat-jarvis-004-fleet-registration-and-specialist-dispatch.test_feat_jarvis_004_fleet_registration_and_specialist_dispatch" name="test_a_specialist_republishing_its_manifest_middispatch_does_not_change_the_inflight_resolution" time="0.002"><failure message="pytest_bdd.exceptions.StepDefinitionNotFoundError: Step definition is not found: Given &quot;a specialist is registered for the requested capability&quot;. Line 362 in scenario &quot;A specialist republishing its manifest mid-dispatch does not change the in-flight resolution&quot; in the feature &quot;/Users/richardwoollcott/Projects/appmilla_github/jarvis/.guardkit/worktrees/FEAT-J004-702C/features/feat-jarvis-004-fleet-registration-and-specialist-dispatch/feat-jarvis-004-fleet-registration-and-specialist-dispatch.feature&quot;">E   pytest_bdd.exceptions.StepDefinitionNotFoundError: Step definition is not found: Given "a specialist is registered for the requested capability". Line 362 in scenario "A specialist republishing its manifest mid-dispatch does not change the in-flight resolution" in the feature "/Users/richardwoollcott/Projects/appmilla_github/jarvis/.guardkit/worktrees/FEAT-J004-702C/features/feat-jarvis-004-fleet-registration-and-specialist-dispatch/feat-jarvis-004-fleet-registration-and-specialist-dispatch.feature"
All traceback entries are hidden. Pass `--full-trace` to see hidden and internal frames.</failure></testcase></testsuite></testsuites>