<?xml version="1.0" encoding="utf-8"?><testsuites name="pytest tests"><testsuite name="pytest" errors="0" failures="2" skipped="0" tests="2" time="2.397" timestamp="2026-04-28T13:27:44.662238+01:00" hostname="Mac"><testcase classname="features.feat-jarvis-004-fleet-registration-and-specialist-dispatch.test_feat_jarvis_004_fleet_registration_and_specialist_dispatch" name="test_jarvis_discovers_registered_specialists_from_the_live_fleet_catalogue" time="0.033"><failure message="pytest_bdd.exceptions.StepDefinitionNotFoundError: Step definition is not found: Given &quot;two specialist agents have registered their manifests on the fleet&quot;. Line 49 in scenario &quot;Jarvis discovers registered specialists from the live fleet catalogue&quot; in the feature &quot;/Users/richardwoollcott/Projects/appmilla_github/jarvis/.guardkit/worktrees/FEAT-J004-702C/features/feat-jarvis-004-fleet-registration-and-specialist-dispatch/feat-jarvis-004-fleet-registration-and-specialist-dispatch.feature&quot;">E   pytest_bdd.exceptions.StepDefinitionNotFoundError: Step definition is not found: Given "two specialist agents have registered their manifests on the fleet". Line 49 in scenario "Jarvis discovers registered specialists from the live fleet catalogue" in the feature "/Users/richardwoollcott/Projects/appmilla_github/jarvis/.guardkit/worktrees/FEAT-J004-702C/features/feat-jarvis-004-fleet-registration-and-specialist-dispatch/feat-jarvis-004-fleet-registration-and-specialist-dispatch.feature"
All traceback entries are hidden. Pass `--full-trace` to see hidden and internal frames.</failure></testcase><testcase classname="features.feat-jarvis-004-fleet-registration-and-specialist-dispatch.test_feat_jarvis_004_fleet_registration_and_specialist_dispatch" name="test_a_specialist_deregistering_middispatch_lets_the_inflight_call_finish_against_its_original_target" time="0.001"><failure message="pytest_bdd.exceptions.StepDefinitionNotFoundError: Step definition is not found: Given &quot;a specialist is registered for the requested capability&quot;. Line 372 in scenario &quot;A specialist deregistering mid-dispatch lets the in-flight call finish against its original target&quot; in the feature &quot;/Users/richardwoollcott/Projects/appmilla_github/jarvis/.guardkit/worktrees/FEAT-J004-702C/features/feat-jarvis-004-fleet-registration-and-specialist-dispatch/feat-jarvis-004-fleet-registration-and-specialist-dispatch.feature&quot;">E   pytest_bdd.exceptions.StepDefinitionNotFoundError: Step definition is not found: Given "a specialist is registered for the requested capability". Line 372 in scenario "A specialist deregistering mid-dispatch lets the in-flight call finish against its original target" in the feature "/Users/richardwoollcott/Projects/appmilla_github/jarvis/.guardkit/worktrees/FEAT-J004-702C/features/feat-jarvis-004-fleet-registration-and-specialist-dispatch/feat-jarvis-004-fleet-registration-and-specialist-dispatch.feature"
All traceback entries are hidden. Pass `--full-trace` to see hidden and internal frames.</failure></testcase></testsuite></testsuites>