<?xml version="1.0" encoding="utf-8"?><testsuites name="pytest tests"><testsuite name="pytest" errors="0" failures="4" skipped="0" tests="4" time="0.049" timestamp="2026-04-26T09:15:21.420382+01:00" hostname="Mac"><testcase classname="features.feat-jarvis-003-async-subagent-and-frontier-escape.test_feat_jarvis_003_async_subagent_and_frontier_escape" name="test_an_ambient_session_is_rejected_if_it_somehow_invokes_escalate_to_frontier" time="0.026"><failure message="pytest_bdd.exceptions.StepDefinitionNotFoundError: Step definition is not found: Given &quot;Jarvis has started with the FEAT-JARVIS-002 tool surface intact&quot;. Line 27 in scenario &quot;An ambient session is rejected if it somehow invokes escalate_to_frontier&quot; in the feature &quot;/Users/richardwoollcott/Projects/appmilla_github/jarvis/.guardkit/worktrees/FEAT-J003/features/feat-jarvis-003-async-subagent-and-frontier-escape/feat-jarvis-003-async-subagent-and-frontier-escape.feature&quot;">E   pytest_bdd.exceptions.StepDefinitionNotFoundError: Step definition is not found: Given "Jarvis has started with the FEAT-JARVIS-002 tool surface intact". Line 27 in scenario "An ambient session is rejected if it somehow invokes escalate_to_frontier" in the feature "/Users/richardwoollcott/Projects/appmilla_github/jarvis/.guardkit/worktrees/FEAT-J003/features/feat-jarvis-003-async-subagent-and-frontier-escape/feat-jarvis-003-async-subagent-and-frontier-escape.feature"
All traceback entries are hidden. Pass `--full-trace` to see hidden and internal frames.</failure></testcase><testcase classname="features.feat-jarvis-003-async-subagent-and-frontier-escape.test_feat_jarvis_003_async_subagent_and_frontier_escape" name="test_a_call_from_an_async_subagent_frame_is_rejected_as_attendedonly" time="0.000"><failure message="pytest_bdd.exceptions.StepDefinitionNotFoundError: Step definition is not found: Given &quot;Jarvis has started with the FEAT-JARVIS-002 tool surface intact&quot;. Line 27 in scenario &quot;A call from an async subagent frame is rejected as attended-only&quot; in the feature &quot;/Users/richardwoollcott/Projects/appmilla_github/jarvis/.guardkit/worktrees/FEAT-J003/features/feat-jarvis-003-async-subagent-and-frontier-escape/feat-jarvis-003-async-subagent-and-frontier-escape.feature&quot;">E   pytest_bdd.exceptions.StepDefinitionNotFoundError: Step definition is not found: Given "Jarvis has started with the FEAT-JARVIS-002 tool surface intact". Line 27 in scenario "A call from an async subagent frame is rejected as attended-only" in the feature "/Users/richardwoollcott/Projects/appmilla_github/jarvis/.guardkit/worktrees/FEAT-J003/features/feat-jarvis-003-async-subagent-and-frontier-escape/feat-jarvis-003-async-subagent-and-frontier-escape.feature"
All traceback entries are hidden. Pass `--full-trace` to see hidden and internal frames.</failure></testcase><testcase classname="features.feat-jarvis-003-async-subagent-and-frontier-escape.test_feat_jarvis_003_async_subagent_and_frontier_escape" name="test_a_spoofedambient_invocation_from_inside_an_attended_session_is_rejected" time="0.000"><failure message="pytest_bdd.exceptions.StepDefinitionNotFoundError: Step definition is not found: Given &quot;Jarvis has started with the FEAT-JARVIS-002 tool surface intact&quot;. Line 27 in scenario &quot;A spoofed-ambient invocation from inside an attended session is rejected&quot; in the feature &quot;/Users/richardwoollcott/Projects/appmilla_github/jarvis/.guardkit/worktrees/FEAT-J003/features/feat-jarvis-003-async-subagent-and-frontier-escape/feat-jarvis-003-async-subagent-and-frontier-escape.feature&quot;">E   pytest_bdd.exceptions.StepDefinitionNotFoundError: Step definition is not found: Given "Jarvis has started with the FEAT-JARVIS-002 tool surface intact". Line 27 in scenario "A spoofed-ambient invocation from inside an attended session is rejected" in the feature "/Users/richardwoollcott/Projects/appmilla_github/jarvis/.guardkit/worktrees/FEAT-J003/features/feat-jarvis-003-async-subagent-and-frontier-escape/feat-jarvis-003-async-subagent-and-frontier-escape.feature"
All traceback entries are hidden. Pass `--full-trace` to see hidden and internal frames.</failure></testcase><testcase classname="features.feat-jarvis-003-async-subagent-and-frontier-escape.test_feat_jarvis_003_async_subagent_and_frontier_escape" name="test_a_promptinjection_instruction_does_not_bypass_the_attendedonly_gate" time="0.000"><failure message="pytest_bdd.exceptions.StepDefinitionNotFoundError: Step definition is not found: Given &quot;Jarvis has started with the FEAT-JARVIS-002 tool surface intact&quot;. Line 27 in scenario &quot;A prompt-injection instruction does not bypass the attended-only gate&quot; in the feature &quot;/Users/richardwoollcott/Projects/appmilla_github/jarvis/.guardkit/worktrees/FEAT-J003/features/feat-jarvis-003-async-subagent-and-frontier-escape/feat-jarvis-003-async-subagent-and-frontier-escape.feature&quot;">E   pytest_bdd.exceptions.StepDefinitionNotFoundError: Step definition is not found: Given "Jarvis has started with the FEAT-JARVIS-002 tool surface intact". Line 27 in scenario "A prompt-injection instruction does not bypass the attended-only gate" in the feature "/Users/richardwoollcott/Projects/appmilla_github/jarvis/.guardkit/worktrees/FEAT-J003/features/feat-jarvis-003-async-subagent-and-frontier-escape/feat-jarvis-003-async-subagent-and-frontier-escape.feature"
All traceback entries are hidden. Pass `--full-trace` to see hidden and internal frames.</failure></testcase></testsuite></testsuites>