<?xml version="1.0" encoding="utf-8"?><testsuites name="pytest tests"><testsuite name="pytest" errors="0" failures="0" skipped="0" tests="2" time="2.557" timestamp="2026-04-28T11:31:27.481073+01:00" hostname="Richards-MBP"><testcase classname="features.feat-jarvis-004-fleet-registration-and-specialist-dispatch.test_feat_jarvis_004_fleet_registration_and_specialist_dispatch" name="test_jarvis_publishes_its_own_manifest_on_fleetregister_at_startup" time="0.029" /><testcase classname="features.feat-jarvis-004-fleet-registration-and-specialist-dispatch.test_feat_jarvis_004_fleet_registration_and_specialist_dispatch" name="test_jarvis_republishes_its_manifest_periodically_as_a_heartbeat" time="0.002" /></testsuite></testsuites>