<?xml version="1.0" encoding="utf-8"?><testsuites name="pytest tests"><testsuite name="pytest" errors="0" failures="5" skipped="0" tests="5" time="2.507" timestamp="2026-04-28T13:09:56.829853+01:00" hostname="Richards-MBP"><testcase classname="features.feat-jarvis-004-fleet-registration-and-specialist-dispatch.test_feat_jarvis_004_fleet_registration_and_specialist_dispatch" name="test_the_concurrent_dispatch_slot_is_released_on_every_dispatch_outcome[success]" time="0.031"><failure message="pytest_bdd.exceptions.StepDefinitionNotFoundError: Step definition is not found: Given &quot;the dispatch system is fully saturated with one slot held by an in-flight dispatch&quot;. Line 382 in scenario &quot;The concurrent dispatch slot is released on every dispatch outcome&quot; in the feature &quot;/Users/richardwoollcott/Projects/appmilla_github/jarvis/.guardkit/worktrees/FEAT-J004-702C/features/feat-jarvis-004-fleet-registration-and-specialist-dispatch/feat-jarvis-004-fleet-registration-and-specialist-dispatch.feature&quot;">E   pytest_bdd.exceptions.StepDefinitionNotFoundError: Step definition is not found: Given "the dispatch system is fully saturated with one slot held by an in-flight dispatch". Line 382 in scenario "The concurrent dispatch slot is released on every dispatch outcome" in the feature "/Users/richardwoollcott/Projects/appmilla_github/jarvis/.guardkit/worktrees/FEAT-J004-702C/features/feat-jarvis-004-fleet-registration-and-specialist-dispatch/feat-jarvis-004-fleet-registration-and-specialist-dispatch.feature"
All traceback entries are hidden. Pass `--full-trace` to see hidden and internal frames.</failure></testcase><testcase classname="features.feat-jarvis-004-fleet-registration-and-specialist-dispatch.test_feat_jarvis_004_fleet_registration_and_specialist_dispatch" name="test_the_concurrent_dispatch_slot_is_released_on_every_dispatch_outcome[timeout]" time="0.001"><failure message="pytest_bdd.exceptions.StepDefinitionNotFoundError: Step definition is not found: Given &quot;the dispatch system is fully saturated with one slot held by an in-flight dispatch&quot;. Line 382 in scenario &quot;The concurrent dispatch slot is released on every dispatch outcome&quot; in the feature &quot;/Users/richardwoollcott/Projects/appmilla_github/jarvis/.guardkit/worktrees/FEAT-J004-702C/features/feat-jarvis-004-fleet-registration-and-specialist-dispatch/feat-jarvis-004-fleet-registration-and-specialist-dispatch.feature&quot;">E   pytest_bdd.exceptions.StepDefinitionNotFoundError: Step definition is not found: Given "the dispatch system is fully saturated with one slot held by an in-flight dispatch". Line 382 in scenario "The concurrent dispatch slot is released on every dispatch outcome" in the feature "/Users/richardwoollcott/Projects/appmilla_github/jarvis/.guardkit/worktrees/FEAT-J004-702C/features/feat-jarvis-004-fleet-registration-and-specialist-dispatch/feat-jarvis-004-fleet-registration-and-specialist-dispatch.feature"
All traceback entries are hidden. Pass `--full-trace` to see hidden and internal frames.</failure></testcase><testcase classname="features.feat-jarvis-004-fleet-registration-and-specialist-dispatch.test_feat_jarvis_004_fleet_registration_and_specialist_dispatch" name="test_the_concurrent_dispatch_slot_is_released_on_every_dispatch_outcome[specialist error]" time="0.001"><failure message="pytest_bdd.exceptions.StepDefinitionNotFoundError: Step definition is not found: Given &quot;the dispatch system is fully saturated with one slot held by an in-flight dispatch&quot;. Line 382 in scenario &quot;The concurrent dispatch slot is released on every dispatch outcome&quot; in the feature &quot;/Users/richardwoollcott/Projects/appmilla_github/jarvis/.guardkit/worktrees/FEAT-J004-702C/features/feat-jarvis-004-fleet-registration-and-specialist-dispatch/feat-jarvis-004-fleet-registration-and-specialist-dispatch.feature&quot;">E   pytest_bdd.exceptions.StepDefinitionNotFoundError: Step definition is not found: Given "the dispatch system is fully saturated with one slot held by an in-flight dispatch". Line 382 in scenario "The concurrent dispatch slot is released on every dispatch outcome" in the feature "/Users/richardwoollcott/Projects/appmilla_github/jarvis/.guardkit/worktrees/FEAT-J004-702C/features/feat-jarvis-004-fleet-registration-and-specialist-dispatch/feat-jarvis-004-fleet-registration-and-specialist-dispatch.feature"
All traceback entries are hidden. Pass `--full-trace` to see hidden and internal frames.</failure></testcase><testcase classname="features.feat-jarvis-004-fleet-registration-and-specialist-dispatch.test_feat_jarvis_004_fleet_registration_and_specialist_dispatch" name="test_the_concurrent_dispatch_slot_is_released_on_every_dispatch_outcome[transport unavailable]" time="0.001"><failure message="pytest_bdd.exceptions.StepDefinitionNotFoundError: Step definition is not found: Given &quot;the dispatch system is fully saturated with one slot held by an in-flight dispatch&quot;. Line 382 in scenario &quot;The concurrent dispatch slot is released on every dispatch outcome&quot; in the feature &quot;/Users/richardwoollcott/Projects/appmilla_github/jarvis/.guardkit/worktrees/FEAT-J004-702C/features/feat-jarvis-004-fleet-registration-and-specialist-dispatch/feat-jarvis-004-fleet-registration-and-specialist-dispatch.feature&quot;">E   pytest_bdd.exceptions.StepDefinitionNotFoundError: Step definition is not found: Given "the dispatch system is fully saturated with one slot held by an in-flight dispatch". Line 382 in scenario "The concurrent dispatch slot is released on every dispatch outcome" in the feature "/Users/richardwoollcott/Projects/appmilla_github/jarvis/.guardkit/worktrees/FEAT-J004-702C/features/feat-jarvis-004-fleet-registration-and-specialist-dispatch/feat-jarvis-004-fleet-registration-and-specialist-dispatch.feature"
All traceback entries are hidden. Pass `--full-trace` to see hidden and internal frames.</failure></testcase><testcase classname="features.feat-jarvis-004-fleet-registration-and-specialist-dispatch.test_feat_jarvis_004_fleet_registration_and_specialist_dispatch" name="test_the_concurrent_dispatch_slot_is_released_on_every_dispatch_outcome[unresolved]" time="0.002"><failure message="pytest_bdd.exceptions.StepDefinitionNotFoundError: Step definition is not found: Given &quot;the dispatch system is fully saturated with one slot held by an in-flight dispatch&quot;. Line 382 in scenario &quot;The concurrent dispatch slot is released on every dispatch outcome&quot; in the feature &quot;/Users/richardwoollcott/Projects/appmilla_github/jarvis/.guardkit/worktrees/FEAT-J004-702C/features/feat-jarvis-004-fleet-registration-and-specialist-dispatch/feat-jarvis-004-fleet-registration-and-specialist-dispatch.feature&quot;">E   pytest_bdd.exceptions.StepDefinitionNotFoundError: Step definition is not found: Given "the dispatch system is fully saturated with one slot held by an in-flight dispatch". Line 382 in scenario "The concurrent dispatch slot is released on every dispatch outcome" in the feature "/Users/richardwoollcott/Projects/appmilla_github/jarvis/.guardkit/worktrees/FEAT-J004-702C/features/feat-jarvis-004-fleet-registration-and-specialist-dispatch/feat-jarvis-004-fleet-registration-and-specialist-dispatch.feature"
All traceback entries are hidden. Pass `--full-trace` to see hidden and internal frames.</failure></testcase></testsuite></testsuites>