<?xml version="1.0" encoding="utf-8"?><testsuites name="pytest tests"><testsuite name="pytest" errors="0" failures="9" skipped="0" tests="9" time="0.090" timestamp="2026-04-26T08:56:09.401073+01:00" hostname="Mac"><testcase classname="features.feat-jarvis-003-async-subagent-and-frontier-escape.test_feat_jarvis_003_async_subagent_and_frontier_escape" name="test_dispatching_to_the_critic_role_launches_an_async_task_and_returns_a_task_identifier" time="0.034"><failure message="pytest_bdd.exceptions.StepDefinitionNotFoundError: Step definition is not found: Given &quot;Jarvis has started with the FEAT-JARVIS-002 tool surface intact&quot;. Line 27 in scenario &quot;Dispatching to the critic role launches an async task and returns a task identifier&quot; in the feature &quot;/Users/richardwoollcott/Projects/appmilla_github/jarvis/.guardkit/worktrees/FEAT-J003/features/feat-jarvis-003-async-subagent-and-frontier-escape/feat-jarvis-003-async-subagent-and-frontier-escape.feature&quot;">E   pytest_bdd.exceptions.StepDefinitionNotFoundError: Step definition is not found: Given "Jarvis has started with the FEAT-JARVIS-002 tool surface intact". Line 27 in scenario "Dispatching to the critic role launches an async task and returns a task identifier" in the feature "/Users/richardwoollcott/Projects/appmilla_github/jarvis/.guardkit/worktrees/FEAT-J003/features/feat-jarvis-003-async-subagent-and-frontier-escape/feat-jarvis-003-async-subagent-and-frontier-escape.feature"
All traceback entries are hidden. Pass `--full-trace` to see hidden and internal frames.</failure></testcase><testcase classname="features.feat-jarvis-003-async-subagent-and-frontier-escape.test_feat_jarvis_003_async_subagent_and_frontier_escape" name="test_dispatching_to_the_researcher_role_uses_the_openended_research_posture" time="0.000"><failure message="pytest_bdd.exceptions.StepDefinitionNotFoundError: Step definition is not found: Given &quot;Jarvis has started with the FEAT-JARVIS-002 tool surface intact&quot;. Line 27 in scenario &quot;Dispatching to the researcher role uses the open-ended research posture&quot; in the feature &quot;/Users/richardwoollcott/Projects/appmilla_github/jarvis/.guardkit/worktrees/FEAT-J003/features/feat-jarvis-003-async-subagent-and-frontier-escape/feat-jarvis-003-async-subagent-and-frontier-escape.feature&quot;">E   pytest_bdd.exceptions.StepDefinitionNotFoundError: Step definition is not found: Given "Jarvis has started with the FEAT-JARVIS-002 tool surface intact". Line 27 in scenario "Dispatching to the researcher role uses the open-ended research posture" in the feature "/Users/richardwoollcott/Projects/appmilla_github/jarvis/.guardkit/worktrees/FEAT-J003/features/feat-jarvis-003-async-subagent-and-frontier-escape/feat-jarvis-003-async-subagent-and-frontier-escape.feature"
All traceback entries are hidden. Pass `--full-trace` to see hidden and internal frames.</failure></testcase><testcase classname="features.feat-jarvis-003-async-subagent-and-frontier-escape.test_feat_jarvis_003_async_subagent_and_frontier_escape" name="test_dispatching_to_the_planner_role_uses_the_multistep_planning_posture" time="0.000"><failure message="pytest_bdd.exceptions.StepDefinitionNotFoundError: Step definition is not found: Given &quot;Jarvis has started with the FEAT-JARVIS-002 tool surface intact&quot;. Line 27 in scenario &quot;Dispatching to the planner role uses the multi-step planning posture&quot; in the feature &quot;/Users/richardwoollcott/Projects/appmilla_github/jarvis/.guardkit/worktrees/FEAT-J003/features/feat-jarvis-003-async-subagent-and-frontier-escape/feat-jarvis-003-async-subagent-and-frontier-escape.feature&quot;">E   pytest_bdd.exceptions.StepDefinitionNotFoundError: Step definition is not found: Given "Jarvis has started with the FEAT-JARVIS-002 tool surface intact". Line 27 in scenario "Dispatching to the planner role uses the multi-step planning posture" in the feature "/Users/richardwoollcott/Projects/appmilla_github/jarvis/.guardkit/worktrees/FEAT-J003/features/feat-jarvis-003-async-subagent-and-frontier-escape/feat-jarvis-003-async-subagent-and-frontier-escape.feature"
All traceback entries are hidden. Pass `--full-trace` to see hidden and internal frames.</failure></testcase><testcase classname="features.feat-jarvis-003-async-subagent-and-frontier-escape.test_feat_jarvis_003_async_subagent_and_frontier_escape" name="test_unknown_role_values_are_rejected_with_a_structured_error[bard]" time="0.000"><failure message="pytest_bdd.exceptions.StepDefinitionNotFoundError: Step definition is not found: Given &quot;Jarvis has started with the FEAT-JARVIS-002 tool surface intact&quot;. Line 27 in scenario &quot;Unknown role values are rejected with a structured error&quot; in the feature &quot;/Users/richardwoollcott/Projects/appmilla_github/jarvis/.guardkit/worktrees/FEAT-J003/features/feat-jarvis-003-async-subagent-and-frontier-escape/feat-jarvis-003-async-subagent-and-frontier-escape.feature&quot;">E   pytest_bdd.exceptions.StepDefinitionNotFoundError: Step definition is not found: Given "Jarvis has started with the FEAT-JARVIS-002 tool surface intact". Line 27 in scenario "Unknown role values are rejected with a structured error" in the feature "/Users/richardwoollcott/Projects/appmilla_github/jarvis/.guardkit/worktrees/FEAT-J003/features/feat-jarvis-003-async-subagent-and-frontier-escape/feat-jarvis-003-async-subagent-and-frontier-escape.feature"
All traceback entries are hidden. Pass `--full-trace` to see hidden and internal frames.</failure></testcase><testcase classname="features.feat-jarvis-003-async-subagent-and-frontier-escape.test_feat_jarvis_003_async_subagent_and_frontier_escape" name="test_unknown_role_values_are_rejected_with_a_structured_error[adversarial]" time="0.000"><failure message="pytest_bdd.exceptions.StepDefinitionNotFoundError: Step definition is not found: Given &quot;Jarvis has started with the FEAT-JARVIS-002 tool surface intact&quot;. Line 27 in scenario &quot;Unknown role values are rejected with a structured error&quot; in the feature &quot;/Users/richardwoollcott/Projects/appmilla_github/jarvis/.guardkit/worktrees/FEAT-J003/features/feat-jarvis-003-async-subagent-and-frontier-escape/feat-jarvis-003-async-subagent-and-frontier-escape.feature&quot;">E   pytest_bdd.exceptions.StepDefinitionNotFoundError: Step definition is not found: Given "Jarvis has started with the FEAT-JARVIS-002 tool surface intact". Line 27 in scenario "Unknown role values are rejected with a structured error" in the feature "/Users/richardwoollcott/Projects/appmilla_github/jarvis/.guardkit/worktrees/FEAT-J003/features/feat-jarvis-003-async-subagent-and-frontier-escape/feat-jarvis-003-async-subagent-and-frontier-escape.feature"
All traceback entries are hidden. Pass `--full-trace` to see hidden and internal frames.</failure></testcase><testcase classname="features.feat-jarvis-003-async-subagent-and-frontier-escape.test_feat_jarvis_003_async_subagent_and_frontier_escape" name="test_unknown_role_values_are_rejected_with_a_structured_error[CRITIC]" time="0.000"><failure message="pytest_bdd.exceptions.StepDefinitionNotFoundError: Step definition is not found: Given &quot;Jarvis has started with the FEAT-JARVIS-002 tool surface intact&quot;. Line 27 in scenario &quot;Unknown role values are rejected with a structured error&quot; in the feature &quot;/Users/richardwoollcott/Projects/appmilla_github/jarvis/.guardkit/worktrees/FEAT-J003/features/feat-jarvis-003-async-subagent-and-frontier-escape/feat-jarvis-003-async-subagent-and-frontier-escape.feature&quot;">E   pytest_bdd.exceptions.StepDefinitionNotFoundError: Step definition is not found: Given "Jarvis has started with the FEAT-JARVIS-002 tool surface intact". Line 27 in scenario "Unknown role values are rejected with a structured error" in the feature "/Users/richardwoollcott/Projects/appmilla_github/jarvis/.guardkit/worktrees/FEAT-J003/features/feat-jarvis-003-async-subagent-and-frontier-escape/feat-jarvis-003-async-subagent-and-frontier-escape.feature"
All traceback entries are hidden. Pass `--full-trace` to see hidden and internal frames.</failure></testcase><testcase classname="features.feat-jarvis-003-async-subagent-and-frontier-escape.test_feat_jarvis_003_async_subagent_and_frontier_escape" name="test_unknown_role_values_are_rejected_with_a_structured_error[&quot;&quot;]" time="0.000"><failure message="pytest_bdd.exceptions.StepDefinitionNotFoundError: Step definition is not found: Given &quot;Jarvis has started with the FEAT-JARVIS-002 tool surface intact&quot;. Line 27 in scenario &quot;Unknown role values are rejected with a structured error&quot; in the feature &quot;/Users/richardwoollcott/Projects/appmilla_github/jarvis/.guardkit/worktrees/FEAT-J003/features/feat-jarvis-003-async-subagent-and-frontier-escape/feat-jarvis-003-async-subagent-and-frontier-escape.feature&quot;">E   pytest_bdd.exceptions.StepDefinitionNotFoundError: Step definition is not found: Given "Jarvis has started with the FEAT-JARVIS-002 tool surface intact". Line 27 in scenario "Unknown role values are rejected with a structured error" in the feature "/Users/richardwoollcott/Projects/appmilla_github/jarvis/.guardkit/worktrees/FEAT-J003/features/feat-jarvis-003-async-subagent-and-frontier-escape/feat-jarvis-003-async-subagent-and-frontier-escape.feature"
All traceback entries are hidden. Pass `--full-trace` to see hidden and internal frames.</failure></testcase><testcase classname="features.feat-jarvis-003-async-subagent-and-frontier-escape.test_feat_jarvis_003_async_subagent_and_frontier_escape" name="test_importing_the_jarvisreasoner_subagent_module_compiles_its_graph" time="0.000"><failure message="pytest_bdd.exceptions.StepDefinitionNotFoundError: Step definition is not found: Given &quot;Jarvis has started with the FEAT-JARVIS-002 tool surface intact&quot;. Line 27 in scenario &quot;Importing the jarvis-reasoner subagent module compiles its graph&quot; in the feature &quot;/Users/richardwoollcott/Projects/appmilla_github/jarvis/.guardkit/worktrees/FEAT-J003/features/feat-jarvis-003-async-subagent-and-frontier-escape/feat-jarvis-003-async-subagent-and-frontier-escape.feature&quot;">E   pytest_bdd.exceptions.StepDefinitionNotFoundError: Step definition is not found: Given "Jarvis has started with the FEAT-JARVIS-002 tool surface intact". Line 27 in scenario "Importing the jarvis-reasoner subagent module compiles its graph" in the feature "/Users/richardwoollcott/Projects/appmilla_github/jarvis/.guardkit/worktrees/FEAT-J003/features/feat-jarvis-003-async-subagent-and-frontier-escape/feat-jarvis-003-async-subagent-and-frontier-escape.feature"
All traceback entries are hidden. Pass `--full-trace` to see hidden and internal frames.</failure></testcase><testcase classname="features.feat-jarvis-003-async-subagent-and-frontier-escape.test_feat_jarvis_003_async_subagent_and_frontier_escape" name="test_the_jarvisreasoner_subagent_graph_carries_no_tools_of_its_own" time="0.000"><failure message="pytest_bdd.exceptions.StepDefinitionNotFoundError: Step definition is not found: Given &quot;Jarvis has started with the FEAT-JARVIS-002 tool surface intact&quot;. Line 27 in scenario &quot;The jarvis-reasoner subagent graph carries no tools of its own&quot; in the feature &quot;/Users/richardwoollcott/Projects/appmilla_github/jarvis/.guardkit/worktrees/FEAT-J003/features/feat-jarvis-003-async-subagent-and-frontier-escape/feat-jarvis-003-async-subagent-and-frontier-escape.feature&quot;">E   pytest_bdd.exceptions.StepDefinitionNotFoundError: Step definition is not found: Given "Jarvis has started with the FEAT-JARVIS-002 tool surface intact". Line 27 in scenario "The jarvis-reasoner subagent graph carries no tools of its own" in the feature "/Users/richardwoollcott/Projects/appmilla_github/jarvis/.guardkit/worktrees/FEAT-J003/features/feat-jarvis-003-async-subagent-and-frontier-escape/feat-jarvis-003-async-subagent-and-frontier-escape.feature"
All traceback entries are hidden. Pass `--full-trace` to see hidden and internal frames.</failure></testcase></testsuite></testsuites>