<?xml version="1.0" encoding="utf-8"?><testsuites name="pytest tests"><testsuite name="pytest" errors="0" failures="5" skipped="0" tests="5" time="1.672" timestamp="2026-04-28T13:13:58.570610+01:00" hostname="Richards-MBP"><testcase classname="features.feat-jarvis-004-fleet-registration-and-specialist-dispatch.test_feat_jarvis_004_fleet_registration_and_specialist_dispatch" name="test_jarvis_still_starts_when_nats_is_unreachable_and_dispatch_surfaces_a_degraded_transport" time="0.027"><failure message="pytest_bdd.exceptions.StepDefinitionNotFoundError: Step definition is not found: Given &quot;the configured NATS endpoint is unreachable&quot;. Line 204 in scenario &quot;Jarvis still starts when NATS is unreachable and dispatch surfaces a degraded transport&quot; in the feature &quot;/Users/richardwoollcott/Projects/appmilla_github/jarvis/.guardkit/worktrees/FEAT-J004-702C/features/feat-jarvis-004-fleet-registration-and-specialist-dispatch/feat-jarvis-004-fleet-registration-and-specialist-dispatch.feature&quot;">E   pytest_bdd.exceptions.StepDefinitionNotFoundError: Step definition is not found: Given "the configured NATS endpoint is unreachable". Line 204 in scenario "Jarvis still starts when NATS is unreachable and dispatch surfaces a degraded transport" in the feature "/Users/richardwoollcott/Projects/appmilla_github/jarvis/.guardkit/worktrees/FEAT-J004-702C/features/feat-jarvis-004-fleet-registration-and-specialist-dispatch/feat-jarvis-004-fleet-registration-and-specialist-dispatch.feature"
All traceback entries are hidden. Pass `--full-trace` to see hidden and internal frames.</failure></testcase><testcase classname="features.feat-jarvis-004-fleet-registration-and-specialist-dispatch.test_feat_jarvis_004_fleet_registration_and_specialist_dispatch" name="test_refreshing_the_catalogue_while_nats_is_unavailable_reports_a_degraded_transport" time="0.001"><failure message="pytest_bdd.exceptions.StepDefinitionNotFoundError: Step definition is not found: Given &quot;Jarvis has started in NATS-unavailable mode&quot;. Line 216 in scenario &quot;Refreshing the catalogue while NATS is unavailable reports a degraded transport&quot; in the feature &quot;/Users/richardwoollcott/Projects/appmilla_github/jarvis/.guardkit/worktrees/FEAT-J004-702C/features/feat-jarvis-004-fleet-registration-and-specialist-dispatch/feat-jarvis-004-fleet-registration-and-specialist-dispatch.feature&quot;">E   pytest_bdd.exceptions.StepDefinitionNotFoundError: Step definition is not found: Given "Jarvis has started in NATS-unavailable mode". Line 216 in scenario "Refreshing the catalogue while NATS is unavailable reports a degraded transport" in the feature "/Users/richardwoollcott/Projects/appmilla_github/jarvis/.guardkit/worktrees/FEAT-J004-702C/features/feat-jarvis-004-fleet-registration-and-specialist-dispatch/feat-jarvis-004-fleet-registration-and-specialist-dispatch.feature"
All traceback entries are hidden. Pass `--full-trace` to see hidden and internal frames.</failure></testcase><testcase classname="features.feat-jarvis-004-fleet-registration-and-specialist-dispatch.test_feat_jarvis_004_fleet_registration_and_specialist_dispatch" name="test_a_nats_connection_failure_middispatch_surfaces_transportunavailable_without_a_redirect" time="0.001"><failure message="pytest_bdd.exceptions.StepDefinitionNotFoundError: Step definition is not found: Given &quot;two specialists are registered for the requested capability&quot;. Line 273 in scenario &quot;A NATS connection failure mid-dispatch surfaces transport-unavailable without a redirect&quot; in the feature &quot;/Users/richardwoollcott/Projects/appmilla_github/jarvis/.guardkit/worktrees/FEAT-J004-702C/features/feat-jarvis-004-fleet-registration-and-specialist-dispatch/feat-jarvis-004-fleet-registration-and-specialist-dispatch.feature&quot;">E   pytest_bdd.exceptions.StepDefinitionNotFoundError: Step definition is not found: Given "two specialists are registered for the requested capability". Line 273 in scenario "A NATS connection failure mid-dispatch surfaces transport-unavailable without a redirect" in the feature "/Users/richardwoollcott/Projects/appmilla_github/jarvis/.guardkit/worktrees/FEAT-J004-702C/features/feat-jarvis-004-fleet-registration-and-specialist-dispatch/feat-jarvis-004-fleet-registration-and-specialist-dispatch.feature"
All traceback entries are hidden. Pass `--full-trace` to see hidden and internal frames.</failure></testcase><testcase classname="features.feat-jarvis-004-fleet-registration-and-specialist-dispatch.test_feat_jarvis_004_fleet_registration_and_specialist_dispatch" name="test_dispatches_still_succeed_when_the_routing_history_substrate_is_unreachable" time="0.001"><failure message="pytest_bdd.exceptions.StepDefinitionNotFoundError: Step definition is not found: Given &quot;the configured Graphiti endpoint is unreachable at startup&quot;. Line 285 in scenario &quot;Dispatches still succeed when the routing history substrate is unreachable&quot; in the feature &quot;/Users/richardwoollcott/Projects/appmilla_github/jarvis/.guardkit/worktrees/FEAT-J004-702C/features/feat-jarvis-004-fleet-registration-and-specialist-dispatch/feat-jarvis-004-fleet-registration-and-specialist-dispatch.feature&quot;">E   pytest_bdd.exceptions.StepDefinitionNotFoundError: Step definition is not found: Given "the configured Graphiti endpoint is unreachable at startup". Line 285 in scenario "Dispatches still succeed when the routing history substrate is unreachable" in the feature "/Users/richardwoollcott/Projects/appmilla_github/jarvis/.guardkit/worktrees/FEAT-J004-702C/features/feat-jarvis-004-fleet-registration-and-specialist-dispatch/feat-jarvis-004-fleet-registration-and-specialist-dispatch.feature"
All traceback entries are hidden. Pass `--full-trace` to see hidden and internal frames.</failure></testcase><testcase classname="features.feat-jarvis-004-fleet-registration-and-specialist-dispatch.test_feat_jarvis_004_fleet_registration_and_specialist_dispatch" name="test_both_transport_and_learning_substrate_unavailable__jarvis_still_starts" time="0.001"><failure message="pytest_bdd.exceptions.StepDefinitionNotFoundError: Step definition is not found: Given &quot;the configured NATS endpoint is unreachable&quot;. Line 304 in scenario &quot;Both transport and learning substrate unavailable — Jarvis still starts&quot; in the feature &quot;/Users/richardwoollcott/Projects/appmilla_github/jarvis/.guardkit/worktrees/FEAT-J004-702C/features/feat-jarvis-004-fleet-registration-and-specialist-dispatch/feat-jarvis-004-fleet-registration-and-specialist-dispatch.feature&quot;">E   pytest_bdd.exceptions.StepDefinitionNotFoundError: Step definition is not found: Given "the configured NATS endpoint is unreachable". Line 304 in scenario "Both transport and learning substrate unavailable — Jarvis still starts" in the feature "/Users/richardwoollcott/Projects/appmilla_github/jarvis/.guardkit/worktrees/FEAT-J004-702C/features/feat-jarvis-004-fleet-registration-and-specialist-dispatch/feat-jarvis-004-fleet-registration-and-specialist-dispatch.feature"
All traceback entries are hidden. Pass `--full-trace` to see hidden and internal frames.</failure></testcase></testsuite></testsuites>