<?xml version="1.0" encoding="utf-8"?><testsuites name="pytest tests"><testsuite name="pytest" errors="0" failures="1" skipped="0" tests="1" time="0.044" timestamp="2026-04-26T09:49:46.599741+01:00" hostname="Mac"><testcase classname="features.feat-jarvis-003-async-subagent-and-frontier-escape.test_feat_jarvis_003_async_subagent_and_frontier_escape" name="test_building_the_supervisor_without_async_subagents_preserves_existing_behaviour" time="0.023"><failure message="pytest_bdd.exceptions.StepDefinitionNotFoundError: Step definition is not found: Given &quot;Jarvis has started with the FEAT-JARVIS-002 tool surface intact&quot;. Line 27 in scenario &quot;Building the supervisor without async subagents preserves existing behaviour&quot; in the feature &quot;/Users/richardwoollcott/Projects/appmilla_github/jarvis/.guardkit/worktrees/FEAT-J003/features/feat-jarvis-003-async-subagent-and-frontier-escape/feat-jarvis-003-async-subagent-and-frontier-escape.feature&quot;">E   pytest_bdd.exceptions.StepDefinitionNotFoundError: Step definition is not found: Given "Jarvis has started with the FEAT-JARVIS-002 tool surface intact". Line 27 in scenario "Building the supervisor without async subagents preserves existing behaviour" in the feature "/Users/richardwoollcott/Projects/appmilla_github/jarvis/.guardkit/worktrees/FEAT-J003/features/feat-jarvis-003-async-subagent-and-frontier-escape/feat-jarvis-003-async-subagent-and-frontier-escape.feature"
All traceback entries are hidden. Pass `--full-trace` to see hidden and internal frames.</failure></testcase></testsuite></testsuites>