<?xml version="1.0" encoding="utf-8"?><testsuites name="pytest tests"><testsuite name="pytest" errors="0" failures="1" skipped="0" tests="1" time="1.816" timestamp="2026-04-28T13:09:07.712762+01:00" hostname="Richards-MBP"><testcase classname="features.feat-jarvis-004-fleet-registration-and-specialist-dispatch.test_feat_jarvis_004_fleet_registration_and_specialist_dispatch" name="test_shutdown_drains_inflight_dispatches_and_deregisters_from_the_fleet" time="0.033"><failure message="pytest_bdd.exceptions.StepDefinitionNotFoundError: Step definition is not found: Given &quot;Jarvis has been running with at least one in-flight dispatch&quot;. Line 327 in scenario &quot;Shutdown drains in-flight dispatches and deregisters from the fleet&quot; in the feature &quot;/Users/richardwoollcott/Projects/appmilla_github/jarvis/.guardkit/worktrees/FEAT-J004-702C/features/feat-jarvis-004-fleet-registration-and-specialist-dispatch/feat-jarvis-004-fleet-registration-and-specialist-dispatch.feature&quot;">E   pytest_bdd.exceptions.StepDefinitionNotFoundError: Step definition is not found: Given "Jarvis has been running with at least one in-flight dispatch". Line 327 in scenario "Shutdown drains in-flight dispatches and deregisters from the fleet" in the feature "/Users/richardwoollcott/Projects/appmilla_github/jarvis/.guardkit/worktrees/FEAT-J004-702C/features/feat-jarvis-004-fleet-registration-and-specialist-dispatch/feat-jarvis-004-fleet-registration-and-specialist-dispatch.feature"
All traceback entries are hidden. Pass `--full-trace` to see hidden and internal frames.</failure></testcase></testsuite></testsuites>