{"meta": {"format": 3, "version": "7.13.0", "timestamp": "2026-04-28T10:57:04.116350", "branch_coverage": false, "show_contexts": false}, "files": {"src/jarvis/infrastructure/routing_history.py": {"executed_lines": [1, 32, 34, 35, 37, 43, 52, 60, 61, 68, 70, 73, 77, 80, 81, 83, 85, 86, 90, 94, 97, 98, 100, 102, 103, 104, 105, 106, 109, 110, 112, 114, 115, 116, 122, 130, 131, 133, 135, 138, 141, 151, 152, 154, 156, 160, 167, 170, 177, 188, 189, 197, 200, 206, 207, 213, 218, 226, 234, 244, 249, 257, 265, 268, 275, 279, 288, 289, 299, 302, 311, 321, 328, 332, 339, 348, 357, 364, 373, 380, 394], "summary": {"covered_lines": 73, "num_statements": 73, "percent_covered": 100.0, "percent_covered_display": "100", "missing_lines": 0, "excluded_lines": 0, "percent_statements_covered": 100.0, "percent_statements_covered_display": "100"}, "missing_lines": [], "excluded_lines": [], "functions": {"": {"executed_lines": [1, 32, 34, 35, 37, 43, 52, 60, 61, 68, 70, 73, 77, 80, 81, 83, 85, 86, 90, 94, 97, 98, 100, 102, 103, 104, 105, 106, 109, 110, 112, 114, 115, 116, 122, 130, 131, 133, 135, 138, 141, 151, 152, 154, 156, 160, 167, 170, 177, 188, 189, 197, 200, 206, 207, 213, 218, 226, 234, 244, 249, 257, 265, 268, 275, 279, 288, 289, 299, 302, 311, 321, 328, 332, 339, 348, 357, 364, 373, 380, 394], "summary": {"covered_lines": 73, "num_statements": 73, "percent_covered": 100.0, "percent_covered_display": "100", "missing_lines": 0, "excluded_lines": 0, "percent_statements_covered": 100.0, "percent_statements_covered_display": "100"}, "missing_lines": [], "excluded_lines": []}}, "classes": {"TraceRef": {"executed_lines": [], "summary": {"covered_lines": 0, "num_statements": 0, "percent_covered": 100.0, "percent_covered_display": "100", "missing_lines": 0, "excluded_lines": 0, "percent_statements_covered": 100.0, "percent_statements_covered_display": "100"}, "missing_lines": [], "excluded_lines": []}, "ToolCallRecord": {"executed_lines": [], "summary": {"covered_lines": 0, "num_statements": 0, "percent_covered": 100.0, "percent_covered_display": "100", "missing_lines": 0, "excluded_lines": 0, "percent_statements_covered": 100.0, "percent_statements_covered_display": "100"}, "missing_lines": [], "excluded_lines": []}, "ModelCallRecord": {"executed_lines": [], "summary": {"covered_lines": 0, "num_statements": 0, "percent_covered": 100.0, "percent_covered_display": "100", "missing_lines": 0, "excluded_lines": 0, "percent_statements_covered": 100.0, "percent_statements_covered_display": "100"}, "missing_lines": [], "excluded_lines": []}, "CapabilityDescriptorRef": {"executed_lines": [], "summary": {"covered_lines": 0, "num_statements": 0, "percent_covered": 100.0, "percent_covered_display": "100", "missing_lines": 0, "excluded_lines": 0, "percent_statements_covered": 100.0, "percent_statements_covered_display": "100"}, "missing_lines": [], "excluded_lines": []}, "ConcurrentWorkloadSnapshot": {"executed_lines": [], "summary": {"covered_lines": 0, "num_statements": 0, "percent_covered": 100.0, "percent_covered_display": "100", "missing_lines": 0, "excluded_lines": 0, "percent_statements_covered": 100.0, "percent_statements_covered_display": "100"}, "missing_lines": [], "excluded_lines": []}, "RedirectAttempt": {"executed_lines": [], "summary": {"covered_lines": 0, "num_statements": 0, "percent_covered": 100.0, "percent_covered_display": "100", "missing_lines": 0, "excluded_lines": 0, "percent_statements_covered": 100.0, "percent_statements_covered_display": "100"}, "missing_lines": [], "excluded_lines": []}, "JarvisRoutingHistoryEntry": {"executed_lines": [], "summary": {"covered_lines": 0, "num_statements": 0, "percent_covered": 100.0, "percent_covered_display": "100", "missing_lines": 0, "excluded_lines": 0, "percent_statements_covered": 100.0, "percent_statements_covered_display": "100"}, "missing_lines": [], "excluded_lines": []}, "": {"executed_lines": [1, 32, 34, 35, 37, 43, 52, 60, 61, 68, 70, 73, 77, 80, 81, 83, 85, 86, 90, 94, 97, 98, 100, 102, 103, 104, 105, 106, 109, 110, 112, 114, 115, 116, 122, 130, 131, 133, 135, 138, 141, 151, 152, 154, 156, 160, 167, 170, 177, 188, 189, 197, 200, 206, 207, 213, 218, 226, 234, 244, 249, 257, 265, 268, 275, 279, 288, 289, 299, 302, 311, 321, 328, 332, 339, 348, 357, 364, 373, 380, 394], "summary": {"covered_lines": 73, "num_statements": 73, "percent_covered": 100.0, "percent_covered_display": "100", "missing_lines": 0, "excluded_lines": 0, "percent_statements_covered": 100.0, "percent_statements_covered_display": "100"}, "missing_lines": [], "excluded_lines": []}}}}, "totals": {"covered_lines": 73, "num_statements": 73, "percent_covered": 100.0, "percent_covered_display": "100", "missing_lines": 0, "excluded_lines": 0, "percent_statements_covered": 100.0, "percent_statements_covered_display": "100"}}