{"meta": {"format": 3, "version": "7.13.0", "timestamp": "2026-04-26T08:57:32.824435", "branch_coverage": false, "show_contexts": false}, "files": {"src/jarvis/adapters/__init__.py": {"executed_lines": [1, 14, 15, 17], "summary": {"covered_lines": 3, "num_statements": 3, "percent_covered": 100.0, "percent_covered_display": "100", "missing_lines": 0, "excluded_lines": 0, "percent_statements_covered": 100.0, "percent_statements_covered_display": "100"}, "missing_lines": [], "excluded_lines": [], "functions": {"": {"executed_lines": [1, 14, 15, 17], "summary": {"covered_lines": 3, "num_statements": 3, "percent_covered": 100.0, "percent_covered_display": "100", "missing_lines": 0, "excluded_lines": 0, "percent_statements_covered": 100.0, "percent_statements_covered_display": "100"}, "missing_lines": [], "excluded_lines": []}}, "classes": {"": {"executed_lines": [1, 14, 15, 17], "summary": {"covered_lines": 3, "num_statements": 3, "percent_covered": 100.0, "percent_covered_display": "100", "missing_lines": 0, "excluded_lines": 0, "percent_statements_covered": 100.0, "percent_statements_covered_display": "100"}, "missing_lines": [], "excluded_lines": []}}}, "src/jarvis/adapters/llamaswap.py": {"executed_lines": [1, 25, 27, 29, 31, 34, 35, 67, 73, 74, 76, 97, 98, 99], "summary": {"covered_lines": 12, "num_statements": 12, "percent_covered": 100.0, "percent_covered_display": "100", "missing_lines": 0, "excluded_lines": 0, "percent_statements_covered": 100.0, "percent_statements_covered_display": "100"}, "missing_lines": [], "excluded_lines": [], "functions": {"LlamaSwapAdapter.__init__": {"executed_lines": [73, 74], "summary": {"covered_lines": 2, "num_statements": 2, "percent_covered": 100.0, "percent_covered_display": "100", "missing_lines": 0, "excluded_lines": 0, "percent_statements_covered": 100.0, "percent_statements_covered_display": "100"}, "missing_lines": [], "excluded_lines": []}, "LlamaSwapAdapter.get_status": {"executed_lines": [97, 98, 99], "summary": {"covered_lines": 3, "num_statements": 3, "percent_covered": 100.0, "percent_covered_display": "100", "missing_lines": 0, "excluded_lines": 0, "percent_statements_covered": 100.0, "percent_statements_covered_display": "100"}, "missing_lines": [], "excluded_lines": []}, "": {"executed_lines": [1, 25, 27, 29, 31, 34, 35, 67, 76], "summary": {"covered_lines": 7, "num_statements": 7, "percent_covered": 100.0, "percent_covered_display": "100", "missing_lines": 0, "excluded_lines": 0, "percent_statements_covered": 100.0, "percent_statements_covered_display": "100"}, "missing_lines": [], "excluded_lines": []}}, "classes": {"LlamaSwapAdapter": {"executed_lines": [73, 74, 97, 98, 99], "summary": {"covered_lines": 5, "num_statements": 5, "percent_covered": 100.0, "percent_covered_display": "100", "missing_lines": 0, "excluded_lines": 0, "percent_statements_covered": 100.0, "percent_statements_covered_display": "100"}, "missing_lines": [], "excluded_lines": []}, "": {"executed_lines": [1, 25, 27, 29, 31, 34, 35, 67, 76], "summary": {"covered_lines": 7, "num_statements": 7, "percent_covered": 100.0, "percent_covered_display": "100", "missing_lines": 0, "excluded_lines": 0, "percent_statements_covered": 100.0, "percent_statements_covered_display": "100"}, "missing_lines": [], "excluded_lines": []}}}, "src/jarvis/adapters/types.py": {"executed_lines": [1, 18, 20, 22, 24, 27, 28, 44, 46, 47, 48], "summary": {"covered_lines": 9, "num_statements": 9, "percent_covered": 100.0, "percent_covered_display": "100", "missing_lines": 0, "excluded_lines": 0, "percent_statements_covered": 100.0, "percent_statements_covered_display": "100"}, "missing_lines": [], "excluded_lines": [], "functions": {"": {"executed_lines": [1, 18, 20, 22, 24, 27, 28, 44, 46, 47, 48], "summary": {"covered_lines": 9, "num_statements": 9, "percent_covered": 100.0, "percent_covered_display": "100", "missing_lines": 0, "excluded_lines": 0, "percent_statements_covered": 100.0, "percent_statements_covered_display": "100"}, "missing_lines": [], "excluded_lines": []}}, "classes": {"SwapStatus": {"executed_lines": [], "summary": {"covered_lines": 0, "num_statements": 0, "percent_covered": 100.0, "percent_covered_display": "100", "missing_lines": 0, "excluded_lines": 0, "percent_statements_covered": 100.0, "percent_statements_covered_display": "100"}, "missing_lines": [], "excluded_lines": []}, "": {"executed_lines": [1, 18, 20, 22, 24, 27, 28, 44, 46, 47, 48], "summary": {"covered_lines": 9, "num_statements": 9, "percent_covered": 100.0, "percent_covered_display": "100", "missing_lines": 0, "excluded_lines": 0, "percent_statements_covered": 100.0, "percent_statements_covered_display": "100"}, "missing_lines": [], "excluded_lines": []}}}, "src/jarvis/agents/subagents/jarvis_reasoner.py": {"executed_lines": [1, 58, 60, 61, 63, 64, 65, 66, 67, 68, 70, 71, 73, 75, 86, 91, 99, 100, 118, 119, 120, 121, 122, 123, 124, 132, 151, 168, 192, 193, 194, 199, 200, 201, 205, 207, 208, 209, 213, 215, 216, 217, 218, 222, 230, 232, 235, 246, 247, 254, 269, 270, 271, 273, 274, 277, 278, 283, 291, 315, 316, 324, 347, 350, 361, 362, 363, 364, 366, 369, 370, 371, 378, 379, 381, 382, 386, 393], "summary": {"covered_lines": 76, "num_statements": 89, "percent_covered": 85.3932584269663, "percent_covered_display": "85", "missing_lines": 13, "excluded_lines": 0, "percent_statements_covered": 85.3932584269663, "percent_statements_covered_display": "85"}, "missing_lines": [248, 249, 250, 251, 295, 296, 297, 298, 299, 300, 301, 302, 304], "excluded_lines": [], "functions": {"_structured_error": {"executed_lines": [151], "summary": {"covered_lines": 1, "num_statements": 1, "percent_covered": 100.0, "percent_covered_display": "100", "missing_lines": 0, "excluded_lines": 0, "percent_statements_covered": 100.0, "percent_statements_covered_display": "100"}, "missing_lines": [], "excluded_lines": []}, "_resolve_role": {"executed_lines": [192, 193, 194, 199, 200, 201, 205, 207, 208, 209, 213, 215, 216, 217, 218, 222, 230, 232], "summary": {"covered_lines": 18, "num_statements": 18, "percent_covered": 100.0, "percent_covered_display": "100", "missing_lines": 0, "excluded_lines": 0, "percent_statements_covered": 100.0, "percent_statements_covered_display": "100"}, "missing_lines": [], "excluded_lines": []}, "_route_after_resolution": {"executed_lines": [246, 247], "summary": {"covered_lines": 2, "num_statements": 6, "percent_covered": 33.333333333333336, "percent_covered_display": "33", "missing_lines": 4, "excluded_lines": 0, "percent_statements_covered": 33.333333333333336, "percent_statements_covered_display": "33"}, "missing_lines": [248, 249, 250, 251], "excluded_lines": []}, "_make_role_runner": {"executed_lines": [269, 315, 316], "summary": {"covered_lines": 3, "num_statements": 3, "percent_covered": 100.0, "percent_covered_display": "100", "missing_lines": 0, "excluded_lines": 0, "percent_statements_covered": 100.0, "percent_statements_covered_display": "100"}, "missing_lines": [], "excluded_lines": []}, "_make_role_runner._run": {"executed_lines": [270, 271, 273, 274, 277, 278, 283, 291], "summary": {"covered_lines": 8, "num_statements": 17, "percent_covered": 47.05882352941177, "percent_covered_display": "47", "missing_lines": 9, "excluded_lines": 0, "percent_statements_covered": 47.05882352941177, "percent_statements_covered_display": "47"}, "missing_lines": [295, 296, 297, 298, 299, 300, 301, 302, 304], "excluded_lines": []}, "_build_graph": {"executed_lines": [347, 350, 361, 362, 363, 364, 366, 369, 370, 371, 378, 379, 381, 382, 386], "summary": {"covered_lines": 15, "num_statements": 15, "percent_covered": 100.0, "percent_covered_display": "100", "missing_lines": 0, "excluded_lines": 0, "percent_statements_covered": 100.0, "percent_statements_covered_display": "100"}, "missing_lines": [], "excluded_lines": []}, "": {"executed_lines": [1, 58, 60, 61, 63, 64, 65, 66, 67, 68, 70, 71, 73, 75, 86, 91, 99, 100, 118, 119, 120, 121, 122, 123, 124, 132, 168, 235, 254, 324, 393], "summary": {"covered_lines": 29, "num_statements": 29, "percent_covered": 100.0, "percent_covered_display": "100", "missing_lines": 0, "excluded_lines": 0, "percent_statements_covered": 100.0, "percent_statements_covered_display": "100"}, "missing_lines": [], "excluded_lines": []}}, "classes": {"_ReasonerState": {"executed_lines": [], "summary": {"covered_lines": 0, "num_statements": 0, "percent_covered": 100.0, "percent_covered_display": "100", "missing_lines": 0, "excluded_lines": 0, "percent_statements_covered": 100.0, "percent_statements_covered_display": "100"}, "missing_lines": [], "excluded_lines": []}, "": {"executed_lines": [1, 58, 60, 61, 63, 64, 65, 66, 67, 68, 70, 71, 73, 75, 86, 91, 99, 100, 118, 119, 120, 121, 122, 123, 124, 132, 151, 168, 192, 193, 194, 199, 200, 201, 205, 207, 208, 209, 213, 215, 216, 217, 218, 222, 230, 232, 235, 246, 247, 254, 269, 270, 271, 273, 274, 277, 278, 283, 291, 315, 316, 324, 347, 350, 361, 362, 363, 364, 366, 369, 370, 371, 378, 379, 381, 382, 386, 393], "summary": {"covered_lines": 76, "num_statements": 89, "percent_covered": 85.3932584269663, "percent_covered_display": "85", "missing_lines": 13, "excluded_lines": 0, "percent_statements_covered": 85.3932584269663, "percent_statements_covered_display": "85"}, "missing_lines": [248, 249, 250, 251, 295, 296, 297, 298, 299, 300, 301, 302, 304], "excluded_lines": []}}}, "src/jarvis/tools/dispatch.py": {"executed_lines": [1, 49, 51, 52, 53, 54, 55, 56, 57, 59, 60, 61, 62, 64, 65, 66, 72, 80, 81, 82, 87, 100, 101, 125, 143, 158, 161, 203, 204, 359, 360, 509, 512, 513, 517, 518, 521, 540, 548, 551, 563, 564, 565, 566, 573, 575, 580, 582, 583, 587, 588, 593, 600, 602, 603, 610, 612, 619, 622, 635, 636, 637, 638, 645, 647, 652, 654, 655, 660, 661, 662, 663, 664, 665, 669, 676, 678, 679, 686, 688, 695, 698, 699, 747, 748, 750, 751, 752, 753, 761], "summary": {"covered_lines": 89, "num_statements": 166, "percent_covered": 53.6144578313253, "percent_covered_display": "54", "missing_lines": 77, "excluded_lines": 0, "percent_statements_covered": 53.6144578313253, "percent_statements_covered_display": "54"}, "missing_lines": [89, 188, 190, 191, 192, 193, 195, 196, 197, 198, 200, 264, 267, 268, 269, 270, 273, 274, 275, 276, 277, 278, 279, 280, 281, 284, 285, 286, 292, 293, 298, 304, 305, 306, 307, 314, 315, 316, 326, 327, 328, 334, 336, 337, 338, 340, 342, 343, 344, 345, 346, 350, 351, 352, 353, 418, 419, 422, 423, 426, 427, 430, 431, 432, 434, 435, 447, 453, 454, 455, 456, 459, 460, 471, 481, 488, 758], "excluded_lines": [], "functions": {"_now_utc": {"executed_lines": [], "summary": {"covered_lines": 0, "num_statements": 1, "percent_covered": 0.0, "percent_covered_display": "0", "missing_lines": 1, "excluded_lines": 0, "percent_statements_covered": 0.0, "percent_statements_covered_display": "0"}, "missing_lines": [89], "excluded_lines": []}, "_resolve_agent_id": {"executed_lines": [], "summary": {"covered_lines": 0, "num_statements": 10, "percent_covered": 0.0, "percent_covered_display": "0", "missing_lines": 10, "excluded_lines": 0, "percent_statements_covered": 0.0, "percent_statements_covered_display": "0"}, "missing_lines": [188, 190, 191, 192, 193, 195, 196, 197, 198, 200], "excluded_lines": []}, "dispatch_by_capability": {"executed_lines": [], "summary": {"covered_lines": 0, "num_statements": 44, "percent_covered": 0.0, "percent_covered_display": "0", "missing_lines": 44, "excluded_lines": 0, "percent_statements_covered": 0.0, "percent_statements_covered_display": "0"}, "missing_lines": [264, 267, 268, 269, 270, 273, 274, 275, 276, 277, 278, 279, 280, 281, 284, 285, 286, 292, 293, 298, 304, 305, 306, 307, 314, 315, 316, 326, 327, 328, 334, 336, 337, 338, 340, 342, 343, 344, 345, 346, 350, 351, 352, 353], "excluded_lines": []}, "queue_build": {"executed_lines": [], "summary": {"covered_lines": 0, "num_statements": 21, "percent_covered": 0.0, "percent_covered_display": "0", "missing_lines": 21, "excluded_lines": 0, "percent_statements_covered": 0.0, "percent_statements_covered_display": "0"}, "missing_lines": [418, 419, 422, 423, 426, 427, 430, 431, 432, 434, 435, 447, 453, 454, 455, 456, 459, 460, 471, 481, 488], "excluded_lines": []}, "_emit_frontier_log": {"executed_lines": [540, 548], "summary": {"covered_lines": 2, "num_statements": 2, "percent_covered": 100.0, "percent_covered_display": "100", "missing_lines": 0, "excluded_lines": 0, "percent_statements_covered": 100.0, "percent_statements_covered_display": "100"}, "missing_lines": [], "excluded_lines": []}, "_escalate_gemini": {"executed_lines": [563, 564, 565, 566, 573, 575, 580, 582, 583, 587, 588, 593, 600, 602, 603, 610, 612, 619], "summary": {"covered_lines": 18, "num_statements": 18, "percent_covered": 100.0, "percent_covered_display": "100", "missing_lines": 0, "excluded_lines": 0, "percent_statements_covered": 100.0, "percent_statements_covered_display": "100"}, "missing_lines": [], "excluded_lines": []}, "_escalate_opus": {"executed_lines": [635, 636, 637, 638, 645, 647, 652, 654, 655, 660, 661, 662, 663, 664, 665, 669, 676, 678, 679, 686, 688, 695], "summary": {"covered_lines": 22, "num_statements": 22, "percent_covered": 100.0, "percent_covered_display": "100", "missing_lines": 0, "excluded_lines": 0, "percent_statements_covered": 100.0, "percent_statements_covered_display": "100"}, "missing_lines": [], "excluded_lines": []}, "escalate_to_frontier": {"executed_lines": [747, 748, 750, 751, 752, 753], "summary": {"covered_lines": 6, "num_statements": 7, "percent_covered": 85.71428571428571, "percent_covered_display": "86", "missing_lines": 1, "excluded_lines": 0, "percent_statements_covered": 85.71428571428571, "percent_statements_covered_display": "86"}, "missing_lines": [758], "excluded_lines": []}, "": {"executed_lines": [1, 49, 51, 52, 53, 54, 55, 56, 57, 59, 60, 61, 62, 64, 65, 66, 72, 80, 81, 82, 87, 100, 101, 125, 143, 158, 161, 203, 204, 359, 360, 509, 512, 513, 517, 518, 521, 551, 622, 698, 699, 761], "summary": {"covered_lines": 41, "num_statements": 41, "percent_covered": 100.0, "percent_covered_display": "100", "missing_lines": 0, "excluded_lines": 0, "percent_statements_covered": 100.0, "percent_statements_covered_display": "100"}, "missing_lines": [], "excluded_lines": []}}, "classes": {"": {"executed_lines": [1, 49, 51, 52, 53, 54, 55, 56, 57, 59, 60, 61, 62, 64, 65, 66, 72, 80, 81, 82, 87, 100, 101, 125, 143, 158, 161, 203, 204, 359, 360, 509, 512, 513, 517, 518, 521, 540, 548, 551, 563, 564, 565, 566, 573, 575, 580, 582, 583, 587, 588, 593, 600, 602, 603, 610, 612, 619, 622, 635, 636, 637, 638, 645, 647, 652, 654, 655, 660, 661, 662, 663, 664, 665, 669, 676, 678, 679, 686, 688, 695, 698, 699, 747, 748, 750, 751, 752, 753, 761], "summary": {"covered_lines": 89, "num_statements": 166, "percent_covered": 53.6144578313253, "percent_covered_display": "54", "missing_lines": 77, "excluded_lines": 0, "percent_statements_covered": 53.6144578313253, "percent_statements_covered_display": "54"}, "missing_lines": [89, 188, 190, 191, 192, 193, 195, 196, 197, 198, 200, 264, 267, 268, 269, 270, 273, 274, 275, 276, 277, 278, 279, 280, 281, 284, 285, 286, 292, 293, 298, 304, 305, 306, 307, 314, 315, 316, 326, 327, 328, 334, 336, 337, 338, 340, 342, 343, 344, 345, 346, 350, 351, 352, 353, 418, 419, 422, 423, 426, 427, 430, 431, 432, 434, 435, 447, 453, 454, 455, 456, 459, 460, 471, 481, 488, 758], "excluded_lines": []}}}}, "totals": {"covered_lines": 189, "num_statements": 279, "percent_covered": 67.74193548387096, "percent_covered_display": "68", "missing_lines": 90, "excluded_lines": 0, "percent_statements_covered": 67.74193548387096, "percent_statements_covered_display": "68"}}